[0.134s] Invoking command in '/home/bhanu/ros2_cpp/build/ros2_cpp_pkg': CMAKE_PREFIX_PATH=${CMAKE_PREFIX_PATH}:/home/bhanu/ros2_ws/install/my_robot_controller:/opt/ros/humble /usr/bin/cmake --build /home/bhanu/ros2_cpp/build/ros2_cpp_pkg -- -j4 -l4
[0.197s] [35m[1mConsolidate compiler generated dependencies of target ros2_cpp_code[0m
[0.230s] [ 50%] Built target draw_circle
[0.233s] [ 75%] [32mBuilding CXX object CMakeFiles/ros2_cpp_code.dir/src/ros2_cpp_code.cpp.o[0m
[3.801s] [01m[K/home/bhanu/ros2_cpp/src/ros2_cpp_pkg/src/ros2_cpp_code.cpp:[m[K In lambda function:
[3.801s] [01m[K/home/bhanu/ros2_cpp/src/ros2_cpp_pkg/src/ros2_cpp_code.cpp:88:41:[m[K [01;35m[Kwarning: [m[Kunused parameter ‘[01m[Kconfig[m[K’ [[01;35m[K]8;;https://gcc.gnu.org/onlinedocs/gcc/Warning-Options.html#index-Wunused-parameter-Wunused-parameter]8;;[m[K]
[3.801s]    88 |         []([01;35m[Kconst BT::NodeConfiguration& config[m[K) {
[3.802s]       |            [01;35m[K~~~~~~~~~~~~~~~~~~~~~~~~~~~~~^~~~~~[m[K
[4.881s] In file included from [01m[K/usr/local/include/behaviortree_cpp/control_node.h:17[m[K,
[4.881s]                  from [01m[K/usr/local/include/behaviortree_cpp/controls/parallel_node.h:17[m[K,
[4.881s]                  from [01m[K/usr/local/include/behaviortree_cpp/behavior_tree.h:16[m[K,
[4.881s]                  from [01m[K/usr/local/include/behaviortree_cpp/bt_factory.h:27[m[K,
[4.881s]                  from [01m[K/home/bhanu/ros2_cpp/src/ros2_cpp_pkg/src/ros2_cpp_code.cpp:1[m[K:
[4.881s] /usr/local/include/behaviortree_cpp/tree_node.h: In instantiation of ‘[01m[Kstatic std::unique_ptr<BT::TreeNode> BT::TreeNode::Instantiate(const string&, const BT::NodeConfig&, ExtraArgs ...) [with DerivedT = MoveForward; ExtraArgs = {main()::<lambda(const NodeConfiguration&)>}; std::string = std::__cxx11::basic_string<char>][m[K’:
[4.881s] [01m[K/usr/local/include/behaviortree_cpp/bt_factory.h:39:45:[m[K   required from ‘[01m[KBT::NodeBuilder BT::CreateBuilder(Args ...) [with T = MoveForward; Args = {main()::<lambda(const NodeConfiguration&)>}; BT::NodeBuilder = std::function<std::unique_ptr<BT::TreeNode>(const std::__cxx11::basic_string<char>&, const BT::NodeConfig&)>][m[K’
[4.881s] [01m[K/usr/local/include/behaviortree_cpp/bt_factory.h:351:67:[m[K   required from ‘[01m[Kvoid BT::BehaviorTreeFactory::registerNodeType(const string&, const PortsList&, ExtraArgs ...) [with T = MoveForward; ExtraArgs = {main()::<lambda(const NodeConfiguration&)>}; std::string = std::__cxx11::basic_string<char>; BT::PortsList = std::unordered_map<std::__cxx11::basic_string<char>, BT::PortInfo>][m[K’
[4.881s] [01m[K/usr/local/include/behaviortree_cpp/bt_factory.h:379:24:[m[K   required from ‘[01m[Kvoid BT::BehaviorTreeFactory::registerNodeType(const string&, ExtraArgs ...) [with T = MoveForward; ExtraArgs = {main()::<lambda(const NodeConfiguration&)>}; std::string = std::__cxx11::basic_string<char>][m[K’
[4.881s] [01m[K/home/bhanu/ros2_cpp/src/ros2_cpp_pkg/src/ros2_cpp_code.cpp:87:42:[m[K   required from here
[4.881s] [01m[K/usr/local/include/behaviortree_cpp/tree_node.h:321:23:[m[K [01;31m[Kerror: [m[Kno matching function for call to ‘[01m[KMoveForward::MoveForward(const string&, main()::<lambda(const NodeConfiguration&)>&)[m[K’
[4.881s]   321 |       auto node_ptr = [01;31m[Knew DerivedT(name, args...)[m[K;
[4.882s]       |                       [01;31m[K^~~~~~~~~~~~~~~~~~~~~~~~~~~[m[K
[4.882s] [01m[K/home/bhanu/ros2_cpp/src/ros2_cpp_pkg/src/ros2_cpp_code.cpp:21:5:[m[K [01;36m[Knote: [m[Kcandidate: ‘[01m[KMoveForward::MoveForward(const string&)[m[K’
[4.882s]    21 |     [01;36m[KMoveForward[m[K(const std::string& name)
[4.882s]       |     [01;36m[K^~~~~~~~~~~[m[K
[4.882s] [01m[K/home/bhanu/ros2_cpp/src/ros2_cpp_pkg/src/ros2_cpp_code.cpp:21:5:[m[K [01;36m[Knote: [m[K  candidate expects 1 argument, 2 provided
[4.882s] [01m[K/home/bhanu/ros2_cpp/src/ros2_cpp_pkg/src/ros2_cpp_code.cpp:14:5:[m[K [01;36m[Knote: [m[Kcandidate: ‘[01m[KMoveForward::MoveForward(const string&, const NodeConfiguration&)[m[K’
[4.882s]    14 |     [01;36m[KMoveForward[m[K(const std::string& name, const BT::NodeConfiguration& config)
[4.882s]       |     [01;36m[K^~~~~~~~~~~[m[K
[4.882s] [01m[K/home/bhanu/ros2_cpp/src/ros2_cpp_pkg/src/ros2_cpp_code.cpp:14:71:[m[K [01;36m[Knote: [m[K  no known conversion for argument 2 from ‘[01m[Kmain()::<lambda(const NodeConfiguration&)>[m[K’ to ‘[01m[Kconst NodeConfiguration&[m[K’ {aka ‘[01m[Kconst BT::NodeConfig&[m[K’}
[4.882s]    14 |     MoveForward(const std::string& name, [01;36m[Kconst BT::NodeConfiguration& config[m[K)
[4.883s]       |                                          [01;36m[K~~~~~~~~~~~~~~~~~~~~~~~~~~~~~^~~~~~[m[K
[5.610s] gmake[2]: *** [CMakeFiles/ros2_cpp_code.dir/build.make:76: CMakeFiles/ros2_cpp_code.dir/src/ros2_cpp_code.cpp.o] Error 1
[5.611s] gmake[1]: *** [CMakeFiles/Makefile2:139: CMakeFiles/ros2_cpp_code.dir/all] Error 2
[5.611s] gmake: *** [Makefile:146: all] Error 2
[5.614s] Invoked command in '/home/bhanu/ros2_cpp/build/ros2_cpp_pkg' returned '2': CMAKE_PREFIX_PATH=${CMAKE_PREFIX_PATH}:/home/bhanu/ros2_ws/install/my_robot_controller:/opt/ros/humble /usr/bin/cmake --build /home/bhanu/ros2_cpp/build/ros2_cpp_pkg -- -j4 -l4
