[2.089s] DEBUG:colcon:Command line arguments: ['/usr/bin/colcon', 'build', '--symlink-install']
[2.090s] DEBUG:colcon:Parsed command line arguments: Namespace(log_base=None, log_level=None, verb_name='build', build_base='build', install_base='install', merge_install=False, symlink_install=True, test_result_base=None, continue_on_error=False, executor='parallel', parallel_workers=4, event_handlers=None, ignore_user_meta=False, metas=['./colcon.meta'], base_paths=['.'], packages_ignore=None, packages_ignore_regex=None, paths=None, packages_up_to=None, packages_up_to_regex=None, packages_above=None, packages_above_and_dependencies=None, packages_above_depth=None, packages_select_by_dep=None, packages_skip_by_dep=None, packages_skip_up_to=None, packages_select_build_failed=False, packages_skip_build_finished=False, packages_select_test_failures=False, packages_skip_test_passed=False, packages_select=None, packages_skip=None, packages_select_regex=None, packages_skip_regex=None, packages_start=None, packages_end=None, allow_overriding=[], cmake_args=None, cmake_target=None, cmake_target_skip_unavailable=False, cmake_clean_cache=False, cmake_clean_first=False, cmake_force_configure=False, ament_cmake_args=None, catkin_cmake_args=None, catkin_skip_building_tests=False, verb_parser=<colcon_defaults.argument_parser.defaults.DefaultArgumentsDecorator object at 0x7fb60ecde8f0>, verb_extension=<colcon_core.verb.build.BuildVerb object at 0x7fb60ecde050>, main=<bound method BuildVerb.main of <colcon_core.verb.build.BuildVerb object at 0x7fb60ecde050>>)
[2.175s] Level 1:colcon.colcon_core.package_discovery:discover_packages(colcon_meta) check parameters
[2.175s] Level 1:colcon.colcon_core.package_discovery:discover_packages(recursive) check parameters
[2.175s] Level 1:colcon.colcon_core.package_discovery:discover_packages(ignore) check parameters
[2.175s] Level 1:colcon.colcon_core.package_discovery:discover_packages(path) check parameters
[2.175s] Level 1:colcon.colcon_core.package_discovery:discover_packages(colcon_meta) discover
[2.176s] Level 1:colcon.colcon_core.package_discovery:discover_packages(recursive) discover
[2.176s] INFO:colcon.colcon_core.package_discovery:Crawling recursively for packages in '/home/bhanu/ros2_cpp'
[2.176s] Level 1:colcon.colcon_core.package_identification:_identify(.) by extensions ['ignore', 'ignore_ament_install']
[2.176s] Level 1:colcon.colcon_core.package_identification:_identify(.) by extension 'ignore'
[2.176s] Level 1:colcon.colcon_core.package_identification:_identify(.) by extension 'ignore_ament_install'
[2.176s] Level 1:colcon.colcon_core.package_identification:_identify(.) by extensions ['colcon_pkg']
[2.176s] Level 1:colcon.colcon_core.package_identification:_identify(.) by extension 'colcon_pkg'
[2.176s] Level 1:colcon.colcon_core.package_identification:_identify(.) by extensions ['colcon_meta']
[2.176s] Level 1:colcon.colcon_core.package_identification:_identify(.) by extension 'colcon_meta'
[2.176s] Level 1:colcon.colcon_core.package_identification:_identify(.) by extensions ['ros']
[2.176s] Level 1:colcon.colcon_core.package_identification:_identify(.) by extension 'ros'
[2.203s] Level 1:colcon.colcon_core.package_identification:_identify(.) by extensions ['cmake', 'python']
[2.203s] Level 1:colcon.colcon_core.package_identification:_identify(.) by extension 'cmake'
[2.204s] Level 1:colcon.colcon_core.package_identification:_identify(.) by extension 'python'
[2.204s] Level 1:colcon.colcon_core.package_identification:_identify(.) by extensions ['python_setup_py']
[2.204s] Level 1:colcon.colcon_core.package_identification:_identify(.) by extension 'python_setup_py'
[2.204s] Level 1:colcon.colcon_core.package_identification:_identify(build) by extensions ['ignore', 'ignore_ament_install']
[2.204s] Level 1:colcon.colcon_core.package_identification:_identify(build) by extension 'ignore'
[2.204s] Level 1:colcon.colcon_core.package_identification:_identify(build) ignored
[2.204s] Level 1:colcon.colcon_core.package_identification:_identify(install) by extensions ['ignore', 'ignore_ament_install']
[2.204s] Level 1:colcon.colcon_core.package_identification:_identify(install) by extension 'ignore'
[2.204s] Level 1:colcon.colcon_core.package_identification:_identify(install) ignored
[2.205s] Level 1:colcon.colcon_core.package_identification:_identify(log) by extensions ['ignore', 'ignore_ament_install']
[2.205s] Level 1:colcon.colcon_core.package_identification:_identify(log) by extension 'ignore'
[2.205s] Level 1:colcon.colcon_core.package_identification:_identify(log) ignored
[2.205s] Level 1:colcon.colcon_core.package_identification:_identify(src) by extensions ['ignore', 'ignore_ament_install']
[2.205s] Level 1:colcon.colcon_core.package_identification:_identify(src) by extension 'ignore'
[2.205s] Level 1:colcon.colcon_core.package_identification:_identify(src) by extension 'ignore_ament_install'
[2.205s] Level 1:colcon.colcon_core.package_identification:_identify(src) by extensions ['colcon_pkg']
[2.205s] Level 1:colcon.colcon_core.package_identification:_identify(src) by extension 'colcon_pkg'
[2.205s] Level 1:colcon.colcon_core.package_identification:_identify(src) by extensions ['colcon_meta']
[2.206s] Level 1:colcon.colcon_core.package_identification:_identify(src) by extension 'colcon_meta'
[2.206s] Level 1:colcon.colcon_core.package_identification:_identify(src) by extensions ['ros']
[2.206s] Level 1:colcon.colcon_core.package_identification:_identify(src) by extension 'ros'
[2.206s] Level 1:colcon.colcon_core.package_identification:_identify(src) by extensions ['cmake', 'python']
[2.206s] Level 1:colcon.colcon_core.package_identification:_identify(src) by extension 'cmake'
[2.206s] Level 1:colcon.colcon_core.package_identification:_identify(src) by extension 'python'
[2.206s] Level 1:colcon.colcon_core.package_identification:_identify(src) by extensions ['python_setup_py']
[2.206s] Level 1:colcon.colcon_core.package_identification:_identify(src) by extension 'python_setup_py'
[2.206s] Level 1:colcon.colcon_core.package_identification:_identify(src/ros2_cpp_pkg) by extensions ['ignore', 'ignore_ament_install']
[2.206s] Level 1:colcon.colcon_core.package_identification:_identify(src/ros2_cpp_pkg) by extension 'ignore'
[2.206s] Level 1:colcon.colcon_core.package_identification:_identify(src/ros2_cpp_pkg) by extension 'ignore_ament_install'
[2.206s] Level 1:colcon.colcon_core.package_identification:_identify(src/ros2_cpp_pkg) by extensions ['colcon_pkg']
[2.206s] Level 1:colcon.colcon_core.package_identification:_identify(src/ros2_cpp_pkg) by extension 'colcon_pkg'
[2.207s] Level 1:colcon.colcon_core.package_identification:_identify(src/ros2_cpp_pkg) by extensions ['colcon_meta']
[2.207s] Level 1:colcon.colcon_core.package_identification:_identify(src/ros2_cpp_pkg) by extension 'colcon_meta'
[2.207s] Level 1:colcon.colcon_core.package_identification:_identify(src/ros2_cpp_pkg) by extensions ['ros']
[2.207s] Level 1:colcon.colcon_core.package_identification:_identify(src/ros2_cpp_pkg) by extension 'ros'
[2.211s] DEBUG:colcon.colcon_core.package_identification:Package 'src/ros2_cpp_pkg' with type 'ros.ament_cmake' and name 'ros2_cpp_pkg'
[2.211s] Level 1:colcon.colcon_core.package_discovery:discover_packages(recursive) using defaults
[2.211s] Level 1:colcon.colcon_core.package_discovery:discover_packages(ignore) discover
[2.211s] Level 1:colcon.colcon_core.package_discovery:discover_packages(ignore) using defaults
[2.212s] Level 1:colcon.colcon_core.package_discovery:discover_packages(path) discover
[2.212s] Level 1:colcon.colcon_core.package_discovery:discover_packages(path) using defaults
[2.389s] Level 1:colcon.colcon_core.package_discovery:discover_packages(prefix_path) check parameters
[2.389s] Level 1:colcon.colcon_core.package_discovery:discover_packages(prefix_path) discover
[2.450s] DEBUG:colcon.colcon_installed_package_information.package_discovery:Found 1 installed packages in /home/bhanu/ros2_ws/install
[2.479s] DEBUG:colcon.colcon_installed_package_information.package_discovery:Found 270 installed packages in /opt/ros/humble
[2.482s] Level 1:colcon.colcon_core.package_discovery:discover_packages(prefix_path) using defaults
[2.678s] Level 5:colcon.colcon_core.verb:set package 'ros2_cpp_pkg' build argument 'cmake_args' from command line to 'None'
[2.678s] Level 5:colcon.colcon_core.verb:set package 'ros2_cpp_pkg' build argument 'cmake_target' from command line to 'None'
[2.678s] Level 5:colcon.colcon_core.verb:set package 'ros2_cpp_pkg' build argument 'cmake_target_skip_unavailable' from command line to 'False'
[2.678s] Level 5:colcon.colcon_core.verb:set package 'ros2_cpp_pkg' build argument 'cmake_clean_cache' from command line to 'False'
[2.678s] Level 5:colcon.colcon_core.verb:set package 'ros2_cpp_pkg' build argument 'cmake_clean_first' from command line to 'False'
[2.679s] Level 5:colcon.colcon_core.verb:set package 'ros2_cpp_pkg' build argument 'cmake_force_configure' from command line to 'False'
[2.679s] Level 5:colcon.colcon_core.verb:set package 'ros2_cpp_pkg' build argument 'ament_cmake_args' from command line to 'None'
[2.679s] Level 5:colcon.colcon_core.verb:set package 'ros2_cpp_pkg' build argument 'catkin_cmake_args' from command line to 'None'
[2.679s] Level 5:colcon.colcon_core.verb:set package 'ros2_cpp_pkg' build argument 'catkin_skip_building_tests' from command line to 'False'
[2.679s] DEBUG:colcon.colcon_core.verb:Building package 'ros2_cpp_pkg' with the following arguments: {'ament_cmake_args': None, 'build_base': '/home/bhanu/ros2_cpp/build/ros2_cpp_pkg', 'catkin_cmake_args': None, 'catkin_skip_building_tests': False, 'cmake_args': None, 'cmake_clean_cache': False, 'cmake_clean_first': False, 'cmake_force_configure': False, 'cmake_target': None, 'cmake_target_skip_unavailable': False, 'install_base': '/home/bhanu/ros2_cpp/install/ros2_cpp_pkg', 'merge_install': False, 'path': '/home/bhanu/ros2_cpp/src/ros2_cpp_pkg', 'symlink_install': True, 'test_result_base': None}
[2.710s] INFO:colcon.colcon_core.executor:Executing jobs using 'parallel' executor
[2.742s] DEBUG:colcon.colcon_parallel_executor.executor.parallel:run_until_complete
[2.742s] INFO:colcon.colcon_ros.task.ament_cmake.build:Building ROS package in '/home/bhanu/ros2_cpp/src/ros2_cpp_pkg' with build type 'ament_cmake'
[2.743s] INFO:colcon.colcon_cmake.task.cmake.build:Building CMake package in '/home/bhanu/ros2_cpp/src/ros2_cpp_pkg'
[2.788s] INFO:colcon.colcon_core.plugin_system:Skipping extension 'colcon_core.shell.bat': Not used on non-Windows systems
[2.788s] INFO:colcon.colcon_core.shell:Skip shell extension 'powershell' for command environment: Not usable outside of PowerShell
[2.788s] DEBUG:colcon.colcon_core.shell:Skip shell extension 'dsv' for command environment
[2.892s] DEBUG:colcon.colcon_core.event_handler.log_command:Invoking command in '/home/bhanu/ros2_cpp/build/ros2_cpp_pkg': CMAKE_PREFIX_PATH=/home/bhanu/ros2_ws/install/my_robot_controller:/opt/ros/humble /usr/bin/cmake --build /home/bhanu/ros2_cpp/build/ros2_cpp_pkg -- -j4 -l4
[15.199s] DEBUG:colcon.colcon_core.event_handler.log_command:Invoked command in '/home/bhanu/ros2_cpp/build/ros2_cpp_pkg' returned '0': CMAKE_PREFIX_PATH=/home/bhanu/ros2_ws/install/my_robot_controller:/opt/ros/humble /usr/bin/cmake --build /home/bhanu/ros2_cpp/build/ros2_cpp_pkg -- -j4 -l4
[15.263s] DEBUG:colcon.colcon_core.event_handler.log_command:Invoking command in '/home/bhanu/ros2_cpp/build/ros2_cpp_pkg': CMAKE_PREFIX_PATH=/home/bhanu/ros2_ws/install/my_robot_controller:/opt/ros/humble /usr/bin/cmake --install /home/bhanu/ros2_cpp/build/ros2_cpp_pkg
[15.308s] Level 1:colcon.colcon_core.environment:create_environment_scripts_only(ros2_cpp_pkg)
[15.309s] DEBUG:colcon.colcon_core.event_handler.log_command:Invoked command in '/home/bhanu/ros2_cpp/build/ros2_cpp_pkg' returned '0': CMAKE_PREFIX_PATH=/home/bhanu/ros2_ws/install/my_robot_controller:/opt/ros/humble /usr/bin/cmake --install /home/bhanu/ros2_cpp/build/ros2_cpp_pkg
[15.344s] Level 1:colcon.colcon_core.environment:checking '/home/bhanu/ros2_cpp/install/ros2_cpp_pkg' for CMake module files
[15.346s] Level 1:colcon.colcon_core.environment:checking '/home/bhanu/ros2_cpp/install/ros2_cpp_pkg' for CMake config files
[15.346s] Level 1:colcon.colcon_core.shell:create_environment_hook('ros2_cpp_pkg', 'cmake_prefix_path')
[15.372s] INFO:colcon.colcon_core.shell:Creating environment hook '/home/bhanu/ros2_cpp/install/ros2_cpp_pkg/share/ros2_cpp_pkg/hook/cmake_prefix_path.ps1'
[15.374s] INFO:colcon.colcon_core.shell:Creating environment descriptor '/home/bhanu/ros2_cpp/install/ros2_cpp_pkg/share/ros2_cpp_pkg/hook/cmake_prefix_path.dsv'
[15.375s] INFO:colcon.colcon_core.shell:Creating environment hook '/home/bhanu/ros2_cpp/install/ros2_cpp_pkg/share/ros2_cpp_pkg/hook/cmake_prefix_path.sh'
[15.376s] Level 1:colcon.colcon_core.environment:checking '/home/bhanu/ros2_cpp/install/ros2_cpp_pkg/lib'
[15.377s] Level 1:colcon.colcon_core.environment:checking '/home/bhanu/ros2_cpp/install/ros2_cpp_pkg/bin'
[15.377s] Level 1:colcon.colcon_core.environment:checking '/home/bhanu/ros2_cpp/install/ros2_cpp_pkg/lib/pkgconfig/ros2_cpp_pkg.pc'
[15.377s] Level 1:colcon.colcon_core.environment:checking '/home/bhanu/ros2_cpp/install/ros2_cpp_pkg/lib/python3.10/site-packages'
[15.378s] Level 1:colcon.colcon_core.environment:checking '/home/bhanu/ros2_cpp/install/ros2_cpp_pkg/bin'
[15.407s] INFO:colcon.colcon_core.shell:Creating package script '/home/bhanu/ros2_cpp/install/ros2_cpp_pkg/share/ros2_cpp_pkg/package.ps1'
[15.409s] INFO:colcon.colcon_core.shell:Creating package descriptor '/home/bhanu/ros2_cpp/install/ros2_cpp_pkg/share/ros2_cpp_pkg/package.dsv'
[15.410s] INFO:colcon.colcon_core.shell:Creating package script '/home/bhanu/ros2_cpp/install/ros2_cpp_pkg/share/ros2_cpp_pkg/package.sh'
[15.411s] INFO:colcon.colcon_core.shell:Creating package script '/home/bhanu/ros2_cpp/install/ros2_cpp_pkg/share/ros2_cpp_pkg/package.bash'
[15.412s] INFO:colcon.colcon_core.shell:Creating package script '/home/bhanu/ros2_cpp/install/ros2_cpp_pkg/share/ros2_cpp_pkg/package.zsh'
[15.414s] Level 1:colcon.colcon_core.environment:create_file_with_runtime_dependencies(/home/bhanu/ros2_cpp/install/ros2_cpp_pkg/share/colcon-core/packages/ros2_cpp_pkg)
[15.488s] Level 1:colcon.colcon_core.environment:create_environment_scripts_only(ros2_cpp_pkg)
[15.513s] Level 1:colcon.colcon_core.environment:checking '/home/bhanu/ros2_cpp/install/ros2_cpp_pkg' for CMake module files
[15.514s] Level 1:colcon.colcon_core.environment:checking '/home/bhanu/ros2_cpp/install/ros2_cpp_pkg' for CMake config files
[15.515s] Level 1:colcon.colcon_core.shell:create_environment_hook('ros2_cpp_pkg', 'cmake_prefix_path')
[15.541s] INFO:colcon.colcon_core.shell:Creating environment hook '/home/bhanu/ros2_cpp/install/ros2_cpp_pkg/share/ros2_cpp_pkg/hook/cmake_prefix_path.ps1'
[15.542s] INFO:colcon.colcon_core.shell:Creating environment descriptor '/home/bhanu/ros2_cpp/install/ros2_cpp_pkg/share/ros2_cpp_pkg/hook/cmake_prefix_path.dsv'
[15.543s] INFO:colcon.colcon_core.shell:Creating environment hook '/home/bhanu/ros2_cpp/install/ros2_cpp_pkg/share/ros2_cpp_pkg/hook/cmake_prefix_path.sh'
[15.543s] Level 1:colcon.colcon_core.environment:checking '/home/bhanu/ros2_cpp/install/ros2_cpp_pkg/lib'
[15.544s] Level 1:colcon.colcon_core.environment:checking '/home/bhanu/ros2_cpp/install/ros2_cpp_pkg/bin'
[15.544s] Level 1:colcon.colcon_core.environment:checking '/home/bhanu/ros2_cpp/install/ros2_cpp_pkg/lib/pkgconfig/ros2_cpp_pkg.pc'
[15.544s] Level 1:colcon.colcon_core.environment:checking '/home/bhanu/ros2_cpp/install/ros2_cpp_pkg/lib/python3.10/site-packages'
[15.545s] Level 1:colcon.colcon_core.environment:checking '/home/bhanu/ros2_cpp/install/ros2_cpp_pkg/bin'
[15.571s] INFO:colcon.colcon_core.shell:Creating package script '/home/bhanu/ros2_cpp/install/ros2_cpp_pkg/share/ros2_cpp_pkg/package.ps1'
[15.572s] INFO:colcon.colcon_core.shell:Creating package descriptor '/home/bhanu/ros2_cpp/install/ros2_cpp_pkg/share/ros2_cpp_pkg/package.dsv'
[15.573s] INFO:colcon.colcon_core.shell:Creating package script '/home/bhanu/ros2_cpp/install/ros2_cpp_pkg/share/ros2_cpp_pkg/package.sh'
[15.574s] INFO:colcon.colcon_core.shell:Creating package script '/home/bhanu/ros2_cpp/install/ros2_cpp_pkg/share/ros2_cpp_pkg/package.bash'
[15.575s] INFO:colcon.colcon_core.shell:Creating package script '/home/bhanu/ros2_cpp/install/ros2_cpp_pkg/share/ros2_cpp_pkg/package.zsh'
[15.575s] Level 1:colcon.colcon_core.environment:create_file_with_runtime_dependencies(/home/bhanu/ros2_cpp/install/ros2_cpp_pkg/share/colcon-core/packages/ros2_cpp_pkg)
[15.576s] DEBUG:colcon.colcon_parallel_executor.executor.parallel:closing loop
[15.577s] DEBUG:colcon.colcon_parallel_executor.executor.parallel:loop closed
[15.577s] DEBUG:colcon.colcon_parallel_executor.executor.parallel:run_until_complete finished with '0'
[15.577s] DEBUG:colcon.colcon_core.event_reactor:joining thread
[15.612s] INFO:colcon.colcon_core.plugin_system:Skipping extension 'colcon_notification.desktop_notification.terminal_notifier': Not used on non-Darwin systems
[15.612s] INFO:colcon.colcon_core.plugin_system:Skipping extension 'colcon_notification.desktop_notification.win32': Not used on non-Windows systems
[15.612s] INFO:colcon.colcon_notification.desktop_notification:Sending desktop notification using 'notify2'
[15.631s] DEBUG:colcon.colcon_core.event_reactor:joined thread
[15.683s] INFO:colcon.colcon_core.shell:Creating prefix script '/home/bhanu/ros2_cpp/install/local_setup.ps1'
[15.684s] INFO:colcon.colcon_core.shell:Creating prefix util module '/home/bhanu/ros2_cpp/install/_local_setup_util_ps1.py'
[15.686s] INFO:colcon.colcon_core.shell:Creating prefix chain script '/home/bhanu/ros2_cpp/install/setup.ps1'
[15.720s] INFO:colcon.colcon_core.shell:Creating prefix script '/home/bhanu/ros2_cpp/install/local_setup.sh'
[15.722s] INFO:colcon.colcon_core.shell:Creating prefix util module '/home/bhanu/ros2_cpp/install/_local_setup_util_sh.py'
[15.722s] INFO:colcon.colcon_core.shell:Creating prefix chain script '/home/bhanu/ros2_cpp/install/setup.sh'
[15.756s] INFO:colcon.colcon_core.shell:Creating prefix script '/home/bhanu/ros2_cpp/install/local_setup.bash'
[15.757s] INFO:colcon.colcon_core.shell:Creating prefix chain script '/home/bhanu/ros2_cpp/install/setup.bash'
[15.786s] INFO:colcon.colcon_core.shell:Creating prefix script '/home/bhanu/ros2_cpp/install/local_setup.zsh'
[15.787s] INFO:colcon.colcon_core.shell:Creating prefix chain script '/home/bhanu/ros2_cpp/install/setup.zsh'
