[1.035s] DEBUG:colcon:Command line arguments: ['/usr/bin/colcon', 'build']
[1.035s] DEBUG:colcon:Parsed command line arguments: Namespace(log_base=None, log_level=None, verb_name='build', build_base='build', install_base='install', merge_install=False, symlink_install=False, test_result_base=None, continue_on_error=False, executor='parallel', parallel_workers=2, event_handlers=None, ignore_user_meta=False, metas=['./colcon.meta'], base_paths=['.'], packages_ignore=None, packages_ignore_regex=None, paths=None, packages_up_to=None, packages_up_to_regex=None, packages_above=None, packages_above_and_dependencies=None, packages_above_depth=None, packages_select_by_dep=None, packages_skip_by_dep=None, packages_skip_up_to=None, packages_select_build_failed=False, packages_skip_build_finished=False, packages_select_test_failures=False, packages_skip_test_passed=False, packages_select=None, packages_skip=None, packages_select_regex=None, packages_skip_regex=None, packages_start=None, packages_end=None, allow_overriding=[], cmake_args=None, cmake_target=None, cmake_target_skip_unavailable=False, cmake_clean_cache=False, cmake_clean_first=False, cmake_force_configure=False, ament_cmake_args=None, catkin_cmake_args=None, catkin_skip_building_tests=False, verb_parser=<colcon_defaults.argument_parser.defaults.DefaultArgumentsDecorator object at 0xffffaecf6b60>, verb_extension=<colcon_core.verb.build.BuildVerb object at 0xffffaecf5ea0>, main=<bound method BuildVerb.main of <colcon_core.verb.build.BuildVerb object at 0xffffaecf5ea0>>)
[1.089s] Level 1:colcon.colcon_core.package_discovery:discover_packages(colcon_meta) check parameters
[1.089s] Level 1:colcon.colcon_core.package_discovery:discover_packages(recursive) check parameters
[1.089s] Level 1:colcon.colcon_core.package_discovery:discover_packages(ignore) check parameters
[1.089s] Level 1:colcon.colcon_core.package_discovery:discover_packages(path) check parameters
[1.089s] Level 1:colcon.colcon_core.package_discovery:discover_packages(colcon_meta) discover
[1.089s] Level 1:colcon.colcon_core.package_discovery:discover_packages(recursive) discover
[1.089s] INFO:colcon.colcon_core.package_discovery:Crawling recursively for packages in '/home/parallels/ros2_ws'
[1.089s] Level 1:colcon.colcon_core.package_identification:_identify(.) by extensions ['ignore', 'ignore_ament_install']
[1.089s] Level 1:colcon.colcon_core.package_identification:_identify(.) by extension 'ignore'
[1.089s] Level 1:colcon.colcon_core.package_identification:_identify(.) by extension 'ignore_ament_install'
[1.089s] Level 1:colcon.colcon_core.package_identification:_identify(.) by extensions ['colcon_pkg']
[1.089s] Level 1:colcon.colcon_core.package_identification:_identify(.) by extension 'colcon_pkg'
[1.090s] Level 1:colcon.colcon_core.package_identification:_identify(.) by extensions ['colcon_meta']
[1.090s] Level 1:colcon.colcon_core.package_identification:_identify(.) by extension 'colcon_meta'
[1.090s] Level 1:colcon.colcon_core.package_identification:_identify(.) by extensions ['ros']
[1.090s] Level 1:colcon.colcon_core.package_identification:_identify(.) by extension 'ros'
[1.101s] Level 1:colcon.colcon_core.package_identification:_identify(.) by extensions ['cmake', 'python']
[1.101s] Level 1:colcon.colcon_core.package_identification:_identify(.) by extension 'cmake'
[1.101s] Level 1:colcon.colcon_core.package_identification:_identify(.) by extension 'python'
[1.101s] Level 1:colcon.colcon_core.package_identification:_identify(.) by extensions ['python_setup_py']
[1.101s] Level 1:colcon.colcon_core.package_identification:_identify(.) by extension 'python_setup_py'
[1.101s] Level 1:colcon.colcon_core.package_identification:_identify(build) by extensions ['ignore', 'ignore_ament_install']
[1.101s] Level 1:colcon.colcon_core.package_identification:_identify(build) by extension 'ignore'
[1.101s] Level 1:colcon.colcon_core.package_identification:_identify(build) ignored
[1.102s] Level 1:colcon.colcon_core.package_identification:_identify(install) by extensions ['ignore', 'ignore_ament_install']
[1.102s] Level 1:colcon.colcon_core.package_identification:_identify(install) by extension 'ignore'
[1.102s] Level 1:colcon.colcon_core.package_identification:_identify(install) ignored
[1.102s] Level 1:colcon.colcon_core.package_identification:_identify(log) by extensions ['ignore', 'ignore_ament_install']
[1.102s] Level 1:colcon.colcon_core.package_identification:_identify(log) by extension 'ignore'
[1.102s] Level 1:colcon.colcon_core.package_identification:_identify(log) ignored
[1.102s] Level 1:colcon.colcon_core.package_identification:_identify(src) by extensions ['ignore', 'ignore_ament_install']
[1.102s] Level 1:colcon.colcon_core.package_identification:_identify(src) by extension 'ignore'
[1.102s] Level 1:colcon.colcon_core.package_identification:_identify(src) by extension 'ignore_ament_install'
[1.102s] Level 1:colcon.colcon_core.package_identification:_identify(src) by extensions ['colcon_pkg']
[1.102s] Level 1:colcon.colcon_core.package_identification:_identify(src) by extension 'colcon_pkg'
[1.102s] Level 1:colcon.colcon_core.package_identification:_identify(src) by extensions ['colcon_meta']
[1.102s] Level 1:colcon.colcon_core.package_identification:_identify(src) by extension 'colcon_meta'
[1.103s] Level 1:colcon.colcon_core.package_identification:_identify(src) by extensions ['ros']
[1.103s] Level 1:colcon.colcon_core.package_identification:_identify(src) by extension 'ros'
[1.103s] Level 1:colcon.colcon_core.package_identification:_identify(src) by extensions ['cmake', 'python']
[1.103s] Level 1:colcon.colcon_core.package_identification:_identify(src) by extension 'cmake'
[1.103s] Level 1:colcon.colcon_core.package_identification:_identify(src) by extension 'python'
[1.103s] Level 1:colcon.colcon_core.package_identification:_identify(src) by extensions ['python_setup_py']
[1.103s] Level 1:colcon.colcon_core.package_identification:_identify(src) by extension 'python_setup_py'
[1.103s] Level 1:colcon.colcon_core.package_identification:_identify(src/my_robot_controller) by extensions ['ignore', 'ignore_ament_install']
[1.103s] Level 1:colcon.colcon_core.package_identification:_identify(src/my_robot_controller) by extension 'ignore'
[1.103s] Level 1:colcon.colcon_core.package_identification:_identify(src/my_robot_controller) by extension 'ignore_ament_install'
[1.103s] Level 1:colcon.colcon_core.package_identification:_identify(src/my_robot_controller) by extensions ['colcon_pkg']
[1.103s] Level 1:colcon.colcon_core.package_identification:_identify(src/my_robot_controller) by extension 'colcon_pkg'
[1.103s] Level 1:colcon.colcon_core.package_identification:_identify(src/my_robot_controller) by extensions ['colcon_meta']
[1.103s] Level 1:colcon.colcon_core.package_identification:_identify(src/my_robot_controller) by extension 'colcon_meta'
[1.103s] Level 1:colcon.colcon_core.package_identification:_identify(src/my_robot_controller) by extensions ['ros']
[1.103s] Level 1:colcon.colcon_core.package_identification:_identify(src/my_robot_controller) by extension 'ros'
[1.107s] DEBUG:colcon.colcon_core.package_identification:Package 'src/my_robot_controller' with type 'ros.ament_python' and name 'my_robot_controller'
[1.107s] Level 1:colcon.colcon_core.package_identification:_identify(src/py_trees_ros) by extensions ['ignore', 'ignore_ament_install']
[1.107s] Level 1:colcon.colcon_core.package_identification:_identify(src/py_trees_ros) by extension 'ignore'
[1.107s] Level 1:colcon.colcon_core.package_identification:_identify(src/py_trees_ros) by extension 'ignore_ament_install'
[1.107s] Level 1:colcon.colcon_core.package_identification:_identify(src/py_trees_ros) by extensions ['colcon_pkg']
[1.107s] Level 1:colcon.colcon_core.package_identification:_identify(src/py_trees_ros) by extension 'colcon_pkg'
[1.107s] Level 1:colcon.colcon_core.package_identification:_identify(src/py_trees_ros) by extensions ['colcon_meta']
[1.107s] Level 1:colcon.colcon_core.package_identification:_identify(src/py_trees_ros) by extension 'colcon_meta'
[1.107s] Level 1:colcon.colcon_core.package_identification:_identify(src/py_trees_ros) by extensions ['ros']
[1.107s] Level 1:colcon.colcon_core.package_identification:_identify(src/py_trees_ros) by extension 'ros'
[1.109s] DEBUG:colcon.colcon_core.package_identification:Package 'src/py_trees_ros' with type 'ros.ament_python' and name 'py_trees_ros'
[1.109s] Level 1:colcon.colcon_core.package_discovery:discover_packages(recursive) using defaults
[1.109s] Level 1:colcon.colcon_core.package_discovery:discover_packages(ignore) discover
[1.109s] Level 1:colcon.colcon_core.package_discovery:discover_packages(ignore) using defaults
[1.109s] Level 1:colcon.colcon_core.package_discovery:discover_packages(path) discover
[1.109s] Level 1:colcon.colcon_core.package_discovery:discover_packages(path) using defaults
[1.190s] Level 1:colcon.colcon_core.package_discovery:discover_packages(prefix_path) check parameters
[1.191s] Level 1:colcon.colcon_core.package_discovery:discover_packages(prefix_path) discover
[1.215s] DEBUG:colcon.colcon_installed_package_information.package_discovery:Found 2 installed packages in /home/parallels/ros2_ws/install
[1.228s] DEBUG:colcon.colcon_installed_package_information.package_discovery:Found 285 installed packages in /opt/ros/humble
[1.237s] Level 1:colcon.colcon_core.package_discovery:discover_packages(prefix_path) using defaults
[1.374s] Level 5:colcon.colcon_core.verb:set package 'my_robot_controller' build argument 'cmake_args' from command line to 'None'
[1.374s] Level 5:colcon.colcon_core.verb:set package 'my_robot_controller' build argument 'cmake_target' from command line to 'None'
[1.374s] Level 5:colcon.colcon_core.verb:set package 'my_robot_controller' build argument 'cmake_target_skip_unavailable' from command line to 'False'
[1.374s] Level 5:colcon.colcon_core.verb:set package 'my_robot_controller' build argument 'cmake_clean_cache' from command line to 'False'
[1.374s] Level 5:colcon.colcon_core.verb:set package 'my_robot_controller' build argument 'cmake_clean_first' from command line to 'False'
[1.374s] Level 5:colcon.colcon_core.verb:set package 'my_robot_controller' build argument 'cmake_force_configure' from command line to 'False'
[1.374s] Level 5:colcon.colcon_core.verb:set package 'my_robot_controller' build argument 'ament_cmake_args' from command line to 'None'
[1.374s] Level 5:colcon.colcon_core.verb:set package 'my_robot_controller' build argument 'catkin_cmake_args' from command line to 'None'
[1.374s] Level 5:colcon.colcon_core.verb:set package 'my_robot_controller' build argument 'catkin_skip_building_tests' from command line to 'False'
[1.374s] DEBUG:colcon.colcon_core.verb:Building package 'my_robot_controller' with the following arguments: {'ament_cmake_args': None, 'build_base': '/home/parallels/ros2_ws/build/my_robot_controller', 'catkin_cmake_args': None, 'catkin_skip_building_tests': False, 'cmake_args': None, 'cmake_clean_cache': False, 'cmake_clean_first': False, 'cmake_force_configure': False, 'cmake_target': None, 'cmake_target_skip_unavailable': False, 'install_base': '/home/parallels/ros2_ws/install/my_robot_controller', 'merge_install': False, 'path': '/home/parallels/ros2_ws/src/my_robot_controller', 'symlink_install': False, 'test_result_base': None}
[1.386s] Level 5:colcon.colcon_core.verb:set package 'py_trees_ros' build argument 'cmake_args' from command line to 'None'
[1.386s] Level 5:colcon.colcon_core.verb:set package 'py_trees_ros' build argument 'cmake_target' from command line to 'None'
[1.386s] Level 5:colcon.colcon_core.verb:set package 'py_trees_ros' build argument 'cmake_target_skip_unavailable' from command line to 'False'
[1.386s] Level 5:colcon.colcon_core.verb:set package 'py_trees_ros' build argument 'cmake_clean_cache' from command line to 'False'
[1.386s] Level 5:colcon.colcon_core.verb:set package 'py_trees_ros' build argument 'cmake_clean_first' from command line to 'False'
[1.386s] Level 5:colcon.colcon_core.verb:set package 'py_trees_ros' build argument 'cmake_force_configure' from command line to 'False'
[1.386s] Level 5:colcon.colcon_core.verb:set package 'py_trees_ros' build argument 'ament_cmake_args' from command line to 'None'
[1.386s] Level 5:colcon.colcon_core.verb:set package 'py_trees_ros' build argument 'catkin_cmake_args' from command line to 'None'
[1.386s] Level 5:colcon.colcon_core.verb:set package 'py_trees_ros' build argument 'catkin_skip_building_tests' from command line to 'False'
[1.386s] DEBUG:colcon.colcon_core.verb:Building package 'py_trees_ros' with the following arguments: {'ament_cmake_args': None, 'build_base': '/home/parallels/ros2_ws/build/py_trees_ros', 'catkin_cmake_args': None, 'catkin_skip_building_tests': False, 'cmake_args': None, 'cmake_clean_cache': False, 'cmake_clean_first': False, 'cmake_force_configure': False, 'cmake_target': None, 'cmake_target_skip_unavailable': False, 'install_base': '/home/parallels/ros2_ws/install/py_trees_ros', 'merge_install': False, 'path': '/home/parallels/ros2_ws/src/py_trees_ros', 'symlink_install': False, 'test_result_base': None}
[1.397s] INFO:colcon.colcon_core.executor:Executing jobs using 'parallel' executor
[1.408s] DEBUG:colcon.colcon_parallel_executor.executor.parallel:run_until_complete
[1.408s] INFO:colcon.colcon_ros.task.ament_python.build:Building ROS package in '/home/parallels/ros2_ws/src/my_robot_controller' with build type 'ament_python'
[1.408s] Level 1:colcon.colcon_core.shell:create_environment_hook('my_robot_controller', 'ament_prefix_path')
[1.424s] INFO:colcon.colcon_core.plugin_system:Skipping extension 'colcon_core.shell.bat': Not used on non-Windows systems
[1.424s] INFO:colcon.colcon_core.shell:Creating environment hook '/home/parallels/ros2_ws/install/my_robot_controller/share/my_robot_controller/hook/ament_prefix_path.ps1'
[1.426s] INFO:colcon.colcon_core.shell:Creating environment descriptor '/home/parallels/ros2_ws/install/my_robot_controller/share/my_robot_controller/hook/ament_prefix_path.dsv'
[1.426s] INFO:colcon.colcon_core.shell:Creating environment hook '/home/parallels/ros2_ws/install/my_robot_controller/share/my_robot_controller/hook/ament_prefix_path.sh'
[1.438s] INFO:colcon.colcon_core.shell:Skip shell extension 'powershell' for command environment: Not usable outside of PowerShell
[1.438s] DEBUG:colcon.colcon_core.shell:Skip shell extension 'dsv' for command environment
[1.478s] INFO:colcon.colcon_ros.task.ament_python.build:Building ROS package in '/home/parallels/ros2_ws/src/py_trees_ros' with build type 'ament_python'
[1.478s] Level 1:colcon.colcon_core.shell:create_environment_hook('py_trees_ros', 'ament_prefix_path')
[1.491s] INFO:colcon.colcon_core.shell:Creating environment hook '/home/parallels/ros2_ws/install/py_trees_ros/share/py_trees_ros/hook/ament_prefix_path.ps1'
[1.491s] INFO:colcon.colcon_core.shell:Creating environment descriptor '/home/parallels/ros2_ws/install/py_trees_ros/share/py_trees_ros/hook/ament_prefix_path.dsv'
[1.492s] INFO:colcon.colcon_core.shell:Creating environment hook '/home/parallels/ros2_ws/install/py_trees_ros/share/py_trees_ros/hook/ament_prefix_path.sh'
[1.504s] INFO:colcon.colcon_core.shell:Skip shell extension 'powershell' for command environment: Not usable outside of PowerShell
[1.505s] DEBUG:colcon.colcon_core.shell:Skip shell extension 'dsv' for command environment
[1.868s] INFO:colcon.colcon_core.task.python.build:Building Python package in '/home/parallels/ros2_ws/src/my_robot_controller'
[1.880s] INFO:colcon.colcon_core.shell:Skip shell extension 'powershell' for command environment: Not usable outside of PowerShell
[1.880s] DEBUG:colcon.colcon_core.shell:Skip shell extension 'dsv' for command environment
[2.165s] INFO:colcon.colcon_core.task.python.build:Building Python package in '/home/parallels/ros2_ws/src/py_trees_ros'
[2.177s] INFO:colcon.colcon_core.shell:Skip shell extension 'powershell' for command environment: Not usable outside of PowerShell
[2.177s] DEBUG:colcon.colcon_core.shell:Skip shell extension 'dsv' for command environment
[2.695s] DEBUG:colcon.colcon_core.event_handler.log_command:Invoking command in '/home/parallels/ros2_ws/src/py_trees_ros': PYTHONPATH=/home/parallels/ros2_ws/build/py_trees_ros/prefix_override:/home/parallels/ros2_ws/install/py_trees_ros/lib/python3.10/site-packages:${PYTHONPATH} /usr/bin/python3 setup.py egg_info --egg-base ../../build/py_trees_ros build --build-base /home/parallels/ros2_ws/build/py_trees_ros/build install --record /home/parallels/ros2_ws/build/py_trees_ros/install.log --single-version-externally-managed
[2.703s] DEBUG:colcon.colcon_core.event_handler.log_command:Invoking command in '/home/parallels/ros2_ws/src/my_robot_controller': PYTHONPATH=/home/parallels/ros2_ws/build/my_robot_controller/prefix_override:/home/parallels/ros2_ws/install/my_robot_controller/lib/python3.10/site-packages:${PYTHONPATH} /usr/bin/python3 setup.py egg_info --egg-base ../../build/my_robot_controller build --build-base /home/parallels/ros2_ws/build/my_robot_controller/build install --record /home/parallels/ros2_ws/build/my_robot_controller/install.log --single-version-externally-managed
[3.046s] DEBUG:colcon.colcon_core.event_handler.log_command:Invoked command in '/home/parallels/ros2_ws/src/py_trees_ros' returned '0': PYTHONPATH=/home/parallels/ros2_ws/build/py_trees_ros/prefix_override:/home/parallels/ros2_ws/install/py_trees_ros/lib/python3.10/site-packages:${PYTHONPATH} /usr/bin/python3 setup.py egg_info --egg-base ../../build/py_trees_ros build --build-base /home/parallels/ros2_ws/build/py_trees_ros/build install --record /home/parallels/ros2_ws/build/py_trees_ros/install.log --single-version-externally-managed
[3.080s] Level 1:colcon.colcon_core.environment:checking '/home/parallels/ros2_ws/install/py_trees_ros' for CMake module files
[3.080s] Level 1:colcon.colcon_core.environment:checking '/home/parallels/ros2_ws/install/py_trees_ros' for CMake config files
[3.082s] Level 1:colcon.colcon_core.environment:checking '/home/parallels/ros2_ws/install/py_trees_ros/lib'
[3.082s] Level 1:colcon.colcon_core.environment:checking '/home/parallels/ros2_ws/install/py_trees_ros/bin'
[3.082s] Level 1:colcon.colcon_core.shell:create_environment_hook('py_trees_ros', 'path')
[3.095s] INFO:colcon.colcon_core.shell:Creating environment hook '/home/parallels/ros2_ws/install/py_trees_ros/share/py_trees_ros/hook/path.ps1'
[3.096s] INFO:colcon.colcon_core.shell:Creating environment descriptor '/home/parallels/ros2_ws/install/py_trees_ros/share/py_trees_ros/hook/path.dsv'
[3.096s] INFO:colcon.colcon_core.shell:Creating environment hook '/home/parallels/ros2_ws/install/py_trees_ros/share/py_trees_ros/hook/path.sh'
[3.097s] Level 1:colcon.colcon_core.environment:checking '/home/parallels/ros2_ws/install/py_trees_ros/lib/pkgconfig/py_trees_ros.pc'
[3.097s] Level 1:colcon.colcon_core.environment:checking '/home/parallels/ros2_ws/install/py_trees_ros/lib/python3.10/site-packages'
[3.097s] Level 1:colcon.colcon_core.shell:create_environment_hook('py_trees_ros', 'pythonpath')
[3.108s] INFO:colcon.colcon_core.shell:Creating environment hook '/home/parallels/ros2_ws/install/py_trees_ros/share/py_trees_ros/hook/pythonpath.ps1'
[3.109s] INFO:colcon.colcon_core.shell:Creating environment descriptor '/home/parallels/ros2_ws/install/py_trees_ros/share/py_trees_ros/hook/pythonpath.dsv'
[3.109s] INFO:colcon.colcon_core.shell:Creating environment hook '/home/parallels/ros2_ws/install/py_trees_ros/share/py_trees_ros/hook/pythonpath.sh'
[3.110s] Level 1:colcon.colcon_core.environment:checking '/home/parallels/ros2_ws/install/py_trees_ros/bin'
[3.110s] Level 1:colcon.colcon_core.shell:create_environment_hook('py_trees_ros', 'pythonscriptspath')
[3.122s] INFO:colcon.colcon_core.shell:Creating environment hook '/home/parallels/ros2_ws/install/py_trees_ros/share/py_trees_ros/hook/pythonscriptspath.ps1'
[3.122s] INFO:colcon.colcon_core.shell:Creating environment descriptor '/home/parallels/ros2_ws/install/py_trees_ros/share/py_trees_ros/hook/pythonscriptspath.dsv'
[3.123s] INFO:colcon.colcon_core.shell:Creating environment hook '/home/parallels/ros2_ws/install/py_trees_ros/share/py_trees_ros/hook/pythonscriptspath.sh'
[3.123s] Level 1:colcon.colcon_core.environment:create_environment_scripts_only(py_trees_ros)
[3.134s] INFO:colcon.colcon_core.shell:Creating package script '/home/parallels/ros2_ws/install/py_trees_ros/share/py_trees_ros/package.ps1'
[3.135s] INFO:colcon.colcon_core.shell:Creating package descriptor '/home/parallels/ros2_ws/install/py_trees_ros/share/py_trees_ros/package.dsv'
[3.136s] INFO:colcon.colcon_core.shell:Creating package script '/home/parallels/ros2_ws/install/py_trees_ros/share/py_trees_ros/package.sh'
[3.137s] INFO:colcon.colcon_core.shell:Creating package script '/home/parallels/ros2_ws/install/py_trees_ros/share/py_trees_ros/package.bash'
[3.138s] INFO:colcon.colcon_core.shell:Creating package script '/home/parallels/ros2_ws/install/py_trees_ros/share/py_trees_ros/package.zsh'
[3.139s] Level 1:colcon.colcon_core.environment:create_file_with_runtime_dependencies(/home/parallels/ros2_ws/install/py_trees_ros/share/colcon-core/packages/py_trees_ros)
[3.141s] DEBUG:colcon.colcon_core.event_handler.log_command:Invoked command in '/home/parallels/ros2_ws/src/my_robot_controller' returned '0': PYTHONPATH=/home/parallels/ros2_ws/build/my_robot_controller/prefix_override:/home/parallels/ros2_ws/install/my_robot_controller/lib/python3.10/site-packages:${PYTHONPATH} /usr/bin/python3 setup.py egg_info --egg-base ../../build/my_robot_controller build --build-base /home/parallels/ros2_ws/build/my_robot_controller/build install --record /home/parallels/ros2_ws/build/my_robot_controller/install.log --single-version-externally-managed
[3.151s] Level 1:colcon.colcon_core.environment:checking '/home/parallels/ros2_ws/install/my_robot_controller' for CMake module files
[3.152s] Level 1:colcon.colcon_core.environment:checking '/home/parallels/ros2_ws/install/my_robot_controller' for CMake config files
[3.153s] Level 1:colcon.colcon_core.environment:checking '/home/parallels/ros2_ws/install/my_robot_controller/lib'
[3.153s] Level 1:colcon.colcon_core.environment:checking '/home/parallels/ros2_ws/install/my_robot_controller/bin'
[3.153s] Level 1:colcon.colcon_core.environment:checking '/home/parallels/ros2_ws/install/my_robot_controller/lib/pkgconfig/my_robot_controller.pc'
[3.154s] Level 1:colcon.colcon_core.environment:checking '/home/parallels/ros2_ws/install/my_robot_controller/lib/python3.10/site-packages'
[3.154s] Level 1:colcon.colcon_core.shell:create_environment_hook('my_robot_controller', 'pythonpath')
[3.168s] INFO:colcon.colcon_core.shell:Creating environment hook '/home/parallels/ros2_ws/install/my_robot_controller/share/my_robot_controller/hook/pythonpath.ps1'
[3.168s] INFO:colcon.colcon_core.shell:Creating environment descriptor '/home/parallels/ros2_ws/install/my_robot_controller/share/my_robot_controller/hook/pythonpath.dsv'
[3.169s] INFO:colcon.colcon_core.shell:Creating environment hook '/home/parallels/ros2_ws/install/my_robot_controller/share/my_robot_controller/hook/pythonpath.sh'
[3.169s] Level 1:colcon.colcon_core.environment:checking '/home/parallels/ros2_ws/install/my_robot_controller/bin'
[3.169s] Level 1:colcon.colcon_core.environment:create_environment_scripts_only(my_robot_controller)
[3.185s] INFO:colcon.colcon_core.shell:Creating package script '/home/parallels/ros2_ws/install/my_robot_controller/share/my_robot_controller/package.ps1'
[3.186s] INFO:colcon.colcon_core.shell:Creating package descriptor '/home/parallels/ros2_ws/install/my_robot_controller/share/my_robot_controller/package.dsv'
[3.186s] INFO:colcon.colcon_core.shell:Creating package script '/home/parallels/ros2_ws/install/my_robot_controller/share/my_robot_controller/package.sh'
[3.187s] INFO:colcon.colcon_core.shell:Creating package script '/home/parallels/ros2_ws/install/my_robot_controller/share/my_robot_controller/package.bash'
[3.187s] INFO:colcon.colcon_core.shell:Creating package script '/home/parallels/ros2_ws/install/my_robot_controller/share/my_robot_controller/package.zsh'
[3.188s] Level 1:colcon.colcon_core.environment:create_file_with_runtime_dependencies(/home/parallels/ros2_ws/install/my_robot_controller/share/colcon-core/packages/my_robot_controller)
[3.189s] DEBUG:colcon.colcon_parallel_executor.executor.parallel:closing loop
[3.189s] DEBUG:colcon.colcon_parallel_executor.executor.parallel:loop closed
[3.189s] DEBUG:colcon.colcon_parallel_executor.executor.parallel:run_until_complete finished with '0'
[3.189s] DEBUG:colcon.colcon_core.event_reactor:joining thread
[3.221s] INFO:colcon.colcon_core.plugin_system:Skipping extension 'colcon_notification.desktop_notification.terminal_notifier': Not used on non-Darwin systems
[3.221s] INFO:colcon.colcon_core.plugin_system:Skipping extension 'colcon_notification.desktop_notification.win32': Not used on non-Windows systems
[3.222s] INFO:colcon.colcon_notification.desktop_notification:Sending desktop notification using 'notify2'
[3.258s] DEBUG:colcon.colcon_core.event_reactor:joined thread
[3.271s] INFO:colcon.colcon_core.shell:Creating prefix script '/home/parallels/ros2_ws/install/local_setup.ps1'
[3.272s] INFO:colcon.colcon_core.shell:Creating prefix util module '/home/parallels/ros2_ws/install/_local_setup_util_ps1.py'
[3.274s] INFO:colcon.colcon_core.shell:Creating prefix chain script '/home/parallels/ros2_ws/install/setup.ps1'
[3.289s] INFO:colcon.colcon_core.shell:Creating prefix script '/home/parallels/ros2_ws/install/local_setup.sh'
[3.290s] INFO:colcon.colcon_core.shell:Creating prefix util module '/home/parallels/ros2_ws/install/_local_setup_util_sh.py'
[3.291s] INFO:colcon.colcon_core.shell:Creating prefix chain script '/home/parallels/ros2_ws/install/setup.sh'
[3.309s] INFO:colcon.colcon_core.shell:Creating prefix script '/home/parallels/ros2_ws/install/local_setup.bash'
[3.310s] INFO:colcon.colcon_core.shell:Creating prefix chain script '/home/parallels/ros2_ws/install/setup.bash'
[3.324s] INFO:colcon.colcon_core.shell:Creating prefix script '/home/parallels/ros2_ws/install/local_setup.zsh'
[3.325s] INFO:colcon.colcon_core.shell:Creating prefix chain script '/home/parallels/ros2_ws/install/setup.zsh'
