[0.718s] Invoking command in '/home/bhanu/ros2_ws/src/my_robot_controller': PYTHONPATH=/home/bhanu/ros2_ws/build/my_robot_controller/prefix_override:/home/bhanu/ros2_ws/install/my_robot_controller/lib/python3.10/site-packages:${PYTHONPATH} /usr/bin/python3 setup.py egg_info --egg-base ../../build/my_robot_controller build --build-base /home/bhanu/ros2_ws/build/my_robot_controller/build install --record /home/bhanu/ros2_ws/build/my_robot_controller/install.log --single-version-externally-managed
[0.954s] running egg_info
[0.955s] writing ../../build/my_robot_controller/my_robot_controller.egg-info/PKG-INFO
[0.955s] writing dependency_links to ../../build/my_robot_controller/my_robot_controller.egg-info/dependency_links.txt
[0.955s] writing entry points to ../../build/my_robot_controller/my_robot_controller.egg-info/entry_points.txt
[0.956s] writing requirements to ../../build/my_robot_controller/my_robot_controller.egg-info/requires.txt
[0.956s] writing top-level names to ../../build/my_robot_controller/my_robot_controller.egg-info/top_level.txt
[0.958s] reading manifest file '../../build/my_robot_controller/my_robot_controller.egg-info/SOURCES.txt'
[0.959s] writing manifest file '../../build/my_robot_controller/my_robot_controller.egg-info/SOURCES.txt'
[0.959s] running build
[0.959s] running build_py
[0.959s] running install
[0.960s] running install_lib
[0.961s] running install_data
[0.961s] running install_egg_info
[0.963s] removing '/home/bhanu/ros2_ws/install/my_robot_controller/lib/python3.10/site-packages/my_robot_controller-0.0.0-py3.10.egg-info' (and everything under it)
[0.963s] Copying ../../build/my_robot_controller/my_robot_controller.egg-info to /home/bhanu/ros2_ws/install/my_robot_controller/lib/python3.10/site-packages/my_robot_controller-0.0.0-py3.10.egg-info
[0.964s] running install_scripts
[0.983s] Installing test_node script to /home/bhanu/ros2_ws/install/my_robot_controller/lib/my_robot_controller
[0.984s] writing list of installed files to '/home/bhanu/ros2_ws/build/my_robot_controller/install.log'
[1.007s] Invoked command in '/home/bhanu/ros2_ws/src/my_robot_controller' returned '0': PYTHONPATH=/home/bhanu/ros2_ws/build/my_robot_controller/prefix_override:/home/bhanu/ros2_ws/install/my_robot_controller/lib/python3.10/site-packages:${PYTHONPATH} /usr/bin/python3 setup.py egg_info --egg-base ../../build/my_robot_controller build --build-base /home/bhanu/ros2_ws/build/my_robot_controller/build install --record /home/bhanu/ros2_ws/build/my_robot_controller/install.log --single-version-externally-managed
