[0.093s] Invoking command in '/home/bhanu/ros2_cpp/build/ros2_cpp_pkg': /usr/bin/cmake /home/bhanu/ros2_cpp/src/ros2_cpp_pkg -DCMAKE_INSTALL_PREFIX=/home/bhanu/ros2_cpp/install/ros2_cpp_pkg
[0.116s] -- Found ament_cmake: 1.3.6 (/opt/ros/humble/share/ament_cmake/cmake)
[0.316s] -- Override CMake install command with custom implementation using symlinks instead of copying resources
[0.321s] -- Found rclcpp: 16.0.7 (/opt/ros/humble/share/rclcpp/cmake)
[0.369s] -- Found rosidl_generator_c: 3.1.5 (/opt/ros/humble/share/rosidl_generator_c/cmake)
[0.377s] -- Found rosidl_adapter: 3.1.5 (/opt/ros/humble/share/rosidl_adapter/cmake)
[0.383s] -- Found rosidl_generator_cpp: 3.1.5 (/opt/ros/humble/share/rosidl_generator_cpp/cmake)
[0.402s] -- Using all available rosidl_typesupport_c: rosidl_typesupport_fastrtps_c;rosidl_typesupport_introspection_c
[0.427s] -- Using all available rosidl_typesupport_cpp: rosidl_typesupport_fastrtps_cpp;rosidl_typesupport_introspection_cpp
[0.531s] -- Found rmw_implementation_cmake: 6.1.1 (/opt/ros/humble/share/rmw_implementation_cmake/cmake)
[0.532s] -- Found rmw_fastrtps_cpp: 6.2.5 (/opt/ros/humble/share/rmw_fastrtps_cpp/cmake)
[0.714s] -- Using RMW implementation 'rmw_fastrtps_cpp' as default
[0.967s] -- Found geometry_msgs: 4.2.3 (/opt/ros/humble/share/geometry_msgs/cmake)
[1.038s] -- Found turtlesim: 1.4.2 (/opt/ros/humble/share/turtlesim/cmake)
[1.254s] -- Found behaviortree_cpp: 4.4.1 (/usr/local/share/behaviortree_cpp/cmake)
[1.256s] -- Found ament_lint_auto: 0.12.9 (/opt/ros/humble/share/ament_lint_auto/cmake)
[1.343s] Error parsing '/home/bhanu/ros2_cpp/src/ros2_cpp_pkg/package.xml':
[1.416s] Traceback (most recent call last):
[1.416s]   File "/opt/ros/humble/share/ament_cmake_core/cmake/core/package_xml_2_cmake.py", line 150, in <module>
[1.416s]     main()
[1.416s]   File "/opt/ros/humble/share/ament_cmake_core/cmake/core/package_xml_2_cmake.py", line 53, in main
[1.416s]     raise e
[1.416s]   File "/opt/ros/humble/share/ament_cmake_core/cmake/core/package_xml_2_cmake.py", line 49, in main
[1.416s]     package = parse_package_string(
[1.416s]   File "/usr/lib/python3/dist-packages/catkin_pkg/package.py", line 786, in parse_package_string
[1.418s]     raise InvalidPackage('Error(s):%s' % (''.join(['\n- %s' % e for e in errors])), filename)
[1.418s] catkin_pkg.package.InvalidPackage: Error(s) in package '/home/bhanu/ros2_cpp/src/ros2_cpp_pkg/package.xml':
[1.418s] Error(s):
[1.418s] - The generic dependency on 'geometry_msgs' is redundant with: build_depend
[1.443s] [31mCMake Error at /opt/ros/humble/share/ament_cmake_core/cmake/core/ament_package_xml.cmake:95 (message):
[1.443s]   execute_process(/usr/bin/python3.10
[1.443s]   /opt/ros/humble/share/ament_cmake_core/cmake/core/package_xml_2_cmake.py
[1.444s]   /home/bhanu/ros2_cpp/src/ros2_cpp_pkg/package.xml
[1.444s]   /home/bhanu/ros2_cpp/build/ros2_cpp_pkg/ament_cmake_core/package.cmake)
[1.444s]   returned error code 1
[1.444s] Call Stack (most recent call first):
[1.444s]   /opt/ros/humble/share/ament_cmake_core/cmake/core/ament_package_xml.cmake:49 (_ament_package_xml)
[1.444s]   /opt/ros/humble/share/ament_lint_auto/cmake/ament_lint_auto_find_test_dependencies.cmake:31 (ament_package_xml)
[1.444s]   CMakeLists.txt:34 (ament_lint_auto_find_test_dependencies)
[1.444s] 
[1.444s] [0m
[1.444s] -- Configuring incomplete, errors occurred!
[1.445s] See also "/home/bhanu/ros2_cpp/build/ros2_cpp_pkg/CMakeFiles/CMakeOutput.log".
[1.457s] Invoked command in '/home/bhanu/ros2_cpp/build/ros2_cpp_pkg' returned '1': /usr/bin/cmake /home/bhanu/ros2_cpp/src/ros2_cpp_pkg -DCMAKE_INSTALL_PREFIX=/home/bhanu/ros2_cpp/install/ros2_cpp_pkg
