[3.354s] DEBUG:colcon:Command line arguments: ['/usr/bin/colcon', 'list', '-p', '--base-paths', '/home/bhanu/ros2_cpp']
[3.354s] DEBUG:colcon:Parsed command line arguments: Namespace(log_base=None, log_level=None, verb_name='list', build_base='build', ignore_user_meta=False, metas=['./colcon.meta'], base_paths=['/home/bhanu/ros2_cpp'], packages_ignore=None, packages_ignore_regex=None, paths=None, packages_up_to=None, packages_up_to_regex=None, packages_above=None, packages_above_and_dependencies=None, packages_above_depth=None, packages_select_by_dep=None, packages_skip_by_dep=None, packages_skip_up_to=None, packages_select_build_failed=False, packages_skip_build_finished=False, packages_select_test_failures=False, packages_skip_test_passed=False, packages_select=None, packages_skip=None, packages_select_regex=None, packages_skip_regex=None, packages_start=None, packages_end=None, allow_overriding=[], topological_order=False, names_only=False, paths_only=True, topological_graph=False, topological_graph_dot=False, topological_graph_density=False, topological_graph_legend=False, topological_graph_dot_cluster=False, topological_graph_dot_include_skipped=False, verb_parser=<colcon_defaults.argument_parser.defaults.DefaultArgumentsDecorator object at 0x7f28bc34b850>, verb_extension=<colcon_package_information.verb.list.ListVerb object at 0x7f28bc2d7370>, main=<bound method ListVerb.main of <colcon_package_information.verb.list.ListVerb object at 0x7f28bc2d7370>>)
[3.448s] Level 1:colcon.colcon_core.package_discovery:discover_packages(colcon_meta) check parameters
[3.448s] Level 1:colcon.colcon_core.package_discovery:discover_packages(recursive) check parameters
[3.448s] Level 1:colcon.colcon_core.package_discovery:discover_packages(ignore) check parameters
[3.448s] Level 1:colcon.colcon_core.package_discovery:discover_packages(path) check parameters
[3.448s] Level 1:colcon.colcon_core.package_discovery:discover_packages(recursive) discover
[3.448s] INFO:colcon.colcon_core.package_discovery:Crawling recursively for packages in '/home/bhanu/ros2_cpp'
[3.449s] Level 1:colcon.colcon_core.package_identification:_identify(/home/bhanu/ros2_cpp) by extensions ['ignore', 'ignore_ament_install']
[3.449s] Level 1:colcon.colcon_core.package_identification:_identify(/home/bhanu/ros2_cpp) by extension 'ignore'
[3.449s] Level 1:colcon.colcon_core.package_identification:_identify(/home/bhanu/ros2_cpp) by extension 'ignore_ament_install'
[3.449s] Level 1:colcon.colcon_core.package_identification:_identify(/home/bhanu/ros2_cpp) by extensions ['colcon_pkg']
[3.449s] Level 1:colcon.colcon_core.package_identification:_identify(/home/bhanu/ros2_cpp) by extension 'colcon_pkg'
[3.449s] Level 1:colcon.colcon_core.package_identification:_identify(/home/bhanu/ros2_cpp) by extensions ['colcon_meta']
[3.449s] Level 1:colcon.colcon_core.package_identification:_identify(/home/bhanu/ros2_cpp) by extension 'colcon_meta'
[3.449s] Level 1:colcon.colcon_core.package_identification:_identify(/home/bhanu/ros2_cpp) by extensions ['ros']
[3.449s] Level 1:colcon.colcon_core.package_identification:_identify(/home/bhanu/ros2_cpp) by extension 'ros'
[3.470s] Level 1:colcon.colcon_core.package_identification:_identify(/home/bhanu/ros2_cpp) by extensions ['cmake', 'python']
[3.470s] Level 1:colcon.colcon_core.package_identification:_identify(/home/bhanu/ros2_cpp) by extension 'cmake'
[3.470s] Level 1:colcon.colcon_core.package_identification:_identify(/home/bhanu/ros2_cpp) by extension 'python'
[3.470s] Level 1:colcon.colcon_core.package_identification:_identify(/home/bhanu/ros2_cpp) by extensions ['python_setup_py']
[3.471s] Level 1:colcon.colcon_core.package_identification:_identify(/home/bhanu/ros2_cpp) by extension 'python_setup_py'
[3.471s] Level 1:colcon.colcon_core.package_identification:_identify(/home/bhanu/ros2_cpp/build) by extensions ['ignore', 'ignore_ament_install']
[3.471s] Level 1:colcon.colcon_core.package_identification:_identify(/home/bhanu/ros2_cpp/build) by extension 'ignore'
[3.471s] Level 1:colcon.colcon_core.package_identification:_identify(/home/bhanu/ros2_cpp/build) ignored
[3.471s] Level 1:colcon.colcon_core.package_identification:_identify(/home/bhanu/ros2_cpp/install) by extensions ['ignore', 'ignore_ament_install']
[3.471s] Level 1:colcon.colcon_core.package_identification:_identify(/home/bhanu/ros2_cpp/install) by extension 'ignore'
[3.472s] Level 1:colcon.colcon_core.package_identification:_identify(/home/bhanu/ros2_cpp/install) ignored
[3.472s] Level 1:colcon.colcon_core.package_identification:_identify(/home/bhanu/ros2_cpp/log) by extensions ['ignore', 'ignore_ament_install']
[3.472s] Level 1:colcon.colcon_core.package_identification:_identify(/home/bhanu/ros2_cpp/log) by extension 'ignore'
[3.472s] Level 1:colcon.colcon_core.package_identification:_identify(/home/bhanu/ros2_cpp/log) ignored
[3.472s] Level 1:colcon.colcon_core.package_identification:_identify(/home/bhanu/ros2_cpp/src) by extensions ['ignore', 'ignore_ament_install']
[3.472s] Level 1:colcon.colcon_core.package_identification:_identify(/home/bhanu/ros2_cpp/src) by extension 'ignore'
[3.472s] Level 1:colcon.colcon_core.package_identification:_identify(/home/bhanu/ros2_cpp/src) by extension 'ignore_ament_install'
[3.473s] Level 1:colcon.colcon_core.package_identification:_identify(/home/bhanu/ros2_cpp/src) by extensions ['colcon_pkg']
[3.473s] Level 1:colcon.colcon_core.package_identification:_identify(/home/bhanu/ros2_cpp/src) by extension 'colcon_pkg'
[3.473s] Level 1:colcon.colcon_core.package_identification:_identify(/home/bhanu/ros2_cpp/src) by extensions ['colcon_meta']
[3.473s] Level 1:colcon.colcon_core.package_identification:_identify(/home/bhanu/ros2_cpp/src) by extension 'colcon_meta'
[3.473s] Level 1:colcon.colcon_core.package_identification:_identify(/home/bhanu/ros2_cpp/src) by extensions ['ros']
[3.473s] Level 1:colcon.colcon_core.package_identification:_identify(/home/bhanu/ros2_cpp/src) by extension 'ros'
[3.473s] Level 1:colcon.colcon_core.package_identification:_identify(/home/bhanu/ros2_cpp/src) by extensions ['cmake', 'python']
[3.473s] Level 1:colcon.colcon_core.package_identification:_identify(/home/bhanu/ros2_cpp/src) by extension 'cmake'
[3.473s] Level 1:colcon.colcon_core.package_identification:_identify(/home/bhanu/ros2_cpp/src) by extension 'python'
[3.473s] Level 1:colcon.colcon_core.package_identification:_identify(/home/bhanu/ros2_cpp/src) by extensions ['python_setup_py']
[3.473s] Level 1:colcon.colcon_core.package_identification:_identify(/home/bhanu/ros2_cpp/src) by extension 'python_setup_py'
[3.474s] Level 1:colcon.colcon_core.package_identification:_identify(/home/bhanu/ros2_cpp/src/ros2_cpp_pkg) by extensions ['ignore', 'ignore_ament_install']
[3.474s] Level 1:colcon.colcon_core.package_identification:_identify(/home/bhanu/ros2_cpp/src/ros2_cpp_pkg) by extension 'ignore'
[3.474s] Level 1:colcon.colcon_core.package_identification:_identify(/home/bhanu/ros2_cpp/src/ros2_cpp_pkg) by extension 'ignore_ament_install'
[3.474s] Level 1:colcon.colcon_core.package_identification:_identify(/home/bhanu/ros2_cpp/src/ros2_cpp_pkg) by extensions ['colcon_pkg']
[3.474s] Level 1:colcon.colcon_core.package_identification:_identify(/home/bhanu/ros2_cpp/src/ros2_cpp_pkg) by extension 'colcon_pkg'
[3.474s] Level 1:colcon.colcon_core.package_identification:_identify(/home/bhanu/ros2_cpp/src/ros2_cpp_pkg) by extensions ['colcon_meta']
[3.474s] Level 1:colcon.colcon_core.package_identification:_identify(/home/bhanu/ros2_cpp/src/ros2_cpp_pkg) by extension 'colcon_meta'
[3.474s] Level 1:colcon.colcon_core.package_identification:_identify(/home/bhanu/ros2_cpp/src/ros2_cpp_pkg) by extensions ['ros']
[3.475s] Level 1:colcon.colcon_core.package_identification:_identify(/home/bhanu/ros2_cpp/src/ros2_cpp_pkg) by extension 'ros'
[3.480s] DEBUG:colcon.colcon_core.package_identification:Package '/home/bhanu/ros2_cpp/src/ros2_cpp_pkg' with type 'ros.ament_cmake' and name 'ros2_cpp_pkg'
[3.480s] Level 1:colcon.colcon_core.package_discovery:discover_packages(recursive) using defaults
