[0.151s] Invoking command in '/home/bhanu/ros2_cpp/build/ros2_cpp_pkg': CMAKE_PREFIX_PATH=/home/bhanu/ros2_ws/install/my_robot_controller:/opt/ros/humble /usr/bin/cmake --build /home/bhanu/ros2_cpp/build/ros2_cpp_pkg -- -j4 -l4
[0.217s] -- Found ament_cmake: 1.3.6 (/opt/ros/humble/share/ament_cmake/cmake)
[0.516s] -- Override CMake install command with custom implementation using symlinks instead of copying resources
[0.530s] -- Found rclcpp: 16.0.7 (/opt/ros/humble/share/rclcpp/cmake)
[0.593s] -- Found rosidl_generator_c: 3.1.5 (/opt/ros/humble/share/rosidl_generator_c/cmake)
[0.598s] -- Found rosidl_adapter: 3.1.5 (/opt/ros/humble/share/rosidl_adapter/cmake)
[0.611s] -- Found rosidl_generator_cpp: 3.1.5 (/opt/ros/humble/share/rosidl_generator_cpp/cmake)
[0.638s] -- Using all available rosidl_typesupport_c: rosidl_typesupport_fastrtps_c;rosidl_typesupport_introspection_c
[0.674s] -- Using all available rosidl_typesupport_cpp: rosidl_typesupport_fastrtps_cpp;rosidl_typesupport_introspection_cpp
[0.812s] -- Found rmw_implementation_cmake: 6.1.1 (/opt/ros/humble/share/rmw_implementation_cmake/cmake)
[0.815s] -- Found rmw_fastrtps_cpp: 6.2.5 (/opt/ros/humble/share/rmw_fastrtps_cpp/cmake)
[1.071s] -- Using RMW implementation 'rmw_fastrtps_cpp' as default
[1.422s] -- Found geometry_msgs: 4.2.3 (/opt/ros/humble/share/geometry_msgs/cmake)
[1.513s] -- Found turtlesim: 1.4.2 (/opt/ros/humble/share/turtlesim/cmake)
[1.999s] -- Configuring done
[2.053s] -- Generating done
[2.057s] -- Build files have been written to: /home/bhanu/ros2_cpp/build/ros2_cpp_pkg
[2.110s] [35m[1mConsolidate compiler generated dependencies of target ros2_cpp_code[0m
[2.116s] [35m[1mConsolidate compiler generated dependencies of target draw_circle[0m
[2.155s] [ 25%] [32mBuilding CXX object CMakeFiles/ros2_cpp_code.dir/src/ros2_cpp_code.cpp.o[0m
[2.156s] [ 50%] [32m[1mLinking CXX executable draw_circle[0m
[2.819s] [ 75%] Built target draw_circle
[5.938s] [100%] [32m[1mLinking CXX executable ros2_cpp_code[0m
[6.252s] /usr/bin/ld: CMakeFiles/ros2_cpp_code.dir/src/ros2_cpp_code.cpp.o: warning: relocation against `_ZTVN2BT13DecoratorNodeE' in read-only section `.text._ZN2BT13DecoratorNodeD2Ev[_ZN2BT13DecoratorNodeD5Ev]'
[6.280s] /usr/bin/ld: CMakeFiles/ros2_cpp_code.dir/src/ros2_cpp_code.cpp.o: in function `main':
[6.280s] ros2_cpp_code.cpp:(.text+0x2a): undefined reference to `BT::BehaviorTreeFactory::BehaviorTreeFactory()'
[6.280s] /usr/bin/ld: ros2_cpp_code.cpp:(.text+0x2f4): undefined reference to `BT::BehaviorTreeFactory::createTreeFromFile(std::filesystem::__cxx11::path const&, std::shared_ptr<BT::Blackboard>)'
[6.280s] /usr/bin/ld: ros2_cpp_code.cpp:(.text+0x339): undefined reference to `BT::Tree::rootNode() const'
[6.281s] /usr/bin/ld: ros2_cpp_code.cpp:(.text+0x3a6): undefined reference to `BT::Tree::~Tree()'
[6.281s] /usr/bin/ld: ros2_cpp_code.cpp:(.text+0x3c1): undefined reference to `BT::BehaviorTreeFactory::~BehaviorTreeFactory()'
[6.281s] /usr/bin/ld: ros2_cpp_code.cpp:(.text+0x56b): undefined reference to `BT::Tree::~Tree()'
[6.282s] /usr/bin/ld: ros2_cpp_code.cpp:(.text+0x586): undefined reference to `BT::BehaviorTreeFactory::~BehaviorTreeFactory()'
[6.282s] /usr/bin/ld: CMakeFiles/ros2_cpp_code.dir/src/ros2_cpp_code.cpp.o: in function `BT::ControlNode::~ControlNode()':
[6.282s] ros2_cpp_code.cpp:(.text._ZN2BT11ControlNodeD2Ev[_ZN2BT11ControlNodeD5Ev]+0x13): undefined reference to `vtable for BT::ControlNode'
[6.283s] /usr/bin/ld: ros2_cpp_code.cpp:(.text._ZN2BT11ControlNodeD2Ev[_ZN2BT11ControlNodeD5Ev]+0x36): undefined reference to `BT::TreeNode::~TreeNode()'
[6.283s] /usr/bin/ld: CMakeFiles/ros2_cpp_code.dir/src/ros2_cpp_code.cpp.o: in function `BT::SyncActionNode::halt()':
[6.283s] ros2_cpp_code.cpp:(.text._ZN2BT14SyncActionNode4haltEv[_ZN2BT14SyncActionNode4haltEv]+0x18): undefined reference to `BT::TreeNode::resetStatus()'
[6.284s] /usr/bin/ld: CMakeFiles/ros2_cpp_code.dir/src/ros2_cpp_code.cpp.o: in function `BT::LeafNode::~LeafNode()':
[6.284s] ros2_cpp_code.cpp:(.text._ZN2BT8LeafNodeD2Ev[_ZN2BT8LeafNodeD5Ev]+0x26): undefined reference to `BT::TreeNode::~TreeNode()'
[6.285s] /usr/bin/ld: CMakeFiles/ros2_cpp_code.dir/src/ros2_cpp_code.cpp.o: in function `BT::ConditionNode::halt()':
[6.285s] ros2_cpp_code.cpp:(.text._ZN2BT13ConditionNode4haltEv[_ZN2BT13ConditionNode4haltEv]+0x18): undefined reference to `BT::TreeNode::resetStatus()'
[6.285s] /usr/bin/ld: CMakeFiles/ros2_cpp_code.dir/src/ros2_cpp_code.cpp.o: in function `BT::DecoratorNode::~DecoratorNode()':
[6.285s] ros2_cpp_code.cpp:(.text._ZN2BT13DecoratorNodeD2Ev[_ZN2BT13DecoratorNodeD5Ev]+0x13): undefined reference to `vtable for BT::DecoratorNode'
[6.285s] /usr/bin/ld: ros2_cpp_code.cpp:(.text._ZN2BT13DecoratorNodeD2Ev[_ZN2BT13DecoratorNodeD5Ev]+0x26): undefined reference to `BT::TreeNode::~TreeNode()'
[6.285s] /usr/bin/ld: CMakeFiles/ros2_cpp_code.dir/src/ros2_cpp_code.cpp.o: in function `BT::RunOnceNode::tick()':
[6.285s] ros2_cpp_code.cpp:(.text._ZN2BT11RunOnceNode4tickEv[_ZN2BT11RunOnceNode4tickEv]+0xd6): undefined reference to `BT::TreeNode::setStatus(BT::NodeStatus)'
[6.285s] /usr/bin/ld: ros2_cpp_code.cpp:(.text._ZN2BT11RunOnceNode4tickEv[_ZN2BT11RunOnceNode4tickEv]+0x126): undefined reference to `BT::DecoratorNode::resetChild()'
[6.286s] /usr/bin/ld: CMakeFiles/ros2_cpp_code.dir/src/ros2_cpp_code.cpp.o: in function `BT::SyncActionNode::~SyncActionNode()':
[6.286s] ros2_cpp_code.cpp:(.text._ZN2BT14SyncActionNodeD2Ev[_ZN2BT14SyncActionNodeD5Ev]+0x13): undefined reference to `vtable for BT::SyncActionNode'
[6.286s] /usr/bin/ld: CMakeFiles/ros2_cpp_code.dir/src/ros2_cpp_code.cpp.o: in function `BT::ForceSuccessNode::tick()':
[6.287s] ros2_cpp_code.cpp:(.text._ZN2BT16ForceSuccessNode4tickEv[_ZN2BT16ForceSuccessNode4tickEv]+0x2c): undefined reference to `BT::TreeNode::setStatus(BT::NodeStatus)'
[6.287s] /usr/bin/ld: ros2_cpp_code.cpp:(.text._ZN2BT16ForceSuccessNode4tickEv[_ZN2BT16ForceSuccessNode4tickEv]+0x6a): undefined reference to `BT::DecoratorNode::resetChild()'
[6.287s] /usr/bin/ld: CMakeFiles/ros2_cpp_code.dir/src/ros2_cpp_code.cpp.o: in function `BT::ForceFailureNode::tick()':
[6.287s] ros2_cpp_code.cpp:(.text._ZN2BT16ForceFailureNode4tickEv[_ZN2BT16ForceFailureNode4tickEv]+0x2c): undefined reference to `BT::TreeNode::setStatus(BT::NodeStatus)'
[6.288s] /usr/bin/ld: ros2_cpp_code.cpp:(.text._ZN2BT16ForceFailureNode4tickEv[_ZN2BT16ForceFailureNode4tickEv]+0x6a): undefined reference to `BT::DecoratorNode::resetChild()'
[6.288s] /usr/bin/ld: CMakeFiles/ros2_cpp_code.dir/src/ros2_cpp_code.cpp.o: in function `BT::KeepRunningUntilFailureNode::tick()':
[6.288s] ros2_cpp_code.cpp:(.text._ZN2BT27KeepRunningUntilFailureNode4tickEv[_ZN2BT27KeepRunningUntilFailureNode4tickEv]+0x1d): undefined reference to `BT::TreeNode::setStatus(BT::NodeStatus)'
[6.288s] /usr/bin/ld: ros2_cpp_code.cpp:(.text._ZN2BT27KeepRunningUntilFailureNode4tickEv[_ZN2BT27KeepRunningUntilFailureNode4tickEv]+0x65): undefined reference to `BT::DecoratorNode::resetChild()'
[6.289s] /usr/bin/ld: ros2_cpp_code.cpp:(.text._ZN2BT27KeepRunningUntilFailureNode4tickEv[_ZN2BT27KeepRunningUntilFailureNode4tickEv]+0x78): undefined reference to `BT::DecoratorNode::resetChild()'
[6.289s] /usr/bin/ld: ros2_cpp_code.cpp:(.text._ZN2BT27KeepRunningUntilFailureNode4tickEv[_ZN2BT27KeepRunningUntilFailureNode4tickEv]+0x92): undefined reference to `BT::TreeNode::status() const'
[6.289s] /usr/bin/ld: CMakeFiles/ros2_cpp_code.dir/src/ros2_cpp_code.cpp.o: in function `MoveForward::MoveForward(std::__cxx11::basic_string<char, std::char_traits<char>, std::allocator<char> > const&)':
[6.289s] ros2_cpp_code.cpp:(.text._ZN11MoveForwardC2ERKNSt7__cxx1112basic_stringIcSt11char_traitsIcESaIcEEE[_ZN11MoveForwardC5ERKNSt7__cxx1112basic_stringIcSt11char_traitsIcESaIcEEE]+0x58): undefined reference to `BT::SyncActionNode::SyncActionNode(std::__cxx11::basic_string<char, std::char_traits<char>, std::allocator<char> > const&, BT::NodeConfig const&)'
[6.290s] /usr/bin/ld: CMakeFiles/ros2_cpp_code.dir/src/ros2_cpp_code.cpp.o: in function `TurnLeft::TurnLeft(std::__cxx11::basic_string<char, std::char_traits<char>, std::allocator<char> > const&)':
[6.290s] ros2_cpp_code.cpp:(.text._ZN8TurnLeftC2ERKNSt7__cxx1112basic_stringIcSt11char_traitsIcESaIcEEE[_ZN8TurnLeftC5ERKNSt7__cxx1112basic_stringIcSt11char_traitsIcESaIcEEE]+0x58): undefined reference to `BT::SyncActionNode::SyncActionNode(std::__cxx11::basic_string<char, std::char_traits<char>, std::allocator<char> > const&, BT::NodeConfig const&)'
[6.290s] /usr/bin/ld: CMakeFiles/ros2_cpp_code.dir/src/ros2_cpp_code.cpp.o: in function `MoveRight::MoveRight(std::__cxx11::basic_string<char, std::char_traits<char>, std::allocator<char> > const&)':
[6.290s] ros2_cpp_code.cpp:(.text._ZN9MoveRightC2ERKNSt7__cxx1112basic_stringIcSt11char_traitsIcESaIcEEE[_ZN9MoveRightC5ERKNSt7__cxx1112basic_stringIcSt11char_traitsIcESaIcEEE]+0x58): undefined reference to `BT::SyncActionNode::SyncActionNode(std::__cxx11::basic_string<char, std::char_traits<char>, std::allocator<char> > const&, BT::NodeConfig const&)'
[6.290s] /usr/bin/ld: CMakeFiles/ros2_cpp_code.dir/src/ros2_cpp_code.cpp.o: in function `StopMovement::StopMovement(std::__cxx11::basic_string<char, std::char_traits<char>, std::allocator<char> > const&)':
[6.291s] ros2_cpp_code.cpp:(.text._ZN12StopMovementC2ERKNSt7__cxx1112basic_stringIcSt11char_traitsIcESaIcEEE[_ZN12StopMovementC5ERKNSt7__cxx1112basic_stringIcSt11char_traitsIcESaIcEEE]+0x58): undefined reference to `BT::SyncActionNode::SyncActionNode(std::__cxx11::basic_string<char, std::char_traits<char>, std::allocator<char> > const&, BT::NodeConfig const&)'
[6.291s] /usr/bin/ld: CMakeFiles/ros2_cpp_code.dir/src/ros2_cpp_code.cpp.o: in function `CheckBattery::CheckBattery(std::__cxx11::basic_string<char, std::char_traits<char>, std::allocator<char> > const&)':
[6.291s] ros2_cpp_code.cpp:(.text._ZN12CheckBatteryC2ERKNSt7__cxx1112basic_stringIcSt11char_traitsIcESaIcEEE[_ZN12CheckBatteryC5ERKNSt7__cxx1112basic_stringIcSt11char_traitsIcESaIcEEE]+0x58): undefined reference to `BT::ConditionNode::ConditionNode(std::__cxx11::basic_string<char, std::char_traits<char>, std::allocator<char> > const&, BT::NodeConfig const&)'
[6.291s] /usr/bin/ld: CMakeFiles/ros2_cpp_code.dir/src/ros2_cpp_code.cpp.o: in function `MySelector::MySelector(std::__cxx11::basic_string<char, std::char_traits<char>, std::allocator<char> > const&)':
[6.291s] ros2_cpp_code.cpp:(.text._ZN10MySelectorC2ERKNSt7__cxx1112basic_stringIcSt11char_traitsIcESaIcEEE[_ZN10MySelectorC5ERKNSt7__cxx1112basic_stringIcSt11char_traitsIcESaIcEEE]+0x58): undefined reference to `BT::ControlNode::ControlNode(std::__cxx11::basic_string<char, std::char_traits<char>, std::allocator<char> > const&, BT::NodeConfig const&)'
[6.291s] /usr/bin/ld: CMakeFiles/ros2_cpp_code.dir/src/ros2_cpp_code.cpp.o: in function `BT::TreeNode::getInput<bool>(std::__cxx11::basic_string<char, std::char_traits<char>, std::allocator<char> > const&, bool&) const::{lambda(std::__cxx11::basic_string<char, std::char_traits<char>, std::allocator<char> > const&)#1}::operator()(std::__cxx11::basic_string<char, std::char_traits<char>, std::allocator<char> > const&) const':
[6.291s] ros2_cpp_code.cpp:(.text._ZZNK2BT8TreeNode8getInputIbEEN6nonstd13expected_lite8expectedISt9monostateNSt7__cxx1112basic_stringIcSt11char_traitsIcESaIcEEEEERKSB_RT_ENKUlSE_E_clESE_[_ZZNK2BT8TreeNode8getInputIbEEN6nonstd13expected_lite8expectedISt9monostateNSt7__cxx1112basic_stringIcSt11char_traitsIcESaIcEEEEERKSB_RT_ENKUlSE_E_clESE_]+0x31): undefined reference to `bool BT::convertFromString<bool>(std::basic_string_view<char, std::char_traits<char> >)'
[6.291s] /usr/bin/ld: CMakeFiles/ros2_cpp_code.dir/src/ros2_cpp_code.cpp.o: in function `nonstd::expected_lite::expected<std::monostate, std::__cxx11::basic_string<char, std::char_traits<char>, std::allocator<char> > > BT::TreeNode::getInput<bool>(std::__cxx11::basic_string<char, std::char_traits<char>, std::allocator<char> > const&, bool&) const':
[6.291s] ros2_cpp_code.cpp:(.text._ZNK2BT8TreeNode8getInputIbEEN6nonstd13expected_lite8expectedISt9monostateNSt7__cxx1112basic_stringIcSt11char_traitsIcESaIcEEEEERKSB_RT_[_ZNK2BT8TreeNode8getInputIbEEN6nonstd13expected_lite8expectedISt9monostateNSt7__cxx1112basic_stringIcSt11char_traitsIcESaIcEEEEERKSB_RT_]+0x58): undefined reference to `BT::TreeNode::config() const'
[6.291s] /usr/bin/ld: ros2_cpp_code.cpp:(.text._ZNK2BT8TreeNode8getInputIbEEN6nonstd13expected_lite8expectedISt9monostateNSt7__cxx1112basic_stringIcSt11char_traitsIcESaIcEEEEERKSB_RT_[_ZNK2BT8TreeNode8getInputIbEEN6nonstd13expected_lite8expectedISt9monostateNSt7__cxx1112basic_stringIcSt11char_traitsIcESaIcEEEEERKSB_RT_]+0x84): undefined reference to `BT::TreeNode::config() const'
[6.292s] /usr/bin/ld: ros2_cpp_code.cpp:(.text._ZNK2BT8TreeNode8getInputIbEEN6nonstd13expected_lite8expectedISt9monostateNSt7__cxx1112basic_stringIcSt11char_traitsIcESaIcEEEEERKSB_RT_[_ZNK2BT8TreeNode8getInputIbEEN6nonstd13expected_lite8expectedISt9monostateNSt7__cxx1112basic_stringIcSt11char_traitsIcESaIcEEEEERKSB_RT_]+0x1aa): undefined reference to `BT::TreeNode::config() const'
[6.292s] /usr/bin/ld: ros2_cpp_code.cpp:(.text._ZNK2BT8TreeNode8getInputIbEEN6nonstd13expected_lite8expectedISt9monostateNSt7__cxx1112basic_stringIcSt11char_traitsIcESaIcEEEEERKSB_RT_[_ZNK2BT8TreeNode8getInputIbEEN6nonstd13expected_lite8expectedISt9monostateNSt7__cxx1112basic_stringIcSt11char_traitsIcESaIcEEEEERKSB_RT_]+0x1d9): undefined reference to `BT::TreeNode::config() const'
[6.292s] /usr/bin/ld: ros2_cpp_code.cpp:(.text._ZNK2BT8TreeNode8getInputIbEEN6nonstd13expected_lite8expectedISt9monostateNSt7__cxx1112basic_stringIcSt11char_traitsIcESaIcEEEEERKSB_RT_[_ZNK2BT8TreeNode8getInputIbEEN6nonstd13expected_lite8expectedISt9monostateNSt7__cxx1112basic_stringIcSt11char_traitsIcESaIcEEEEERKSB_RT_]+0x20c): undefined reference to `BT::PortInfo::defaultValue() const'
[6.292s] /usr/bin/ld: ros2_cpp_code.cpp:(.text._ZNK2BT8TreeNode8getInputIbEEN6nonstd13expected_lite8expectedISt9monostateNSt7__cxx1112basic_stringIcSt11char_traitsIcESaIcEEEEERKSB_RT_[_ZNK2BT8TreeNode8getInputIbEEN6nonstd13expected_lite8expectedISt9monostateNSt7__cxx1112basic_stringIcSt11char_traitsIcESaIcEEEEERKSB_RT_]+0x2cc): undefined reference to `BT::TreeNode::getRemappedKey[abi:cxx11](std::basic_string_view<char, std::char_traits<char> >, std::basic_string_view<char, std::char_traits<char> >)'
[6.292s] /usr/bin/ld: ros2_cpp_code.cpp:(.text._ZNK2BT8TreeNode8getInputIbEEN6nonstd13expected_lite8expectedISt9monostateNSt7__cxx1112basic_stringIcSt11char_traitsIcESaIcEEEEERKSB_RT_[_ZNK2BT8TreeNode8getInputIbEEN6nonstd13expected_lite8expectedISt9monostateNSt7__cxx1112basic_stringIcSt11char_traitsIcESaIcEEEEERKSB_RT_]+0x337): undefined reference to `BT::TreeNode::config() const'
[6.292s] /usr/bin/ld: ros2_cpp_code.cpp:(.text._ZNK2BT8TreeNode8getInputIbEEN6nonstd13expected_lite8expectedISt9monostateNSt7__cxx1112basic_stringIcSt11char_traitsIcESaIcEEEEERKSB_RT_[_ZNK2BT8TreeNode8getInputIbEEN6nonstd13expected_lite8expectedISt9monostateNSt7__cxx1112basic_stringIcSt11char_traitsIcESaIcEEEEERKSB_RT_]+0x389): undefined reference to `BT::TreeNode::config() const'
[6.293s] /usr/bin/ld: ros2_cpp_code.cpp:(.text._ZNK2BT8TreeNode8getInputIbEEN6nonstd13expected_lite8expectedISt9monostateNSt7__cxx1112basic_stringIcSt11char_traitsIcESaIcEEEEERKSB_RT_[_ZNK2BT8TreeNode8getInputIbEEN6nonstd13expected_lite8expectedISt9monostateNSt7__cxx1112basic_stringIcSt11char_traitsIcESaIcEEEEERKSB_RT_]+0x3d6): undefined reference to `BT::Blackboard::getAnyLocked(std::__cxx11::basic_string<char, std::char_traits<char>, std::allocator<char> > const&)'
[6.293s] /usr/bin/ld: CMakeFiles/ros2_cpp_code.dir/src/ros2_cpp_code.cpp.o: in function `void BT::BehaviorTreeFactory::registerNodeType<MoveForward>(std::__cxx11::basic_string<char, std::char_traits<char>, std::allocator<char> > const&, std::unordered_map<std::__cxx11::basic_string<char, std::char_traits<char>, std::allocator<char> >, BT::PortInfo, std::hash<std::__cxx11::basic_string<char, std::char_traits<char>, std::allocator<char> > >, std::equal_to<std::__cxx11::basic_string<char, std::char_traits<char>, std::allocator<char> > >, std::allocator<std::pair<std::__cxx11::basic_string<char, std::char_traits<char>, std::allocator<char> > const, BT::PortInfo> > > const&)':
[6.293s] ros2_cpp_code.cpp:(.text._ZN2BT19BehaviorTreeFactory16registerNodeTypeI11MoveForwardJEEEvRKNSt7__cxx1112basic_stringIcSt11char_traitsIcESaIcEEERKSt13unordered_mapIS8_NS_8PortInfoESt4hashIS8_ESt8equal_toIS8_ESaISt4pairIS9_SC_EEEDpT0_[_ZN2BT19BehaviorTreeFactory16registerNodeTypeI11MoveForwardJEEEvRKNSt7__cxx1112basic_stringIcSt11char_traitsIcESaIcEEERKSt13unordered_mapIS8_NS_8PortInfoESt4hashIS8_ESt8equal_toIS8_ESaISt4pairIS9_SC_EEEDpT0_]+0xa6): undefined reference to `BT::BehaviorTreeFactory::registerBuilder(BT::TreeNodeManifest const&, std::function<std::unique_ptr<BT::TreeNode, std::default_delete<BT::TreeNode> > (std::__cxx11::basic_string<char, std::char_traits<char>, std::allocator<char> > const&, BT::NodeConfig const&)> const&)'
[6.294s] /usr/bin/ld: CMakeFiles/ros2_cpp_code.dir/src/ros2_cpp_code.cpp.o: in function `void BT::BehaviorTreeFactory::registerNodeType<TurnLeft>(std::__cxx11::basic_string<char, std::char_traits<char>, std::allocator<char> > const&, std::unordered_map<std::__cxx11::basic_string<char, std::char_traits<char>, std::allocator<char> >, BT::PortInfo, std::hash<std::__cxx11::basic_string<char, std::char_traits<char>, std::allocator<char> > >, std::equal_to<std::__cxx11::basic_string<char, std::char_traits<char>, std::allocator<char> > >, std::allocator<std::pair<std::__cxx11::basic_string<char, std::char_traits<char>, std::allocator<char> > const, BT::PortInfo> > > const&)':
[6.294s] ros2_cpp_code.cpp:(.text._ZN2BT19BehaviorTreeFactory16registerNodeTypeI8TurnLeftJEEEvRKNSt7__cxx1112basic_stringIcSt11char_traitsIcESaIcEEERKSt13unordered_mapIS8_NS_8PortInfoESt4hashIS8_ESt8equal_toIS8_ESaISt4pairIS9_SC_EEEDpT0_[_ZN2BT19BehaviorTreeFactory16registerNodeTypeI8TurnLeftJEEEvRKNSt7__cxx1112basic_stringIcSt11char_traitsIcESaIcEEERKSt13unordered_mapIS8_NS_8PortInfoESt4hashIS8_ESt8equal_toIS8_ESaISt4pairIS9_SC_EEEDpT0_]+0xa6): undefined reference to `BT::BehaviorTreeFactory::registerBuilder(BT::TreeNodeManifest const&, std::function<std::unique_ptr<BT::TreeNode, std::default_delete<BT::TreeNode> > (std::__cxx11::basic_string<char, std::char_traits<char>, std::allocator<char> > const&, BT::NodeConfig const&)> const&)'
[6.294s] /usr/bin/ld: CMakeFiles/ros2_cpp_code.dir/src/ros2_cpp_code.cpp.o: in function `void BT::BehaviorTreeFactory::registerNodeType<MoveRight>(std::__cxx11::basic_string<char, std::char_traits<char>, std::allocator<char> > const&, std::unordered_map<std::__cxx11::basic_string<char, std::char_traits<char>, std::allocator<char> >, BT::PortInfo, std::hash<std::__cxx11::basic_string<char, std::char_traits<char>, std::allocator<char> > >, std::equal_to<std::__cxx11::basic_string<char, std::char_traits<char>, std::allocator<char> > >, std::allocator<std::pair<std::__cxx11::basic_string<char, std::char_traits<char>, std::allocator<char> > const, BT::PortInfo> > > const&)':
[6.295s] ros2_cpp_code.cpp:(.text._ZN2BT19BehaviorTreeFactory16registerNodeTypeI9MoveRightJEEEvRKNSt7__cxx1112basic_stringIcSt11char_traitsIcESaIcEEERKSt13unordered_mapIS8_NS_8PortInfoESt4hashIS8_ESt8equal_toIS8_ESaISt4pairIS9_SC_EEEDpT0_[_ZN2BT19BehaviorTreeFactory16registerNodeTypeI9MoveRightJEEEvRKNSt7__cxx1112basic_stringIcSt11char_traitsIcESaIcEEERKSt13unordered_mapIS8_NS_8PortInfoESt4hashIS8_ESt8equal_toIS8_ESaISt4pairIS9_SC_EEEDpT0_]+0xa6): undefined reference to `BT::BehaviorTreeFactory::registerBuilder(BT::TreeNodeManifest const&, std::function<std::unique_ptr<BT::TreeNode, std::default_delete<BT::TreeNode> > (std::__cxx11::basic_string<char, std::char_traits<char>, std::allocator<char> > const&, BT::NodeConfig const&)> const&)'
[6.295s] /usr/bin/ld: CMakeFiles/ros2_cpp_code.dir/src/ros2_cpp_code.cpp.o: in function `void BT::BehaviorTreeFactory::registerNodeType<StopMovement>(std::__cxx11::basic_string<char, std::char_traits<char>, std::allocator<char> > const&, std::unordered_map<std::__cxx11::basic_string<char, std::char_traits<char>, std::allocator<char> >, BT::PortInfo, std::hash<std::__cxx11::basic_string<char, std::char_traits<char>, std::allocator<char> > >, std::equal_to<std::__cxx11::basic_string<char, std::char_traits<char>, std::allocator<char> > >, std::allocator<std::pair<std::__cxx11::basic_string<char, std::char_traits<char>, std::allocator<char> > const, BT::PortInfo> > > const&)':
[6.295s] ros2_cpp_code.cpp:(.text._ZN2BT19BehaviorTreeFactory16registerNodeTypeI12StopMovementJEEEvRKNSt7__cxx1112basic_stringIcSt11char_traitsIcESaIcEEERKSt13unordered_mapIS8_NS_8PortInfoESt4hashIS8_ESt8equal_toIS8_ESaISt4pairIS9_SC_EEEDpT0_[_ZN2BT19BehaviorTreeFactory16registerNodeTypeI12StopMovementJEEEvRKNSt7__cxx1112basic_stringIcSt11char_traitsIcESaIcEEERKSt13unordered_mapIS8_NS_8PortInfoESt4hashIS8_ESt8equal_toIS8_ESaISt4pairIS9_SC_EEEDpT0_]+0xa6): undefined reference to `BT::BehaviorTreeFactory::registerBuilder(BT::TreeNodeManifest const&, std::function<std::unique_ptr<BT::TreeNode, std::default_delete<BT::TreeNode> > (std::__cxx11::basic_string<char, std::char_traits<char>, std::allocator<char> > const&, BT::NodeConfig const&)> const&)'
[6.295s] /usr/bin/ld: CMakeFiles/ros2_cpp_code.dir/src/ros2_cpp_code.cpp.o: in function `void BT::BehaviorTreeFactory::registerNodeType<CheckBattery>(std::__cxx11::basic_string<char, std::char_traits<char>, std::allocator<char> > const&, std::unordered_map<std::__cxx11::basic_string<char, std::char_traits<char>, std::allocator<char> >, BT::PortInfo, std::hash<std::__cxx11::basic_string<char, std::char_traits<char>, std::allocator<char> > >, std::equal_to<std::__cxx11::basic_string<char, std::char_traits<char>, std::allocator<char> > >, std::allocator<std::pair<std::__cxx11::basic_string<char, std::char_traits<char>, std::allocator<char> > const, BT::PortInfo> > > const&)':
[6.295s] ros2_cpp_code.cpp:(.text._ZN2BT19BehaviorTreeFactory16registerNodeTypeI12CheckBatteryJEEEvRKNSt7__cxx1112basic_stringIcSt11char_traitsIcESaIcEEERKSt13unordered_mapIS8_NS_8PortInfoESt4hashIS8_ESt8equal_toIS8_ESaISt4pairIS9_SC_EEEDpT0_[_ZN2BT19BehaviorTreeFactory16registerNodeTypeI12CheckBatteryJEEEvRKNSt7__cxx1112basic_stringIcSt11char_traitsIcESaIcEEERKSt13unordered_mapIS8_NS_8PortInfoESt4hashIS8_ESt8equal_toIS8_ESaISt4pairIS9_SC_EEEDpT0_]+0xa6): undefined reference to `BT::BehaviorTreeFactory::registerBuilder(BT::TreeNodeManifest const&, std::function<std::unique_ptr<BT::TreeNode, std::default_delete<BT::TreeNode> > (std::__cxx11::basic_string<char, std::char_traits<char>, std::allocator<char> > const&, BT::NodeConfig const&)> const&)'
[6.296s] /usr/bin/ld: CMakeFiles/ros2_cpp_code.dir/src/ros2_cpp_code.cpp.o:ros2_cpp_code.cpp:(.text._ZN2BT19BehaviorTreeFactory16registerNodeTypeI10MySelectorJEEEvRKNSt7__cxx1112basic_stringIcSt11char_traitsIcESaIcEEERKSt13unordered_mapIS8_NS_8PortInfoESt4hashIS8_ESt8equal_toIS8_ESaISt4pairIS9_SC_EEEDpT0_[_ZN2BT19BehaviorTreeFactory16registerNodeTypeI10MySelectorJEEEvRKNSt7__cxx1112basic_stringIcSt11char_traitsIcESaIcEEERKSt13unordered_mapIS8_NS_8PortInfoESt4hashIS8_ESt8equal_toIS8_ESaISt4pairIS9_SC_EEEDpT0_]+0xa6): more undefined references to `BT::BehaviorTreeFactory::registerBuilder(BT::TreeNodeManifest const&, std::function<std::unique_ptr<BT::TreeNode, std::default_delete<BT::TreeNode> > (std::__cxx11::basic_string<char, std::char_traits<char>, std::allocator<char> > const&, BT::NodeConfig const&)> const&)' follow
[6.296s] /usr/bin/ld: CMakeFiles/ros2_cpp_code.dir/src/ros2_cpp_code.cpp.o: in function `std::unique_ptr<BT::TreeNode, std::default_delete<BT::TreeNode> > BT::TreeNode::Instantiate<MoveForward>(std::__cxx11::basic_string<char, std::char_traits<char>, std::allocator<char> > const&, BT::NodeConfig const&)':
[6.296s] ros2_cpp_code.cpp:(.text._ZN2BT8TreeNode11InstantiateI11MoveForwardJEEESt10unique_ptrIS0_St14default_deleteIS0_EERKNSt7__cxx1112basic_stringIcSt11char_traitsIcESaIcEEERKNS_10NodeConfigEDpT0_[_ZN2BT8TreeNode11InstantiateI11MoveForwardJEEESt10unique_ptrIS0_St14default_deleteIS0_EERKNSt7__cxx1112basic_stringIcSt11char_traitsIcESaIcEEERKNS_10NodeConfigEDpT0_]+0x52): undefined reference to `BT::TreeNode::config()'
[6.296s] /usr/bin/ld: CMakeFiles/ros2_cpp_code.dir/src/ros2_cpp_code.cpp.o: in function `std::unique_ptr<BT::TreeNode, std::default_delete<BT::TreeNode> > BT::TreeNode::Instantiate<TurnLeft>(std::__cxx11::basic_string<char, std::char_traits<char>, std::allocator<char> > const&, BT::NodeConfig const&)':
[6.296s] ros2_cpp_code.cpp:(.text._ZN2BT8TreeNode11InstantiateI8TurnLeftJEEESt10unique_ptrIS0_St14default_deleteIS0_EERKNSt7__cxx1112basic_stringIcSt11char_traitsIcESaIcEEERKNS_10NodeConfigEDpT0_[_ZN2BT8TreeNode11InstantiateI8TurnLeftJEEESt10unique_ptrIS0_St14default_deleteIS0_EERKNSt7__cxx1112basic_stringIcSt11char_traitsIcESaIcEEERKNS_10NodeConfigEDpT0_]+0x52): undefined reference to `BT::TreeNode::config()'
[6.296s] /usr/bin/ld: CMakeFiles/ros2_cpp_code.dir/src/ros2_cpp_code.cpp.o: in function `std::unique_ptr<BT::TreeNode, std::default_delete<BT::TreeNode> > BT::TreeNode::Instantiate<MoveRight>(std::__cxx11::basic_string<char, std::char_traits<char>, std::allocator<char> > const&, BT::NodeConfig const&)':
[6.298s] ros2_cpp_code.cpp:(.text._ZN2BT8TreeNode11InstantiateI9MoveRightJEEESt10unique_ptrIS0_St14default_deleteIS0_EERKNSt7__cxx1112basic_stringIcSt11char_traitsIcESaIcEEERKNS_10NodeConfigEDpT0_[_ZN2BT8TreeNode11InstantiateI9MoveRightJEEESt10unique_ptrIS0_St14default_deleteIS0_EERKNSt7__cxx1112basic_stringIcSt11char_traitsIcESaIcEEERKNS_10NodeConfigEDpT0_]+0x52): undefined reference to `BT::TreeNode::config()'
[6.298s] /usr/bin/ld: CMakeFiles/ros2_cpp_code.dir/src/ros2_cpp_code.cpp.o: in function `std::unique_ptr<BT::TreeNode, std::default_delete<BT::TreeNode> > BT::TreeNode::Instantiate<StopMovement>(std::__cxx11::basic_string<char, std::char_traits<char>, std::allocator<char> > const&, BT::NodeConfig const&)':
[6.299s] ros2_cpp_code.cpp:(.text._ZN2BT8TreeNode11InstantiateI12StopMovementJEEESt10unique_ptrIS0_St14default_deleteIS0_EERKNSt7__cxx1112basic_stringIcSt11char_traitsIcESaIcEEERKNS_10NodeConfigEDpT0_[_ZN2BT8TreeNode11InstantiateI12StopMovementJEEESt10unique_ptrIS0_St14default_deleteIS0_EERKNSt7__cxx1112basic_stringIcSt11char_traitsIcESaIcEEERKNS_10NodeConfigEDpT0_]+0x52): undefined reference to `BT::TreeNode::config()'
[6.299s] /usr/bin/ld: CMakeFiles/ros2_cpp_code.dir/src/ros2_cpp_code.cpp.o: in function `std::unique_ptr<BT::TreeNode, std::default_delete<BT::TreeNode> > BT::TreeNode::Instantiate<CheckBattery>(std::__cxx11::basic_string<char, std::char_traits<char>, std::allocator<char> > const&, BT::NodeConfig const&)':
[6.299s] ros2_cpp_code.cpp:(.text._ZN2BT8TreeNode11InstantiateI12CheckBatteryJEEESt10unique_ptrIS0_St14default_deleteIS0_EERKNSt7__cxx1112basic_stringIcSt11char_traitsIcESaIcEEERKNS_10NodeConfigEDpT0_[_ZN2BT8TreeNode11InstantiateI12CheckBatteryJEEESt10unique_ptrIS0_St14default_deleteIS0_EERKNSt7__cxx1112basic_stringIcSt11char_traitsIcESaIcEEERKNS_10NodeConfigEDpT0_]+0x52): undefined reference to `BT::TreeNode::config()'
[6.299s] /usr/bin/ld: CMakeFiles/ros2_cpp_code.dir/src/ros2_cpp_code.cpp.o:ros2_cpp_code.cpp:(.text._ZN2BT8TreeNode11InstantiateI10MySelectorJEEESt10unique_ptrIS0_St14default_deleteIS0_EERKNSt7__cxx1112basic_stringIcSt11char_traitsIcESaIcEEERKNS_10NodeConfigEDpT0_[_ZN2BT8TreeNode11InstantiateI10MySelectorJEEESt10unique_ptrIS0_St14default_deleteIS0_EERKNSt7__cxx1112basic_stringIcSt11char_traitsIcESaIcEEERKNS_10NodeConfigEDpT0_]+0x52): more undefined references to `BT::TreeNode::config()' follow
[6.299s] /usr/bin/ld: CMakeFiles/ros2_cpp_code.dir/src/ros2_cpp_code.cpp.o:(.data.rel.ro._ZTV10MySelector[_ZTV10MySelector]+0x20): undefined reference to `BT::TreeNode::executeTick()'
[6.299s] /usr/bin/ld: CMakeFiles/ros2_cpp_code.dir/src/ros2_cpp_code.cpp.o:(.data.rel.ro._ZTV10MySelector[_ZTV10MySelector]+0x38): undefined reference to `BT::ControlNode::halt()'
[6.299s] /usr/bin/ld: CMakeFiles/ros2_cpp_code.dir/src/ros2_cpp_code.cpp.o:(.data.rel.ro._ZTV12CheckBattery[_ZTV12CheckBattery]+0x20): undefined reference to `BT::TreeNode::executeTick()'
[6.300s] /usr/bin/ld: CMakeFiles/ros2_cpp_code.dir/src/ros2_cpp_code.cpp.o:(.data.rel.ro._ZTV12StopMovement[_ZTV12StopMovement]+0x20): undefined reference to `BT::SyncActionNode::executeTick()'
[6.300s] /usr/bin/ld: CMakeFiles/ros2_cpp_code.dir/src/ros2_cpp_code.cpp.o:(.data.rel.ro._ZTV9MoveRight[_ZTV9MoveRight]+0x20): undefined reference to `BT::SyncActionNode::executeTick()'
[6.300s] /usr/bin/ld: CMakeFiles/ros2_cpp_code.dir/src/ros2_cpp_code.cpp.o:(.data.rel.ro._ZTV8TurnLeft[_ZTV8TurnLeft]+0x20): undefined reference to `BT::SyncActionNode::executeTick()'
[6.300s] /usr/bin/ld: CMakeFiles/ros2_cpp_code.dir/src/ros2_cpp_code.cpp.o:(.data.rel.ro._ZTV11MoveForward[_ZTV11MoveForward]+0x20): undefined reference to `BT::SyncActionNode::executeTick()'
[6.300s] /usr/bin/ld: CMakeFiles/ros2_cpp_code.dir/src/ros2_cpp_code.cpp.o:(.data.rel.ro._ZTVN2BT27KeepRunningUntilFailureNodeE[_ZTVN2BT27KeepRunningUntilFailureNodeE]+0x20): undefined reference to `BT::DecoratorNode::executeTick()'
[6.300s] /usr/bin/ld: CMakeFiles/ros2_cpp_code.dir/src/ros2_cpp_code.cpp.o:(.data.rel.ro._ZTVN2BT27KeepRunningUntilFailureNodeE[_ZTVN2BT27KeepRunningUntilFailureNodeE]+0x38): undefined reference to `BT::DecoratorNode::halt()'
[6.300s] /usr/bin/ld: CMakeFiles/ros2_cpp_code.dir/src/ros2_cpp_code.cpp.o:(.data.rel.ro._ZTVN2BT16ForceFailureNodeE[_ZTVN2BT16ForceFailureNodeE]+0x20): undefined reference to `BT::DecoratorNode::executeTick()'
[6.300s] /usr/bin/ld: CMakeFiles/ros2_cpp_code.dir/src/ros2_cpp_code.cpp.o:(.data.rel.ro._ZTVN2BT16ForceFailureNodeE[_ZTVN2BT16ForceFailureNodeE]+0x38): undefined reference to `BT::DecoratorNode::halt()'
[6.301s] /usr/bin/ld: CMakeFiles/ros2_cpp_code.dir/src/ros2_cpp_code.cpp.o:(.data.rel.ro._ZTVN2BT16ForceSuccessNodeE[_ZTVN2BT16ForceSuccessNodeE]+0x20): undefined reference to `BT::DecoratorNode::executeTick()'
[6.301s] /usr/bin/ld: CMakeFiles/ros2_cpp_code.dir/src/ros2_cpp_code.cpp.o:(.data.rel.ro._ZTVN2BT16ForceSuccessNodeE[_ZTVN2BT16ForceSuccessNodeE]+0x38): undefined reference to `BT::DecoratorNode::halt()'
[6.301s] /usr/bin/ld: CMakeFiles/ros2_cpp_code.dir/src/ros2_cpp_code.cpp.o:(.data.rel.ro._ZTVN2BT11RunOnceNodeE[_ZTVN2BT11RunOnceNodeE]+0x20): undefined reference to `BT::DecoratorNode::executeTick()'
[6.301s] /usr/bin/ld: CMakeFiles/ros2_cpp_code.dir/src/ros2_cpp_code.cpp.o:(.data.rel.ro._ZTVN2BT11RunOnceNodeE[_ZTVN2BT11RunOnceNodeE]+0x38): undefined reference to `BT::DecoratorNode::halt()'
[6.301s] /usr/bin/ld: CMakeFiles/ros2_cpp_code.dir/src/ros2_cpp_code.cpp.o:(.data.rel.ro._ZTVN2BT13ConditionNodeE[_ZTVN2BT13ConditionNodeE]+0x20): undefined reference to `BT::TreeNode::executeTick()'
[6.301s] /usr/bin/ld: CMakeFiles/ros2_cpp_code.dir/src/ros2_cpp_code.cpp.o:(.data.rel.ro._ZTVN2BT14ActionNodeBaseE[_ZTVN2BT14ActionNodeBaseE]+0x20): undefined reference to `BT::TreeNode::executeTick()'
[6.301s] /usr/bin/ld: CMakeFiles/ros2_cpp_code.dir/src/ros2_cpp_code.cpp.o:(.data.rel.ro._ZTVN2BT8LeafNodeE[_ZTVN2BT8LeafNodeE]+0x20): undefined reference to `BT::TreeNode::executeTick()'
[6.301s] /usr/bin/ld: CMakeFiles/ros2_cpp_code.dir/src/ros2_cpp_code.cpp.o:(.data.rel.ro._ZTI10MySelector[_ZTI10MySelector]+0x10): undefined reference to `typeinfo for BT::ControlNode'
[6.302s] /usr/bin/ld: CMakeFiles/ros2_cpp_code.dir/src/ros2_cpp_code.cpp.o:(.data.rel.ro._ZTI12StopMovement[_ZTI12StopMovement]+0x10): undefined reference to `typeinfo for BT::SyncActionNode'
[6.302s] /usr/bin/ld: CMakeFiles/ros2_cpp_code.dir/src/ros2_cpp_code.cpp.o:(.data.rel.ro._ZTI9MoveRight[_ZTI9MoveRight]+0x10): undefined reference to `typeinfo for BT::SyncActionNode'
[6.302s] /usr/bin/ld: CMakeFiles/ros2_cpp_code.dir/src/ros2_cpp_code.cpp.o:(.data.rel.ro._ZTI8TurnLeft[_ZTI8TurnLeft]+0x10): undefined reference to `typeinfo for BT::SyncActionNode'
[6.302s] /usr/bin/ld: CMakeFiles/ros2_cpp_code.dir/src/ros2_cpp_code.cpp.o:(.data.rel.ro._ZTI11MoveForward[_ZTI11MoveForward]+0x10): undefined reference to `typeinfo for BT::SyncActionNode'
[6.302s] /usr/bin/ld: CMakeFiles/ros2_cpp_code.dir/src/ros2_cpp_code.cpp.o:(.data.rel.ro._ZTIN2BT27KeepRunningUntilFailureNodeE[_ZTIN2BT27KeepRunningUntilFailureNodeE]+0x10): undefined reference to `typeinfo for BT::DecoratorNode'
[6.302s] /usr/bin/ld: CMakeFiles/ros2_cpp_code.dir/src/ros2_cpp_code.cpp.o:(.data.rel.ro._ZTIN2BT16ForceFailureNodeE[_ZTIN2BT16ForceFailureNodeE]+0x10): undefined reference to `typeinfo for BT::DecoratorNode'
[6.302s] /usr/bin/ld: CMakeFiles/ros2_cpp_code.dir/src/ros2_cpp_code.cpp.o:(.data.rel.ro._ZTIN2BT16ForceSuccessNodeE[_ZTIN2BT16ForceSuccessNodeE]+0x10): undefined reference to `typeinfo for BT::DecoratorNode'
[6.303s] /usr/bin/ld: CMakeFiles/ros2_cpp_code.dir/src/ros2_cpp_code.cpp.o:(.data.rel.ro._ZTIN2BT11RunOnceNodeE[_ZTIN2BT11RunOnceNodeE]+0x10): undefined reference to `typeinfo for BT::DecoratorNode'
[6.303s] /usr/bin/ld: CMakeFiles/ros2_cpp_code.dir/src/ros2_cpp_code.cpp.o:(.data.rel.ro._ZTIN2BT8LeafNodeE[_ZTIN2BT8LeafNodeE]+0x10): undefined reference to `typeinfo for BT::TreeNode'
[6.320s] /usr/bin/ld: warning: creating DT_TEXTREL in a PIE
[6.325s] collect2: error: ld returned 1 exit status
[6.328s] gmake[2]: *** [CMakeFiles/ros2_cpp_code.dir/build.make:191: ros2_cpp_code] Error 1
[6.329s] gmake[1]: *** [CMakeFiles/Makefile2:139: CMakeFiles/ros2_cpp_code.dir/all] Error 2
[6.330s] gmake: *** [Makefile:146: all] Error 2
[6.334s] Invoked command in '/home/bhanu/ros2_cpp/build/ros2_cpp_pkg' returned '2': CMAKE_PREFIX_PATH=/home/bhanu/ros2_ws/install/my_robot_controller:/opt/ros/humble /usr/bin/cmake --build /home/bhanu/ros2_cpp/build/ros2_cpp_pkg -- -j4 -l4
