[1.581s] DEBUG:colcon:Command line arguments: ['/usr/bin/colcon', 'build', '--symlink-install']
[1.581s] DEBUG:colcon:Parsed command line arguments: Namespace(log_base=None, log_level=None, verb_name='build', build_base='build', install_base='install', merge_install=False, symlink_install=True, test_result_base=None, continue_on_error=False, executor='parallel', parallel_workers=4, event_handlers=None, ignore_user_meta=False, metas=['./colcon.meta'], base_paths=['.'], packages_ignore=None, packages_ignore_regex=None, paths=None, packages_up_to=None, packages_up_to_regex=None, packages_above=None, packages_above_and_dependencies=None, packages_above_depth=None, packages_select_by_dep=None, packages_skip_by_dep=None, packages_skip_up_to=None, packages_select_build_failed=False, packages_skip_build_finished=False, packages_select_test_failures=False, packages_skip_test_passed=False, packages_select=None, packages_skip=None, packages_select_regex=None, packages_skip_regex=None, packages_start=None, packages_end=None, allow_overriding=[], cmake_args=None, cmake_target=None, cmake_target_skip_unavailable=False, cmake_clean_cache=False, cmake_clean_first=False, cmake_force_configure=False, ament_cmake_args=None, catkin_cmake_args=None, catkin_skip_building_tests=False, verb_parser=<colcon_defaults.argument_parser.defaults.DefaultArgumentsDecorator object at 0x7fc4cc382920>, verb_extension=<colcon_core.verb.build.BuildVerb object at 0x7fc4cc3815d0>, main=<bound method BuildVerb.main of <colcon_core.verb.build.BuildVerb object at 0x7fc4cc3815d0>>)
[1.644s] Level 1:colcon.colcon_core.package_discovery:discover_packages(colcon_meta) check parameters
[1.644s] Level 1:colcon.colcon_core.package_discovery:discover_packages(recursive) check parameters
[1.644s] Level 1:colcon.colcon_core.package_discovery:discover_packages(ignore) check parameters
[1.644s] Level 1:colcon.colcon_core.package_discovery:discover_packages(path) check parameters
[1.644s] Level 1:colcon.colcon_core.package_discovery:discover_packages(colcon_meta) discover
[1.644s] Level 1:colcon.colcon_core.package_discovery:discover_packages(recursive) discover
[1.644s] INFO:colcon.colcon_core.package_discovery:Crawling recursively for packages in '/home/bhanu/ros2_cpp'
[1.645s] Level 1:colcon.colcon_core.package_identification:_identify(.) by extensions ['ignore', 'ignore_ament_install']
[1.645s] Level 1:colcon.colcon_core.package_identification:_identify(.) by extension 'ignore'
[1.645s] Level 1:colcon.colcon_core.package_identification:_identify(.) by extension 'ignore_ament_install'
[1.645s] Level 1:colcon.colcon_core.package_identification:_identify(.) by extensions ['colcon_pkg']
[1.645s] Level 1:colcon.colcon_core.package_identification:_identify(.) by extension 'colcon_pkg'
[1.645s] Level 1:colcon.colcon_core.package_identification:_identify(.) by extensions ['colcon_meta']
[1.645s] Level 1:colcon.colcon_core.package_identification:_identify(.) by extension 'colcon_meta'
[1.645s] Level 1:colcon.colcon_core.package_identification:_identify(.) by extensions ['ros']
[1.645s] Level 1:colcon.colcon_core.package_identification:_identify(.) by extension 'ros'
[1.660s] Level 1:colcon.colcon_core.package_identification:_identify(.) by extensions ['cmake', 'python']
[1.660s] Level 1:colcon.colcon_core.package_identification:_identify(.) by extension 'cmake'
[1.661s] Level 1:colcon.colcon_core.package_identification:_identify(.) by extension 'python'
[1.661s] Level 1:colcon.colcon_core.package_identification:_identify(.) by extensions ['python_setup_py']
[1.661s] Level 1:colcon.colcon_core.package_identification:_identify(.) by extension 'python_setup_py'
[1.661s] Level 1:colcon.colcon_core.package_identification:_identify(build) by extensions ['ignore', 'ignore_ament_install']
[1.661s] Level 1:colcon.colcon_core.package_identification:_identify(build) by extension 'ignore'
[1.661s] Level 1:colcon.colcon_core.package_identification:_identify(build) ignored
[1.661s] Level 1:colcon.colcon_core.package_identification:_identify(install) by extensions ['ignore', 'ignore_ament_install']
[1.662s] Level 1:colcon.colcon_core.package_identification:_identify(install) by extension 'ignore'
[1.662s] Level 1:colcon.colcon_core.package_identification:_identify(install) ignored
[1.662s] Level 1:colcon.colcon_core.package_identification:_identify(log) by extensions ['ignore', 'ignore_ament_install']
[1.662s] Level 1:colcon.colcon_core.package_identification:_identify(log) by extension 'ignore'
[1.662s] Level 1:colcon.colcon_core.package_identification:_identify(log) ignored
[1.662s] Level 1:colcon.colcon_core.package_identification:_identify(src) by extensions ['ignore', 'ignore_ament_install']
[1.663s] Level 1:colcon.colcon_core.package_identification:_identify(src) by extension 'ignore'
[1.663s] Level 1:colcon.colcon_core.package_identification:_identify(src) by extension 'ignore_ament_install'
[1.663s] Level 1:colcon.colcon_core.package_identification:_identify(src) by extensions ['colcon_pkg']
[1.663s] Level 1:colcon.colcon_core.package_identification:_identify(src) by extension 'colcon_pkg'
[1.663s] Level 1:colcon.colcon_core.package_identification:_identify(src) by extensions ['colcon_meta']
[1.663s] Level 1:colcon.colcon_core.package_identification:_identify(src) by extension 'colcon_meta'
[1.663s] Level 1:colcon.colcon_core.package_identification:_identify(src) by extensions ['ros']
[1.663s] Level 1:colcon.colcon_core.package_identification:_identify(src) by extension 'ros'
[1.663s] Level 1:colcon.colcon_core.package_identification:_identify(src) by extensions ['cmake', 'python']
[1.663s] Level 1:colcon.colcon_core.package_identification:_identify(src) by extension 'cmake'
[1.663s] Level 1:colcon.colcon_core.package_identification:_identify(src) by extension 'python'
[1.663s] Level 1:colcon.colcon_core.package_identification:_identify(src) by extensions ['python_setup_py']
[1.663s] Level 1:colcon.colcon_core.package_identification:_identify(src) by extension 'python_setup_py'
[1.664s] Level 1:colcon.colcon_core.package_identification:_identify(src/ros2_cpp_pkg) by extensions ['ignore', 'ignore_ament_install']
[1.664s] Level 1:colcon.colcon_core.package_identification:_identify(src/ros2_cpp_pkg) by extension 'ignore'
[1.664s] Level 1:colcon.colcon_core.package_identification:_identify(src/ros2_cpp_pkg) by extension 'ignore_ament_install'
[1.664s] Level 1:colcon.colcon_core.package_identification:_identify(src/ros2_cpp_pkg) by extensions ['colcon_pkg']
[1.664s] Level 1:colcon.colcon_core.package_identification:_identify(src/ros2_cpp_pkg) by extension 'colcon_pkg'
[1.664s] Level 1:colcon.colcon_core.package_identification:_identify(src/ros2_cpp_pkg) by extensions ['colcon_meta']
[1.664s] Level 1:colcon.colcon_core.package_identification:_identify(src/ros2_cpp_pkg) by extension 'colcon_meta'
[1.664s] Level 1:colcon.colcon_core.package_identification:_identify(src/ros2_cpp_pkg) by extensions ['ros']
[1.664s] Level 1:colcon.colcon_core.package_identification:_identify(src/ros2_cpp_pkg) by extension 'ros'
[1.669s] DEBUG:colcon.colcon_core.package_identification:Package 'src/ros2_cpp_pkg' with type 'ros.ament_cmake' and name 'ros2_cpp_pkg'
[1.669s] Level 1:colcon.colcon_core.package_discovery:discover_packages(recursive) using defaults
[1.669s] Level 1:colcon.colcon_core.package_discovery:discover_packages(ignore) discover
[1.669s] Level 1:colcon.colcon_core.package_discovery:discover_packages(ignore) using defaults
[1.669s] Level 1:colcon.colcon_core.package_discovery:discover_packages(path) discover
[1.669s] Level 1:colcon.colcon_core.package_discovery:discover_packages(path) using defaults
[1.804s] Level 1:colcon.colcon_core.package_discovery:discover_packages(prefix_path) check parameters
[1.804s] Level 1:colcon.colcon_core.package_discovery:discover_packages(prefix_path) discover
[1.852s] DEBUG:colcon.colcon_installed_package_information.package_discovery:Found 1 installed packages in /home/bhanu/ros2_cpp/install
[1.874s] DEBUG:colcon.colcon_installed_package_information.package_discovery:Found 1 installed packages in /home/bhanu/ros2_ws/install
[1.921s] DEBUG:colcon.colcon_installed_package_information.package_discovery:Found 270 installed packages in /opt/ros/humble
[1.924s] Level 1:colcon.colcon_core.package_discovery:discover_packages(prefix_path) using defaults
[2.071s] Level 5:colcon.colcon_core.verb:set package 'ros2_cpp_pkg' build argument 'cmake_args' from command line to 'None'
[2.071s] Level 5:colcon.colcon_core.verb:set package 'ros2_cpp_pkg' build argument 'cmake_target' from command line to 'None'
[2.071s] Level 5:colcon.colcon_core.verb:set package 'ros2_cpp_pkg' build argument 'cmake_target_skip_unavailable' from command line to 'False'
[2.071s] Level 5:colcon.colcon_core.verb:set package 'ros2_cpp_pkg' build argument 'cmake_clean_cache' from command line to 'False'
[2.071s] Level 5:colcon.colcon_core.verb:set package 'ros2_cpp_pkg' build argument 'cmake_clean_first' from command line to 'False'
[2.071s] Level 5:colcon.colcon_core.verb:set package 'ros2_cpp_pkg' build argument 'cmake_force_configure' from command line to 'False'
[2.071s] Level 5:colcon.colcon_core.verb:set package 'ros2_cpp_pkg' build argument 'ament_cmake_args' from command line to 'None'
[2.071s] Level 5:colcon.colcon_core.verb:set package 'ros2_cpp_pkg' build argument 'catkin_cmake_args' from command line to 'None'
[2.071s] Level 5:colcon.colcon_core.verb:set package 'ros2_cpp_pkg' build argument 'catkin_skip_building_tests' from command line to 'False'
[2.071s] DEBUG:colcon.colcon_core.verb:Building package 'ros2_cpp_pkg' with the following arguments: {'ament_cmake_args': None, 'build_base': '/home/bhanu/ros2_cpp/build/ros2_cpp_pkg', 'catkin_cmake_args': None, 'catkin_skip_building_tests': False, 'cmake_args': None, 'cmake_clean_cache': False, 'cmake_clean_first': False, 'cmake_force_configure': False, 'cmake_target': None, 'cmake_target_skip_unavailable': False, 'install_base': '/home/bhanu/ros2_cpp/install/ros2_cpp_pkg', 'merge_install': False, 'path': '/home/bhanu/ros2_cpp/src/ros2_cpp_pkg', 'symlink_install': True, 'test_result_base': None}
[2.092s] INFO:colcon.colcon_core.executor:Executing jobs using 'parallel' executor
[2.115s] DEBUG:colcon.colcon_parallel_executor.executor.parallel:run_until_complete
[2.116s] INFO:colcon.colcon_ros.task.ament_cmake.build:Building ROS package in '/home/bhanu/ros2_cpp/src/ros2_cpp_pkg' with build type 'ament_cmake'
[2.116s] INFO:colcon.colcon_cmake.task.cmake.build:Building CMake package in '/home/bhanu/ros2_cpp/src/ros2_cpp_pkg'
[2.147s] INFO:colcon.colcon_core.plugin_system:Skipping extension 'colcon_core.shell.bat': Not used on non-Windows systems
[2.148s] INFO:colcon.colcon_core.shell:Skip shell extension 'powershell' for command environment: Not usable outside of PowerShell
[2.148s] DEBUG:colcon.colcon_core.shell:Skip shell extension 'dsv' for command environment
[2.252s] DEBUG:colcon.colcon_core.event_handler.log_command:Invoking command in '/home/bhanu/ros2_cpp/build/ros2_cpp_pkg': CMAKE_PREFIX_PATH=${CMAKE_PREFIX_PATH}:/home/bhanu/ros2_ws/install/my_robot_controller:/opt/ros/humble /usr/bin/cmake --build /home/bhanu/ros2_cpp/build/ros2_cpp_pkg -- -j4 -l4
[10.235s] DEBUG:colcon.colcon_core.event_handler.log_command:Invoked command in '/home/bhanu/ros2_cpp/build/ros2_cpp_pkg' returned '0': CMAKE_PREFIX_PATH=${CMAKE_PREFIX_PATH}:/home/bhanu/ros2_ws/install/my_robot_controller:/opt/ros/humble /usr/bin/cmake --build /home/bhanu/ros2_cpp/build/ros2_cpp_pkg -- -j4 -l4
[10.303s] DEBUG:colcon.colcon_core.event_handler.log_command:Invoking command in '/home/bhanu/ros2_cpp/build/ros2_cpp_pkg': CMAKE_PREFIX_PATH=${CMAKE_PREFIX_PATH}:/home/bhanu/ros2_ws/install/my_robot_controller:/opt/ros/humble /usr/bin/cmake --install /home/bhanu/ros2_cpp/build/ros2_cpp_pkg
[10.350s] Level 1:colcon.colcon_core.environment:create_environment_scripts_only(ros2_cpp_pkg)
[10.351s] DEBUG:colcon.colcon_core.event_handler.log_command:Invoked command in '/home/bhanu/ros2_cpp/build/ros2_cpp_pkg' returned '0': CMAKE_PREFIX_PATH=${CMAKE_PREFIX_PATH}:/home/bhanu/ros2_ws/install/my_robot_controller:/opt/ros/humble /usr/bin/cmake --install /home/bhanu/ros2_cpp/build/ros2_cpp_pkg
[10.376s] Level 1:colcon.colcon_core.environment:checking '/home/bhanu/ros2_cpp/install/ros2_cpp_pkg' for CMake module files
[10.378s] Level 1:colcon.colcon_core.environment:checking '/home/bhanu/ros2_cpp/install/ros2_cpp_pkg' for CMake config files
[10.378s] Level 1:colcon.colcon_core.shell:create_environment_hook('ros2_cpp_pkg', 'cmake_prefix_path')
[10.401s] INFO:colcon.colcon_core.shell:Creating environment hook '/home/bhanu/ros2_cpp/install/ros2_cpp_pkg/share/ros2_cpp_pkg/hook/cmake_prefix_path.ps1'
[10.402s] INFO:colcon.colcon_core.shell:Creating environment descriptor '/home/bhanu/ros2_cpp/install/ros2_cpp_pkg/share/ros2_cpp_pkg/hook/cmake_prefix_path.dsv'
[10.403s] INFO:colcon.colcon_core.shell:Creating environment hook '/home/bhanu/ros2_cpp/install/ros2_cpp_pkg/share/ros2_cpp_pkg/hook/cmake_prefix_path.sh'
[10.405s] Level 1:colcon.colcon_core.environment:checking '/home/bhanu/ros2_cpp/install/ros2_cpp_pkg/lib'
[10.405s] Level 1:colcon.colcon_core.environment:checking '/home/bhanu/ros2_cpp/install/ros2_cpp_pkg/bin'
[10.405s] Level 1:colcon.colcon_core.environment:checking '/home/bhanu/ros2_cpp/install/ros2_cpp_pkg/lib/pkgconfig/ros2_cpp_pkg.pc'
[10.406s] Level 1:colcon.colcon_core.environment:checking '/home/bhanu/ros2_cpp/install/ros2_cpp_pkg/lib/python3.10/site-packages'
[10.406s] Level 1:colcon.colcon_core.environment:checking '/home/bhanu/ros2_cpp/install/ros2_cpp_pkg/bin'
[10.430s] INFO:colcon.colcon_core.shell:Creating package script '/home/bhanu/ros2_cpp/install/ros2_cpp_pkg/share/ros2_cpp_pkg/package.ps1'
[10.431s] INFO:colcon.colcon_core.shell:Creating package descriptor '/home/bhanu/ros2_cpp/install/ros2_cpp_pkg/share/ros2_cpp_pkg/package.dsv'
[10.432s] INFO:colcon.colcon_core.shell:Creating package script '/home/bhanu/ros2_cpp/install/ros2_cpp_pkg/share/ros2_cpp_pkg/package.sh'
[10.434s] INFO:colcon.colcon_core.shell:Creating package script '/home/bhanu/ros2_cpp/install/ros2_cpp_pkg/share/ros2_cpp_pkg/package.bash'
[10.435s] INFO:colcon.colcon_core.shell:Creating package script '/home/bhanu/ros2_cpp/install/ros2_cpp_pkg/share/ros2_cpp_pkg/package.zsh'
[10.436s] Level 1:colcon.colcon_core.environment:create_file_with_runtime_dependencies(/home/bhanu/ros2_cpp/install/ros2_cpp_pkg/share/colcon-core/packages/ros2_cpp_pkg)
[10.503s] Level 1:colcon.colcon_core.environment:create_environment_scripts_only(ros2_cpp_pkg)
[10.524s] Level 1:colcon.colcon_core.environment:checking '/home/bhanu/ros2_cpp/install/ros2_cpp_pkg' for CMake module files
[10.525s] Level 1:colcon.colcon_core.environment:checking '/home/bhanu/ros2_cpp/install/ros2_cpp_pkg' for CMake config files
[10.525s] Level 1:colcon.colcon_core.shell:create_environment_hook('ros2_cpp_pkg', 'cmake_prefix_path')
[10.545s] INFO:colcon.colcon_core.shell:Creating environment hook '/home/bhanu/ros2_cpp/install/ros2_cpp_pkg/share/ros2_cpp_pkg/hook/cmake_prefix_path.ps1'
[10.546s] INFO:colcon.colcon_core.shell:Creating environment descriptor '/home/bhanu/ros2_cpp/install/ros2_cpp_pkg/share/ros2_cpp_pkg/hook/cmake_prefix_path.dsv'
[10.547s] INFO:colcon.colcon_core.shell:Creating environment hook '/home/bhanu/ros2_cpp/install/ros2_cpp_pkg/share/ros2_cpp_pkg/hook/cmake_prefix_path.sh'
[10.547s] Level 1:colcon.colcon_core.environment:checking '/home/bhanu/ros2_cpp/install/ros2_cpp_pkg/lib'
[10.547s] Level 1:colcon.colcon_core.environment:checking '/home/bhanu/ros2_cpp/install/ros2_cpp_pkg/bin'
[10.548s] Level 1:colcon.colcon_core.environment:checking '/home/bhanu/ros2_cpp/install/ros2_cpp_pkg/lib/pkgconfig/ros2_cpp_pkg.pc'
[10.548s] Level 1:colcon.colcon_core.environment:checking '/home/bhanu/ros2_cpp/install/ros2_cpp_pkg/lib/python3.10/site-packages'
[10.548s] Level 1:colcon.colcon_core.environment:checking '/home/bhanu/ros2_cpp/install/ros2_cpp_pkg/bin'
[10.569s] INFO:colcon.colcon_core.shell:Creating package script '/home/bhanu/ros2_cpp/install/ros2_cpp_pkg/share/ros2_cpp_pkg/package.ps1'
[10.570s] INFO:colcon.colcon_core.shell:Creating package descriptor '/home/bhanu/ros2_cpp/install/ros2_cpp_pkg/share/ros2_cpp_pkg/package.dsv'
[10.571s] INFO:colcon.colcon_core.shell:Creating package script '/home/bhanu/ros2_cpp/install/ros2_cpp_pkg/share/ros2_cpp_pkg/package.sh'
[10.572s] INFO:colcon.colcon_core.shell:Creating package script '/home/bhanu/ros2_cpp/install/ros2_cpp_pkg/share/ros2_cpp_pkg/package.bash'
[10.572s] INFO:colcon.colcon_core.shell:Creating package script '/home/bhanu/ros2_cpp/install/ros2_cpp_pkg/share/ros2_cpp_pkg/package.zsh'
[10.573s] Level 1:colcon.colcon_core.environment:create_file_with_runtime_dependencies(/home/bhanu/ros2_cpp/install/ros2_cpp_pkg/share/colcon-core/packages/ros2_cpp_pkg)
[10.573s] DEBUG:colcon.colcon_parallel_executor.executor.parallel:closing loop
[10.573s] DEBUG:colcon.colcon_parallel_executor.executor.parallel:loop closed
[10.574s] DEBUG:colcon.colcon_parallel_executor.executor.parallel:run_until_complete finished with '0'
[10.574s] DEBUG:colcon.colcon_core.event_reactor:joining thread
[10.613s] INFO:colcon.colcon_core.plugin_system:Skipping extension 'colcon_notification.desktop_notification.terminal_notifier': Not used on non-Darwin systems
[10.613s] INFO:colcon.colcon_core.plugin_system:Skipping extension 'colcon_notification.desktop_notification.win32': Not used on non-Windows systems
[10.613s] INFO:colcon.colcon_notification.desktop_notification:Sending desktop notification using 'notify2'
[10.647s] DEBUG:colcon.colcon_core.event_reactor:joined thread
[10.669s] INFO:colcon.colcon_core.shell:Creating prefix script '/home/bhanu/ros2_cpp/install/local_setup.ps1'
[10.671s] INFO:colcon.colcon_core.shell:Creating prefix util module '/home/bhanu/ros2_cpp/install/_local_setup_util_ps1.py'
[10.673s] INFO:colcon.colcon_core.shell:Creating prefix chain script '/home/bhanu/ros2_cpp/install/setup.ps1'
[10.708s] INFO:colcon.colcon_core.shell:Creating prefix script '/home/bhanu/ros2_cpp/install/local_setup.sh'
[10.709s] INFO:colcon.colcon_core.shell:Creating prefix util module '/home/bhanu/ros2_cpp/install/_local_setup_util_sh.py'
[10.710s] INFO:colcon.colcon_core.shell:Creating prefix chain script '/home/bhanu/ros2_cpp/install/setup.sh'
[10.737s] INFO:colcon.colcon_core.shell:Creating prefix script '/home/bhanu/ros2_cpp/install/local_setup.bash'
[10.738s] INFO:colcon.colcon_core.shell:Creating prefix chain script '/home/bhanu/ros2_cpp/install/setup.bash'
[10.766s] INFO:colcon.colcon_core.shell:Creating prefix script '/home/bhanu/ros2_cpp/install/local_setup.zsh'
[10.766s] INFO:colcon.colcon_core.shell:Creating prefix chain script '/home/bhanu/ros2_cpp/install/setup.zsh'
