[0.725s] Invoking command in '/home/bhanu/ros2_ws/src/my_robot_controller': PYTHONPATH=/home/bhanu/ros2_ws/build/my_robot_controller/prefix_override:/home/bhanu/ros2_ws/install/my_robot_controller/lib/python3.10/site-packages:${PYTHONPATH} /usr/bin/python3 setup.py egg_info --egg-base ../../build/my_robot_controller build --build-base /home/bhanu/ros2_ws/build/my_robot_controller/build install --record /home/bhanu/ros2_ws/build/my_robot_controller/install.log --single-version-externally-managed
[0.971s] running egg_info
[0.972s] creating ../../build/my_robot_controller/my_robot_controller.egg-info
[0.972s] writing ../../build/my_robot_controller/my_robot_controller.egg-info/PKG-INFO
[0.972s] writing dependency_links to ../../build/my_robot_controller/my_robot_controller.egg-info/dependency_links.txt
[0.972s] writing entry points to ../../build/my_robot_controller/my_robot_controller.egg-info/entry_points.txt
[0.972s] writing requirements to ../../build/my_robot_controller/my_robot_controller.egg-info/requires.txt
[0.972s] writing top-level names to ../../build/my_robot_controller/my_robot_controller.egg-info/top_level.txt
[0.973s] writing manifest file '../../build/my_robot_controller/my_robot_controller.egg-info/SOURCES.txt'
[0.975s] reading manifest file '../../build/my_robot_controller/my_robot_controller.egg-info/SOURCES.txt'
[0.976s] writing manifest file '../../build/my_robot_controller/my_robot_controller.egg-info/SOURCES.txt'
[0.976s] running build
[0.976s] running build_py
[0.976s] creating /home/bhanu/ros2_ws/build/my_robot_controller/build
[0.976s] creating /home/bhanu/ros2_ws/build/my_robot_controller/build/lib
[0.976s] creating /home/bhanu/ros2_ws/build/my_robot_controller/build/lib/my_robot_controller
[0.976s] copying my_robot_controller/__init__.py -> /home/bhanu/ros2_ws/build/my_robot_controller/build/lib/my_robot_controller
[0.976s] copying my_robot_controller/my_first_node.py -> /home/bhanu/ros2_ws/build/my_robot_controller/build/lib/my_robot_controller
[0.976s] running install
[0.977s] running install_lib
[0.977s] creating /home/bhanu/ros2_ws/install/my_robot_controller/lib/python3.10/site-packages/my_robot_controller
[0.977s] copying /home/bhanu/ros2_ws/build/my_robot_controller/build/lib/my_robot_controller/__init__.py -> /home/bhanu/ros2_ws/install/my_robot_controller/lib/python3.10/site-packages/my_robot_controller
[0.978s] copying /home/bhanu/ros2_ws/build/my_robot_controller/build/lib/my_robot_controller/my_first_node.py -> /home/bhanu/ros2_ws/install/my_robot_controller/lib/python3.10/site-packages/my_robot_controller
[0.978s] byte-compiling /home/bhanu/ros2_ws/install/my_robot_controller/lib/python3.10/site-packages/my_robot_controller/__init__.py to __init__.cpython-310.pyc
[0.978s] byte-compiling /home/bhanu/ros2_ws/install/my_robot_controller/lib/python3.10/site-packages/my_robot_controller/my_first_node.py to my_first_node.cpython-310.pyc
[0.978s] running install_data
[0.979s] creating /home/bhanu/ros2_ws/install/my_robot_controller/share/ament_index
[0.979s] creating /home/bhanu/ros2_ws/install/my_robot_controller/share/ament_index/resource_index
[0.979s] creating /home/bhanu/ros2_ws/install/my_robot_controller/share/ament_index/resource_index/packages
[0.979s] copying resource/my_robot_controller -> /home/bhanu/ros2_ws/install/my_robot_controller/share/ament_index/resource_index/packages
[0.979s] copying package.xml -> /home/bhanu/ros2_ws/install/my_robot_controller/share/my_robot_controller
[0.979s] running install_egg_info
[0.981s] Copying ../../build/my_robot_controller/my_robot_controller.egg-info to /home/bhanu/ros2_ws/install/my_robot_controller/lib/python3.10/site-packages/my_robot_controller-0.0.0-py3.10.egg-info
[0.982s] running install_scripts
[1.003s] Installing test_node script to /home/bhanu/ros2_ws/install/my_robot_controller/lib/my_robot_controller
[1.003s] writing list of installed files to '/home/bhanu/ros2_ws/build/my_robot_controller/install.log'
[1.027s] Invoked command in '/home/bhanu/ros2_ws/src/my_robot_controller' returned '0': PYTHONPATH=/home/bhanu/ros2_ws/build/my_robot_controller/prefix_override:/home/bhanu/ros2_ws/install/my_robot_controller/lib/python3.10/site-packages:${PYTHONPATH} /usr/bin/python3 setup.py egg_info --egg-base ../../build/my_robot_controller build --build-base /home/bhanu/ros2_ws/build/my_robot_controller/build install --record /home/bhanu/ros2_ws/build/my_robot_controller/install.log --single-version-externally-managed
