[0.096s] Invoking command in '/home/bhanu/ros2_cpp/build/ros2_cpp_pkg': /usr/bin/cmake /home/bhanu/ros2_cpp/src/ros2_cpp_pkg -DCMAKE_INSTALL_PREFIX=/home/bhanu/ros2_cpp/install/ros2_cpp_pkg
[0.127s] -- Found ament_cmake: 1.3.6 (/opt/ros/humble/share/ament_cmake/cmake)
[0.319s] -- Override CMake install command with custom implementation using symlinks instead of copying resources
[0.329s] -- Found rclcpp: 16.0.7 (/opt/ros/humble/share/rclcpp/cmake)
[0.374s] -- Found rosidl_generator_c: 3.1.5 (/opt/ros/humble/share/rosidl_generator_c/cmake)
[0.378s] -- Found rosidl_adapter: 3.1.5 (/opt/ros/humble/share/rosidl_adapter/cmake)
[0.388s] -- Found rosidl_generator_cpp: 3.1.5 (/opt/ros/humble/share/rosidl_generator_cpp/cmake)
[0.407s] -- Using all available rosidl_typesupport_c: rosidl_typesupport_fastrtps_c;rosidl_typesupport_introspection_c
[0.434s] -- Using all available rosidl_typesupport_cpp: rosidl_typesupport_fastrtps_cpp;rosidl_typesupport_introspection_cpp
[0.530s] -- Found rmw_implementation_cmake: 6.1.1 (/opt/ros/humble/share/rmw_implementation_cmake/cmake)
[0.535s] -- Found rmw_fastrtps_cpp: 6.2.5 (/opt/ros/humble/share/rmw_fastrtps_cpp/cmake)
[0.710s] -- Using RMW implementation 'rmw_fastrtps_cpp' as default
[0.980s] [31mCMake Error at CMakeLists.txt:21 (find_package):
[0.980s]   By not providing "Findcatkin.cmake" in CMAKE_MODULE_PATH this project has
[0.981s]   asked CMake to find a package configuration file provided by "catkin", but
[0.981s]   CMake did not find one.
[0.981s] 
[0.981s]   Could not find a package configuration file provided by "catkin" with any
[0.981s]   of the following names:
[0.981s] 
[0.982s]     catkinConfig.cmake
[0.982s]     catkin-config.cmake
[0.982s] 
[0.982s]   Add the installation prefix of "catkin" to CMAKE_PREFIX_PATH or set
[0.982s]   "catkin_DIR" to a directory containing one of the above files.  If "catkin"
[0.982s]   provides a separate development package or SDK, be sure it has been
[0.982s]   installed.
[0.982s] 
[0.982s] [0m
[0.982s] -- Configuring incomplete, errors occurred!
[0.982s] See also "/home/bhanu/ros2_cpp/build/ros2_cpp_pkg/CMakeFiles/CMakeOutput.log".
[0.994s] Invoked command in '/home/bhanu/ros2_cpp/build/ros2_cpp_pkg' returned '1': /usr/bin/cmake /home/bhanu/ros2_cpp/src/ros2_cpp_pkg -DCMAKE_INSTALL_PREFIX=/home/bhanu/ros2_cpp/install/ros2_cpp_pkg
