[0.126s] Invoking command in '/home/bhanu/ros2_cpp/build/ros2_cpp_pkg': /usr/bin/cmake /home/bhanu/ros2_cpp/src/ros2_cpp_pkg -DCMAKE_INSTALL_PREFIX=/home/bhanu/ros2_cpp/install/ros2_cpp_pkg
[0.171s] -- Found ament_cmake: 1.3.6 (/opt/ros/humble/share/ament_cmake/cmake)
[0.391s] -- Override CMake install command with custom implementation using symlinks instead of copying resources
[0.402s] -- Found rclcpp: 16.0.7 (/opt/ros/humble/share/rclcpp/cmake)
[0.450s] -- Found rosidl_generator_c: 3.1.5 (/opt/ros/humble/share/rosidl_generator_c/cmake)
[0.456s] -- Found rosidl_adapter: 3.1.5 (/opt/ros/humble/share/rosidl_adapter/cmake)
[0.465s] -- Found rosidl_generator_cpp: 3.1.5 (/opt/ros/humble/share/rosidl_generator_cpp/cmake)
[0.483s] -- Using all available rosidl_typesupport_c: rosidl_typesupport_fastrtps_c;rosidl_typesupport_introspection_c
[0.506s] -- Using all available rosidl_typesupport_cpp: rosidl_typesupport_fastrtps_cpp;rosidl_typesupport_introspection_cpp
[0.599s] -- Found rmw_implementation_cmake: 6.1.1 (/opt/ros/humble/share/rmw_implementation_cmake/cmake)
[0.601s] -- Found rmw_fastrtps_cpp: 6.2.5 (/opt/ros/humble/share/rmw_fastrtps_cpp/cmake)
[0.793s] -- Using RMW implementation 'rmw_fastrtps_cpp' as default
[1.076s] [31mCMake Error at CMakeLists.txt:21 (find_package):
[1.076s]   By not providing "Findcatkin.cmake" in CMAKE_MODULE_PATH this project has
[1.076s]   asked CMake to find a package configuration file provided by "catkin", but
[1.076s]   CMake did not find one.
[1.076s] 
[1.076s]   Could not find a package configuration file provided by "catkin" with any
[1.076s]   of the following names:
[1.076s] 
[1.076s]     catkinConfig.cmake
[1.076s]     catkin-config.cmake
[1.076s] 
[1.077s]   Add the installation prefix of "catkin" to CMAKE_PREFIX_PATH or set
[1.077s]   "catkin_DIR" to a directory containing one of the above files.  If "catkin"
[1.077s]   provides a separate development package or SDK, be sure it has been
[1.077s]   installed.
[1.077s] 
[1.077s] [0m
[1.077s] -- Configuring incomplete, errors occurred!
[1.077s] See also "/home/bhanu/ros2_cpp/build/ros2_cpp_pkg/CMakeFiles/CMakeOutput.log".
[1.088s] Invoked command in '/home/bhanu/ros2_cpp/build/ros2_cpp_pkg' returned '1': /usr/bin/cmake /home/bhanu/ros2_cpp/src/ros2_cpp_pkg -DCMAKE_INSTALL_PREFIX=/home/bhanu/ros2_cpp/install/ros2_cpp_pkg
