[0.118s] Invoking command in '/home/bhanu/ros2_cpp/build/ros2_cpp_pkg': CMAKE_PREFIX_PATH=${CMAKE_PREFIX_PATH}:/home/bhanu/ros2_ws/install/my_robot_controller:/opt/ros/humble /usr/bin/cmake --build /home/bhanu/ros2_cpp/build/ros2_cpp_pkg -- -j4 -l4
[0.193s] [35m[1mConsolidate compiler generated dependencies of target ros2_cpp_code[0m
[0.211s] [ 50%] Built target draw_circle
[0.231s] [ 75%] [32mBuilding CXX object CMakeFiles/ros2_cpp_code.dir/src/ros2_cpp_code.cpp.o[0m
[3.537s] [01m[K/home/bhanu/ros2_cpp/src/ros2_cpp_pkg/src/ros2_cpp_code.cpp:[m[K In lambda function:
[3.537s] [01m[K/home/bhanu/ros2_cpp/src/ros2_cpp_pkg/src/ros2_cpp_code.cpp:71:41:[m[K [01;35m[Kwarning: [m[Kunused parameter ‘[01m[Kconfig[m[K’ [[01;35m[K]8;;https://gcc.gnu.org/onlinedocs/gcc/Warning-Options.html#index-Wunused-parameter-Wunused-parameter]8;;[m[K]
[3.537s]    71 |         []([01;35m[Kconst BT::NodeConfiguration& config[m[K) {
[3.537s]       |            [01;35m[K~~~~~~~~~~~~~~~~~~~~~~~~~~~~~^~~~~~[m[K
[3.850s] In file included from [01m[K/home/bhanu/ros2_cpp/src/ros2_cpp_pkg/src/ros2_cpp_code.cpp:1[m[K:
[3.850s] /usr/local/include/behaviortree_cpp/bt_factory.h: In instantiation of ‘[01m[Kvoid BT::BehaviorTreeFactory::registerNodeType(const string&, const PortsList&, ExtraArgs ...) [with T = MoveForward; ExtraArgs = {main()::<lambda(const NodeConfiguration&)>}; std::string = std::__cxx11::basic_string<char>; BT::PortsList = std::unordered_map<std::__cxx11::basic_string<char>, BT::PortInfo>][m[K’:
[3.850s] [01m[K/usr/local/include/behaviortree_cpp/bt_factory.h:379:24:[m[K   required from ‘[01m[Kvoid BT::BehaviorTreeFactory::registerNodeType(const string&, ExtraArgs ...) [with T = MoveForward; ExtraArgs = {main()::<lambda(const NodeConfiguration&)>}; std::string = std::__cxx11::basic_string<char>][m[K’
[3.850s] [01m[K/home/bhanu/ros2_cpp/src/ros2_cpp_pkg/src/ros2_cpp_code.cpp:70:42:[m[K   required from here
[3.851s] [01m[K/usr/local/include/behaviortree_cpp/bt_factory.h:345:41:[m[K [01;31m[Kerror: [m[Kstatic assertion failed: [registerNode]: the registered class must have at least one of these two constructors:
[3.851s]   (const std::string&, const NodeConfig&) or (const std::string&)
[3.851s] Check also if the constructor is public!)
[3.851s]   345 |     static_assert([01;31m[Kdefault_constructable || param_constructable[m[K,
[3.851s]       |                   [01;31m[K~~~~~~~~~~~~~~~~~~~~~~^~~~~~~~~~~~~~~~~~~~~~[m[K
[3.852s] [01m[K/usr/local/include/behaviortree_cpp/bt_factory.h:345:41:[m[K [01;36m[Knote: [m[K‘[01m[K(((bool)default_constructable) || ((bool)param_constructable))[m[K’ evaluates to false
[4.847s] gmake[2]: *** [CMakeFiles/ros2_cpp_code.dir/build.make:76: CMakeFiles/ros2_cpp_code.dir/src/ros2_cpp_code.cpp.o] Error 1
[4.848s] gmake[1]: *** [CMakeFiles/Makefile2:139: CMakeFiles/ros2_cpp_code.dir/all] Error 2
[4.848s] gmake: *** [Makefile:146: all] Error 2
[4.851s] Invoked command in '/home/bhanu/ros2_cpp/build/ros2_cpp_pkg' returned '2': CMAKE_PREFIX_PATH=${CMAKE_PREFIX_PATH}:/home/bhanu/ros2_ws/install/my_robot_controller:/opt/ros/humble /usr/bin/cmake --build /home/bhanu/ros2_cpp/build/ros2_cpp_pkg -- -j4 -l4
