running develop
/usr/lib/python3/dist-packages/setuptools/command/easy_install.py:158: EasyInstallDeprecationWarning: easy_install command is deprecated. Use build and pip and other standards-based tools.
  warnings.warn(
/usr/lib/python3/dist-packages/setuptools/command/install.py:34: SetuptoolsDeprecationWarning: setup.py install is deprecated. Use build and pip and other standards-based tools.
  warnings.warn(
running egg_info
creating turtle_automate.egg-info
writing turtle_automate.egg-info/PKG-INFO
writing dependency_links to turtle_automate.egg-info/dependency_links.txt
writing entry points to turtle_automate.egg-info/entry_points.txt
writing requirements to turtle_automate.egg-info/requires.txt
writing top-level names to turtle_automate.egg-info/top_level.txt
writing manifest file 'turtle_automate.egg-info/SOURCES.txt'
reading manifest file 'turtle_automate.egg-info/SOURCES.txt'
writing manifest file 'turtle_automate.egg-info/SOURCES.txt'
running build_ext
Creating /home/mohammad/Desktop/ros2_ws/install/turtle_automate/lib/python3.10/site-packages/turtle-automate.egg-link (link to .)
Installing control_node script to /home/mohammad/Desktop/ros2_ws/install/turtle_automate/lib/turtle_automate

Installed /home/mohammad/Desktop/ros2_ws/build/turtle_automate
running install_data
creating /home/mohammad/Desktop/ros2_ws/install/turtle_automate/share/ament_index
creating /home/mohammad/Desktop/ros2_ws/install/turtle_automate/share/ament_index/resource_index
creating /home/mohammad/Desktop/ros2_ws/install/turtle_automate/share/ament_index/resource_index/packages
copying resource/turtle_automate -> /home/mohammad/Desktop/ros2_ws/install/turtle_automate/share/ament_index/resource_index/packages
copying package.xml -> /home/mohammad/Desktop/ros2_ws/install/turtle_automate/share/turtle_automate
