[0.658s] Invoking command in '/home/mohammad/Desktop/ros2_ws/build/turtle_automate': PYTHONPATH=/home/mohammad/Desktop/ros2_ws/build/turtle_automate/prefix_override:/home/mohammad/Desktop/ros2_ws/install/turtle_automate/lib/python3.10/site-packages:${PYTHONPATH} /usr/bin/python3 setup.py develop --editable --build-directory /home/mohammad/Desktop/ros2_ws/build/turtle_automate/build --no-deps install_data
[0.880s] running develop
[0.886s] /usr/lib/python3/dist-packages/setuptools/command/easy_install.py:158: EasyInstallDeprecationWarning: easy_install command is deprecated. Use build and pip and other standards-based tools.
[0.886s]   warnings.warn(
[0.889s] /usr/lib/python3/dist-packages/setuptools/command/install.py:34: SetuptoolsDeprecationWarning: setup.py install is deprecated. Use build and pip and other standards-based tools.
[0.889s]   warnings.warn(
[1.034s] running egg_info
[1.034s] creating turtle_automate.egg-info
[1.034s] writing turtle_automate.egg-info/PKG-INFO
[1.034s] writing dependency_links to turtle_automate.egg-info/dependency_links.txt
[1.035s] writing entry points to turtle_automate.egg-info/entry_points.txt
[1.035s] writing requirements to turtle_automate.egg-info/requires.txt
[1.035s] writing top-level names to turtle_automate.egg-info/top_level.txt
[1.035s] writing manifest file 'turtle_automate.egg-info/SOURCES.txt'
[1.036s] reading manifest file 'turtle_automate.egg-info/SOURCES.txt'
[1.037s] writing manifest file 'turtle_automate.egg-info/SOURCES.txt'
[1.039s] running build_ext
[1.039s] Creating /home/mohammad/Desktop/ros2_ws/install/turtle_automate/lib/python3.10/site-packages/turtle-automate.egg-link (link to .)
[1.040s] Installing control_node script to /home/mohammad/Desktop/ros2_ws/install/turtle_automate/lib/turtle_automate
[1.040s] 
[1.040s] Installed /home/mohammad/Desktop/ros2_ws/build/turtle_automate
[1.040s] running install_data
[1.040s] creating /home/mohammad/Desktop/ros2_ws/install/turtle_automate/share/ament_index
[1.040s] creating /home/mohammad/Desktop/ros2_ws/install/turtle_automate/share/ament_index/resource_index
[1.040s] creating /home/mohammad/Desktop/ros2_ws/install/turtle_automate/share/ament_index/resource_index/packages
[1.040s] copying resource/turtle_automate -> /home/mohammad/Desktop/ros2_ws/install/turtle_automate/share/ament_index/resource_index/packages
[1.040s] copying package.xml -> /home/mohammad/Desktop/ros2_ws/install/turtle_automate/share/turtle_automate
[1.068s] Invoked command in '/home/mohammad/Desktop/ros2_ws/build/turtle_automate' returned '0': PYTHONPATH=/home/mohammad/Desktop/ros2_ws/build/turtle_automate/prefix_override:/home/mohammad/Desktop/ros2_ws/install/turtle_automate/lib/python3.10/site-packages:${PYTHONPATH} /usr/bin/python3 setup.py develop --editable --build-directory /home/mohammad/Desktop/ros2_ws/build/turtle_automate/build --no-deps install_data
