[1.087s] Invoking command in '/home/parallels/ros2_ws/src/my_robot_controller': PYTHONPATH=/home/parallels/ros2_ws/build/my_robot_controller/prefix_override:/home/parallels/ros2_ws/install/my_robot_controller/lib/python3.10/site-packages:${PYTHONPATH} /usr/bin/python3 setup.py egg_info --egg-base ../../build/my_robot_controller build --build-base /home/parallels/ros2_ws/build/my_robot_controller/build install --record /home/parallels/ros2_ws/build/my_robot_controller/install.log --single-version-externally-managed
[1.458s] running egg_info
[1.459s] writing ../../build/my_robot_controller/my_robot_controller.egg-info/PKG-INFO
[1.460s] writing dependency_links to ../../build/my_robot_controller/my_robot_controller.egg-info/dependency_links.txt
[1.460s] writing entry points to ../../build/my_robot_controller/my_robot_controller.egg-info/entry_points.txt
[1.460s] writing requirements to ../../build/my_robot_controller/my_robot_controller.egg-info/requires.txt
[1.461s] writing top-level names to ../../build/my_robot_controller/my_robot_controller.egg-info/top_level.txt
[1.463s] reading manifest file '../../build/my_robot_controller/my_robot_controller.egg-info/SOURCES.txt'
[1.464s] writing manifest file '../../build/my_robot_controller/my_robot_controller.egg-info/SOURCES.txt'
[1.465s] running build
[1.465s] running build_py
[1.465s] copying my_robot_controller/complex_turtle.py -> /home/parallels/ros2_ws/build/my_robot_controller/build/lib/my_robot_controller
[1.465s] copying my_robot_controller/advanced_turtle.py -> /home/parallels/ros2_ws/build/my_robot_controller/build/lib/my_robot_controller
[1.466s] running install
[1.466s] running install_lib
[1.467s] copying /home/parallels/ros2_ws/build/my_robot_controller/build/lib/my_robot_controller/complex_turtle.py -> /home/parallels/ros2_ws/install/my_robot_controller/lib/python3.10/site-packages/my_robot_controller
[1.468s] copying /home/parallels/ros2_ws/build/my_robot_controller/build/lib/my_robot_controller/advanced_turtle.py -> /home/parallels/ros2_ws/install/my_robot_controller/lib/python3.10/site-packages/my_robot_controller
[1.469s] byte-compiling /home/parallels/ros2_ws/install/my_robot_controller/lib/python3.10/site-packages/my_robot_controller/complex_turtle.py to complex_turtle.cpython-310.pyc
[1.470s] byte-compiling /home/parallels/ros2_ws/install/my_robot_controller/lib/python3.10/site-packages/my_robot_controller/advanced_turtle.py to advanced_turtle.cpython-310.pyc
[1.471s] running install_data
[1.472s] running install_egg_info
[1.474s] removing '/home/parallels/ros2_ws/install/my_robot_controller/lib/python3.10/site-packages/my_robot_controller-0.0.0-py3.10.egg-info' (and everything under it)
[1.476s] Copying ../../build/my_robot_controller/my_robot_controller.egg-info to /home/parallels/ros2_ws/install/my_robot_controller/lib/python3.10/site-packages/my_robot_controller-0.0.0-py3.10.egg-info
[1.480s] running install_scripts
[1.502s] Installing automate_turtle script to /home/parallels/ros2_ws/install/my_robot_controller/lib/my_robot_controller
[1.503s] Installing complex_turtle script to /home/parallels/ros2_ws/install/my_robot_controller/lib/my_robot_controller
[1.510s] writing list of installed files to '/home/parallels/ros2_ws/build/my_robot_controller/install.log'
[1.584s] Invoked command in '/home/parallels/ros2_ws/src/my_robot_controller' returned '0': PYTHONPATH=/home/parallels/ros2_ws/build/my_robot_controller/prefix_override:/home/parallels/ros2_ws/install/my_robot_controller/lib/python3.10/site-packages:${PYTHONPATH} /usr/bin/python3 setup.py egg_info --egg-base ../../build/my_robot_controller build --build-base /home/parallels/ros2_ws/build/my_robot_controller/build install --record /home/parallels/ros2_ws/build/my_robot_controller/install.log --single-version-externally-managed
