[1.050s] Invoking command in '/home/parallels/ros2_ws/src/my_robot_controller': PYTHONPATH=/home/parallels/ros2_ws/build/my_robot_controller/prefix_override:/home/parallels/ros2_ws/install/my_robot_controller/lib/python3.10/site-packages:${PYTHONPATH} /usr/bin/python3 setup.py egg_info --egg-base ../../build/my_robot_controller build --build-base /home/parallels/ros2_ws/build/my_robot_controller/build install --record /home/parallels/ros2_ws/build/my_robot_controller/install.log --single-version-externally-managed
[1.320s] running egg_info
[1.321s] writing ../../build/my_robot_controller/my_robot_controller.egg-info/PKG-INFO
[1.321s] writing dependency_links to ../../build/my_robot_controller/my_robot_controller.egg-info/dependency_links.txt
[1.321s] writing entry points to ../../build/my_robot_controller/my_robot_controller.egg-info/entry_points.txt
[1.322s] writing requirements to ../../build/my_robot_controller/my_robot_controller.egg-info/requires.txt
[1.322s] writing top-level names to ../../build/my_robot_controller/my_robot_controller.egg-info/top_level.txt
[1.324s] reading manifest file '../../build/my_robot_controller/my_robot_controller.egg-info/SOURCES.txt'
[1.325s] writing manifest file '../../build/my_robot_controller/my_robot_controller.egg-info/SOURCES.txt'
[1.325s] running build
[1.325s] running build_py
[1.325s] running install
[1.325s] running install_lib
[1.327s] running install_data
[1.327s] running install_egg_info
[1.332s] removing '/home/parallels/ros2_ws/install/my_robot_controller/lib/python3.10/site-packages/my_robot_controller-0.0.0-py3.10.egg-info' (and everything under it)
[1.335s] Copying ../../build/my_robot_controller/my_robot_controller.egg-info to /home/parallels/ros2_ws/install/my_robot_controller/lib/python3.10/site-packages/my_robot_controller-0.0.0-py3.10.egg-info
[1.338s] running install_scripts
[1.361s] Installing advanced_turtle script to /home/parallels/ros2_ws/install/my_robot_controller/lib/my_robot_controller
[1.362s] Installing automate_turtle script to /home/parallels/ros2_ws/install/my_robot_controller/lib/my_robot_controller
[1.362s] Installing complex_turtle script to /home/parallels/ros2_ws/install/my_robot_controller/lib/my_robot_controller
[1.363s] writing list of installed files to '/home/parallels/ros2_ws/build/my_robot_controller/install.log'
[1.463s] Invoked command in '/home/parallels/ros2_ws/src/my_robot_controller' returned '0': PYTHONPATH=/home/parallels/ros2_ws/build/my_robot_controller/prefix_override:/home/parallels/ros2_ws/install/my_robot_controller/lib/python3.10/site-packages:${PYTHONPATH} /usr/bin/python3 setup.py egg_info --egg-base ../../build/my_robot_controller build --build-base /home/parallels/ros2_ws/build/my_robot_controller/build install --record /home/parallels/ros2_ws/build/my_robot_controller/install.log --single-version-externally-managed
