/home/parallels/ros2_ws/install/my_robot_controller/lib/python3.10/site-packages/my_robot_controller/automate_turtle.py
/home/parallels/ros2_ws/install/my_robot_controller/lib/python3.10/site-packages/my_robot_controller/advanced_turtle2.py
/home/parallels/ros2_ws/install/my_robot_controller/lib/python3.10/site-packages/my_robot_controller/advanced_turtle3.py
/home/parallels/ros2_ws/install/my_robot_controller/lib/python3.10/site-packages/my_robot_controller/__init__.py
/home/parallels/ros2_ws/install/my_robot_controller/lib/python3.10/site-packages/my_robot_controller/complex_turtle.py
/home/parallels/ros2_ws/install/my_robot_controller/lib/python3.10/site-packages/my_robot_controller/advanced_turtle.py
/home/parallels/ros2_ws/install/my_robot_controller/lib/python3.10/site-packages/my_robot_controller/__pycache__/automate_turtle.cpython-310.pyc
/home/parallels/ros2_ws/install/my_robot_controller/lib/python3.10/site-packages/my_robot_controller/__pycache__/advanced_turtle2.cpython-310.pyc
/home/parallels/ros2_ws/install/my_robot_controller/lib/python3.10/site-packages/my_robot_controller/__pycache__/advanced_turtle3.cpython-310.pyc
/home/parallels/ros2_ws/install/my_robot_controller/lib/python3.10/site-packages/my_robot_controller/__pycache__/__init__.cpython-310.pyc
/home/parallels/ros2_ws/install/my_robot_controller/lib/python3.10/site-packages/my_robot_controller/__pycache__/complex_turtle.cpython-310.pyc
/home/parallels/ros2_ws/install/my_robot_controller/lib/python3.10/site-packages/my_robot_controller/__pycache__/advanced_turtle.cpython-310.pyc
/home/parallels/ros2_ws/install/my_robot_controller/share/ament_index/resource_index/packages/my_robot_controller
/home/parallels/ros2_ws/install/my_robot_controller/share/my_robot_controller/package.xml
/home/parallels/ros2_ws/install/my_robot_controller/lib/python3.10/site-packages/my_robot_controller-0.0.0-py3.10.egg-info/dependency_links.txt
/home/parallels/ros2_ws/install/my_robot_controller/lib/python3.10/site-packages/my_robot_controller-0.0.0-py3.10.egg-info/top_level.txt
/home/parallels/ros2_ws/install/my_robot_controller/lib/python3.10/site-packages/my_robot_controller-0.0.0-py3.10.egg-info/entry_points.txt
/home/parallels/ros2_ws/install/my_robot_controller/lib/python3.10/site-packages/my_robot_controller-0.0.0-py3.10.egg-info/zip-safe
/home/parallels/ros2_ws/install/my_robot_controller/lib/python3.10/site-packages/my_robot_controller-0.0.0-py3.10.egg-info/PKG-INFO
/home/parallels/ros2_ws/install/my_robot_controller/lib/python3.10/site-packages/my_robot_controller-0.0.0-py3.10.egg-info/SOURCES.txt
/home/parallels/ros2_ws/install/my_robot_controller/lib/python3.10/site-packages/my_robot_controller-0.0.0-py3.10.egg-info/requires.txt
/home/parallels/ros2_ws/install/my_robot_controller/lib/my_robot_controller/advanced_turtle
/home/parallels/ros2_ws/install/my_robot_controller/lib/my_robot_controller/advanced_turtle2
/home/parallels/ros2_ws/install/my_robot_controller/lib/my_robot_controller/advanced_turtle3
/home/parallels/ros2_ws/install/my_robot_controller/lib/my_robot_controller/automate_turtle
/home/parallels/ros2_ws/install/my_robot_controller/lib/my_robot_controller/complex_turtle
