[0.748s] Invoking command in '/home/bhanu/ros2_ws/src/my_robot_controller': PYTHONPATH=/home/bhanu/ros2_ws/build/my_robot_controller/prefix_override:/home/bhanu/ros2_ws/install/my_robot_controller/lib/python3.10/site-packages:${PYTHONPATH} /usr/bin/python3 setup.py egg_info --egg-base ../../build/my_robot_controller build --build-base /home/bhanu/ros2_ws/build/my_robot_controller/build install --record /home/bhanu/ros2_ws/build/my_robot_controller/install.log --single-version-externally-managed
[0.989s] running egg_info
[0.990s] writing ../../build/my_robot_controller/my_robot_controller.egg-info/PKG-INFO
[0.990s] writing dependency_links to ../../build/my_robot_controller/my_robot_controller.egg-info/dependency_links.txt
[0.990s] writing entry points to ../../build/my_robot_controller/my_robot_controller.egg-info/entry_points.txt
[0.991s] writing requirements to ../../build/my_robot_controller/my_robot_controller.egg-info/requires.txt
[0.991s] writing top-level names to ../../build/my_robot_controller/my_robot_controller.egg-info/top_level.txt
[0.992s] reading manifest file '../../build/my_robot_controller/my_robot_controller.egg-info/SOURCES.txt'
[0.993s] writing manifest file '../../build/my_robot_controller/my_robot_controller.egg-info/SOURCES.txt'
[0.993s] running build
[0.994s] running build_py
[0.994s] copying my_robot_controller/my_first_node.py -> /home/bhanu/ros2_ws/build/my_robot_controller/build/lib/my_robot_controller
[0.994s] running install
[0.994s] running install_lib
[0.995s] copying /home/bhanu/ros2_ws/build/my_robot_controller/build/lib/my_robot_controller/my_first_node.py -> /home/bhanu/ros2_ws/install/my_robot_controller/lib/python3.10/site-packages/my_robot_controller
[0.995s] byte-compiling /home/bhanu/ros2_ws/install/my_robot_controller/lib/python3.10/site-packages/my_robot_controller/my_first_node.py to my_first_node.cpython-310.pyc
[0.996s] running install_data
[0.996s] running install_egg_info
[0.997s] removing '/home/bhanu/ros2_ws/install/my_robot_controller/lib/python3.10/site-packages/my_robot_controller-0.0.0-py3.10.egg-info' (and everything under it)
[0.998s] Copying ../../build/my_robot_controller/my_robot_controller.egg-info to /home/bhanu/ros2_ws/install/my_robot_controller/lib/python3.10/site-packages/my_robot_controller-0.0.0-py3.10.egg-info
[0.999s] running install_scripts
[1.017s] Installing test_node script to /home/bhanu/ros2_ws/install/my_robot_controller/lib/my_robot_controller
[1.018s] writing list of installed files to '/home/bhanu/ros2_ws/build/my_robot_controller/install.log'
[1.042s] Invoked command in '/home/bhanu/ros2_ws/src/my_robot_controller' returned '0': PYTHONPATH=/home/bhanu/ros2_ws/build/my_robot_controller/prefix_override:/home/bhanu/ros2_ws/install/my_robot_controller/lib/python3.10/site-packages:${PYTHONPATH} /usr/bin/python3 setup.py egg_info --egg-base ../../build/my_robot_controller build --build-base /home/bhanu/ros2_ws/build/my_robot_controller/build install --record /home/bhanu/ros2_ws/build/my_robot_controller/install.log --single-version-externally-managed
