[01m[K/home/bhanu/ros2_cpp/src/ros2_cpp_pkg/src/ros2_cpp_code.cpp:[m[K In member function ‘[01m[Kvirtual BT::NodeStatus MoveForward::tick()[m[K’:
[01m[K/home/bhanu/ros2_cpp/src/ros2_cpp_pkg/src/ros2_cpp_code.cpp:23:5:[m[K [01;35m[Kwarning: [m[Kno return statement in function returning non-void [[01;35m[K]8;;https://gcc.gnu.org/onlinedocs/gcc/Warning-Options.html#index-Wreturn-type-Wreturn-type]8;;[m[K]
   23 |     [01;35m[K}[m[K
      |     [01;35m[K^[m[K
In file included from [01m[K/usr/include/c++/11/bits/locale_conv.h:41[m[K,
                 from [01m[K/usr/include/c++/11/locale:43[m[K,
                 from [01m[K/usr/include/c++/11/bits/fs_path.h:37[m[K,
                 from [01m[K/usr/include/c++/11/filesystem:45[m[K,
                 from [01m[K/usr/local/include/behaviortree_cpp/bt_factory.h:19[m[K,
                 from [01m[K/home/bhanu/ros2_cpp/src/ros2_cpp_pkg/src/ros2_cpp_code.cpp:1[m[K:
/usr/include/c++/11/bits/unique_ptr.h: In instantiation of ‘[01m[Ktypename std::_MakeUniq<_Tp>::__single_object std::make_unique(_Args&& ...) [with _Tp = MoveForward; _Args = {const BT::NodeConfig&}; typename std::_MakeUniq<_Tp>::__single_object = std::unique_ptr<MoveForward, std::default_delete<MoveForward> >][m[K’:
[01m[K/home/bhanu/ros2_cpp/src/ros2_cpp_pkg/src/ros2_cpp_code.cpp:45:49:[m[K   required from here
[01m[K/usr/include/c++/11/bits/unique_ptr.h:962:30:[m[K [01;31m[Kerror: [m[Kno matching function for call to ‘[01m[KMoveForward::MoveForward(const BT::NodeConfig&)[m[K’
  962 |     { return unique_ptr<_Tp>([01;31m[Knew _Tp(std::forward<_Args>(__args)...)[m[K); }
      |                              [01;31m[K^~~~~~~~~~~~~~~~~~~~~~~~~~~~~~~~~~~~~~~[m[K
[01m[K/home/bhanu/ros2_cpp/src/ros2_cpp_pkg/src/ros2_cpp_code.cpp:15:5:[m[K [01;36m[Knote: [m[Kcandidate: ‘[01m[KMoveForward::MoveForward(const string&)[m[K’
   15 |     [01;36m[KMoveForward[m[K(const std::string& name) : BT::SyncActionNode(name, {}) {
      |     [01;36m[K^~~~~~~~~~~[m[K
[01m[K/home/bhanu/ros2_cpp/src/ros2_cpp_pkg/src/ros2_cpp_code.cpp:15:36:[m[K [01;36m[Knote: [m[K  no known conversion for argument 1 from ‘[01m[Kconst BT::NodeConfig[m[K’ to ‘[01m[Kconst string&[m[K’ {aka ‘[01m[Kconst std::__cxx11::basic_string<char>&[m[K’}
   15 |     MoveForward([01;36m[Kconst std::string& name[m[K) : BT::SyncActionNode(name, {}) {
      |                 [01;36m[K~~~~~~~~~~~~~~~~~~~^~~~[m[K
[01m[K/home/bhanu/ros2_cpp/src/ros2_cpp_pkg/src/ros2_cpp_code.cpp:9:5:[m[K [01;36m[Knote: [m[Kcandidate: ‘[01m[KMoveForward::MoveForward(const string&, const NodeConfiguration&)[m[K’
    9 |     [01;36m[KMoveForward[m[K(const std::string& name, const BT::NodeConfiguration& config)
      |     [01;36m[K^~~~~~~~~~~[m[K
[01m[K/home/bhanu/ros2_cpp/src/ros2_cpp_pkg/src/ros2_cpp_code.cpp:9:5:[m[K [01;36m[Knote: [m[K  candidate expects 2 arguments, 1 provided
In file included from [01m[K/usr/local/include/behaviortree_cpp/control_node.h:17[m[K,
                 from [01m[K/usr/local/include/behaviortree_cpp/controls/parallel_node.h:17[m[K,
                 from [01m[K/usr/local/include/behaviortree_cpp/behavior_tree.h:16[m[K,
                 from [01m[K/usr/local/include/behaviortree_cpp/bt_factory.h:27[m[K,
                 from [01m[K/home/bhanu/ros2_cpp/src/ros2_cpp_pkg/src/ros2_cpp_code.cpp:1[m[K:
/usr/local/include/behaviortree_cpp/tree_node.h: In instantiation of ‘[01m[Kstatic std::unique_ptr<BT::TreeNode> BT::TreeNode::Instantiate(const string&, const BT::NodeConfig&, ExtraArgs ...) [with DerivedT = MoveForward; ExtraArgs = {main()::<lambda(const NodeConfiguration&)>}; std::string = std::__cxx11::basic_string<char>][m[K’:
[01m[K/usr/local/include/behaviortree_cpp/bt_factory.h:39:45:[m[K   required from ‘[01m[KBT::NodeBuilder BT::CreateBuilder(Args ...) [with T = MoveForward; Args = {main()::<lambda(const NodeConfiguration&)>}; BT::NodeBuilder = std::function<std::unique_ptr<BT::TreeNode>(const std::__cxx11::basic_string<char>&, const BT::NodeConfig&)>][m[K’
[01m[K/usr/local/include/behaviortree_cpp/bt_factory.h:351:67:[m[K   required from ‘[01m[Kvoid BT::BehaviorTreeFactory::registerNodeType(const string&, const PortsList&, ExtraArgs ...) [with T = MoveForward; ExtraArgs = {main()::<lambda(const NodeConfiguration&)>}; std::string = std::__cxx11::basic_string<char>; BT::PortsList = std::unordered_map<std::__cxx11::basic_string<char>, BT::PortInfo>][m[K’
[01m[K/usr/local/include/behaviortree_cpp/bt_factory.h:379:24:[m[K   required from ‘[01m[Kvoid BT::BehaviorTreeFactory::registerNodeType(const string&, ExtraArgs ...) [with T = MoveForward; ExtraArgs = {main()::<lambda(const NodeConfiguration&)>}; std::string = std::__cxx11::basic_string<char>][m[K’
[01m[K/home/bhanu/ros2_cpp/src/ros2_cpp_pkg/src/ros2_cpp_code.cpp:43:42:[m[K   required from here
[01m[K/usr/local/include/behaviortree_cpp/tree_node.h:321:23:[m[K [01;31m[Kerror: [m[Kno matching function for call to ‘[01m[KMoveForward::MoveForward(const string&, main()::<lambda(const NodeConfiguration&)>&)[m[K’
  321 |       auto node_ptr = [01;31m[Knew DerivedT(name, args...)[m[K;
      |                       [01;31m[K^~~~~~~~~~~~~~~~~~~~~~~~~~~[m[K
[01m[K/home/bhanu/ros2_cpp/src/ros2_cpp_pkg/src/ros2_cpp_code.cpp:15:5:[m[K [01;36m[Knote: [m[Kcandidate: ‘[01m[KMoveForward::MoveForward(const string&)[m[K’
   15 |     [01;36m[KMoveForward[m[K(const std::string& name) : BT::SyncActionNode(name, {}) {
      |     [01;36m[K^~~~~~~~~~~[m[K
[01m[K/home/bhanu/ros2_cpp/src/ros2_cpp_pkg/src/ros2_cpp_code.cpp:15:5:[m[K [01;36m[Knote: [m[K  candidate expects 1 argument, 2 provided
[01m[K/home/bhanu/ros2_cpp/src/ros2_cpp_pkg/src/ros2_cpp_code.cpp:9:5:[m[K [01;36m[Knote: [m[Kcandidate: ‘[01m[KMoveForward::MoveForward(const string&, const NodeConfiguration&)[m[K’
    9 |     [01;36m[KMoveForward[m[K(const std::string& name, const BT::NodeConfiguration& config)
      |     [01;36m[K^~~~~~~~~~~[m[K
[01m[K/home/bhanu/ros2_cpp/src/ros2_cpp_pkg/src/ros2_cpp_code.cpp:9:71:[m[K [01;36m[Knote: [m[K  no known conversion for argument 2 from ‘[01m[Kmain()::<lambda(const NodeConfiguration&)>[m[K’ to ‘[01m[Kconst NodeConfiguration&[m[K’ {aka ‘[01m[Kconst BT::NodeConfig&[m[K’}
    9 | veForward(const std::string& name, [01;36m[Kconst BT::NodeConfiguration& config[m[K)
      |                                    [01;36m[K~~~~~~~~~~~~~~~~~~~~~~~~~~~~~^~~~~~[m[K

gmake[2]: *** [CMakeFiles/ros2_cpp_code.dir/build.make:76: CMakeFiles/ros2_cpp_code.dir/src/ros2_cpp_code.cpp.o] Error 1
gmake[1]: *** [CMakeFiles/Makefile2:139: CMakeFiles/ros2_cpp_code.dir/all] Error 2
gmake: *** [Makefile:146: all] Error 2
