[0.784s] Invoking command in '/home/bhanu/ros2_ws/src/my_robot_controller': PYTHONPATH=/home/bhanu/ros2_ws/src/build/my_robot_controller/prefix_override:/home/bhanu/ros2_ws/src/install/my_robot_controller/lib/python3.10/site-packages:${PYTHONPATH} /usr/bin/python3 setup.py egg_info --egg-base ../build/my_robot_controller build --build-base /home/bhanu/ros2_ws/src/build/my_robot_controller/build install --record /home/bhanu/ros2_ws/src/build/my_robot_controller/install.log --single-version-externally-managed
[1.001s] running egg_info
[1.001s] creating ../build/my_robot_controller/my_robot_controller.egg-info
[1.003s] writing ../build/my_robot_controller/my_robot_controller.egg-info/PKG-INFO
[1.003s] writing dependency_links to ../build/my_robot_controller/my_robot_controller.egg-info/dependency_links.txt
[1.003s] writing entry points to ../build/my_robot_controller/my_robot_controller.egg-info/entry_points.txt
[1.004s] writing requirements to ../build/my_robot_controller/my_robot_controller.egg-info/requires.txt
[1.004s] writing top-level names to ../build/my_robot_controller/my_robot_controller.egg-info/top_level.txt
[1.004s] writing manifest file '../build/my_robot_controller/my_robot_controller.egg-info/SOURCES.txt'
[1.004s] reading manifest file '../build/my_robot_controller/my_robot_controller.egg-info/SOURCES.txt'
[1.005s] writing manifest file '../build/my_robot_controller/my_robot_controller.egg-info/SOURCES.txt'
[1.005s] running build
[1.005s] running build_py
[1.005s] creating /home/bhanu/ros2_ws/src/build/my_robot_controller/build
[1.005s] creating /home/bhanu/ros2_ws/src/build/my_robot_controller/build/lib
[1.005s] creating /home/bhanu/ros2_ws/src/build/my_robot_controller/build/lib/my_robot_controller
[1.006s] copying my_robot_controller/__init__.py -> /home/bhanu/ros2_ws/src/build/my_robot_controller/build/lib/my_robot_controller
[1.006s] running install
[1.006s] /usr/lib/python3/dist-packages/setuptools/command/install.py:34: SetuptoolsDeprecationWarning: setup.py install is deprecated. Use build and pip and other standards-based tools.
[1.006s]   warnings.warn(
[1.006s] running install_lib
[1.006s] creating /home/bhanu/ros2_ws/src/install/my_robot_controller/lib/python3.10/site-packages/my_robot_controller
[1.007s] copying /home/bhanu/ros2_ws/src/build/my_robot_controller/build/lib/my_robot_controller/__init__.py -> /home/bhanu/ros2_ws/src/install/my_robot_controller/lib/python3.10/site-packages/my_robot_controller
[1.007s] byte-compiling /home/bhanu/ros2_ws/src/install/my_robot_controller/lib/python3.10/site-packages/my_robot_controller/__init__.py to __init__.cpython-310.pyc
[1.007s] running install_data
[1.008s] creating /home/bhanu/ros2_ws/src/install/my_robot_controller/share/ament_index
[1.008s] creating /home/bhanu/ros2_ws/src/install/my_robot_controller/share/ament_index/resource_index
[1.008s] creating /home/bhanu/ros2_ws/src/install/my_robot_controller/share/ament_index/resource_index/packages
[1.008s] copying resource/my_robot_controller -> /home/bhanu/ros2_ws/src/install/my_robot_controller/share/ament_index/resource_index/packages
[1.008s] copying package.xml -> /home/bhanu/ros2_ws/src/install/my_robot_controller/share/my_robot_controller
[1.008s] running install_egg_info
[1.009s] Copying ../build/my_robot_controller/my_robot_controller.egg-info to /home/bhanu/ros2_ws/src/install/my_robot_controller/lib/python3.10/site-packages/my_robot_controller-0.0.0-py3.10.egg-info
[1.010s] running install_scripts
[1.029s] writing list of installed files to '/home/bhanu/ros2_ws/src/build/my_robot_controller/install.log'
[1.049s] Invoked command in '/home/bhanu/ros2_ws/src/my_robot_controller' returned '0': PYTHONPATH=/home/bhanu/ros2_ws/src/build/my_robot_controller/prefix_override:/home/bhanu/ros2_ws/src/install/my_robot_controller/lib/python3.10/site-packages:${PYTHONPATH} /usr/bin/python3 setup.py egg_info --egg-base ../build/my_robot_controller build --build-base /home/bhanu/ros2_ws/src/build/my_robot_controller/build install --record /home/bhanu/ros2_ws/src/build/my_robot_controller/install.log --single-version-externally-managed
