[1.763s] DEBUG:colcon:Command line arguments: ['/usr/bin/colcon', 'build', '--symlink-install']
[1.763s] DEBUG:colcon:Parsed command line arguments: Namespace(log_base=None, log_level=None, verb_name='build', build_base='build', install_base='install', merge_install=False, symlink_install=True, test_result_base=None, continue_on_error=False, executor='parallel', parallel_workers=4, event_handlers=None, ignore_user_meta=False, metas=['./colcon.meta'], base_paths=['.'], packages_ignore=None, packages_ignore_regex=None, paths=None, packages_up_to=None, packages_up_to_regex=None, packages_above=None, packages_above_and_dependencies=None, packages_above_depth=None, packages_select_by_dep=None, packages_skip_by_dep=None, packages_skip_up_to=None, packages_select_build_failed=False, packages_skip_build_finished=False, packages_select_test_failures=False, packages_skip_test_passed=False, packages_select=None, packages_skip=None, packages_select_regex=None, packages_skip_regex=None, packages_start=None, packages_end=None, allow_overriding=[], cmake_args=None, cmake_target=None, cmake_target_skip_unavailable=False, cmake_clean_cache=False, cmake_clean_first=False, cmake_force_configure=False, ament_cmake_args=None, catkin_cmake_args=None, catkin_skip_building_tests=False, verb_parser=<colcon_defaults.argument_parser.defaults.DefaultArgumentsDecorator object at 0x7fd1420523b0>, verb_extension=<colcon_core.verb.build.BuildVerb object at 0x7fd142050e20>, main=<bound method BuildVerb.main of <colcon_core.verb.build.BuildVerb object at 0x7fd142050e20>>)
[1.845s] Level 1:colcon.colcon_core.package_discovery:discover_packages(colcon_meta) check parameters
[1.846s] Level 1:colcon.colcon_core.package_discovery:discover_packages(recursive) check parameters
[1.846s] Level 1:colcon.colcon_core.package_discovery:discover_packages(ignore) check parameters
[1.846s] Level 1:colcon.colcon_core.package_discovery:discover_packages(path) check parameters
[1.846s] Level 1:colcon.colcon_core.package_discovery:discover_packages(colcon_meta) discover
[1.846s] Level 1:colcon.colcon_core.package_discovery:discover_packages(recursive) discover
[1.846s] INFO:colcon.colcon_core.package_discovery:Crawling recursively for packages in '/home/bhanu/ros2_ws/src'
[1.846s] Level 1:colcon.colcon_core.package_identification:_identify(.) by extensions ['ignore', 'ignore_ament_install']
[1.846s] Level 1:colcon.colcon_core.package_identification:_identify(.) by extension 'ignore'
[1.847s] Level 1:colcon.colcon_core.package_identification:_identify(.) by extension 'ignore_ament_install'
[1.847s] Level 1:colcon.colcon_core.package_identification:_identify(.) by extensions ['colcon_pkg']
[1.847s] Level 1:colcon.colcon_core.package_identification:_identify(.) by extension 'colcon_pkg'
[1.847s] Level 1:colcon.colcon_core.package_identification:_identify(.) by extensions ['colcon_meta']
[1.847s] Level 1:colcon.colcon_core.package_identification:_identify(.) by extension 'colcon_meta'
[1.847s] Level 1:colcon.colcon_core.package_identification:_identify(.) by extensions ['ros']
[1.847s] Level 1:colcon.colcon_core.package_identification:_identify(.) by extension 'ros'
[1.866s] Level 1:colcon.colcon_core.package_identification:_identify(.) by extensions ['cmake', 'python']
[1.866s] Level 1:colcon.colcon_core.package_identification:_identify(.) by extension 'cmake'
[1.866s] Level 1:colcon.colcon_core.package_identification:_identify(.) by extension 'python'
[1.866s] Level 1:colcon.colcon_core.package_identification:_identify(.) by extensions ['python_setup_py']
[1.866s] Level 1:colcon.colcon_core.package_identification:_identify(.) by extension 'python_setup_py'
[1.866s] Level 1:colcon.colcon_core.package_identification:_identify(build) by extensions ['ignore', 'ignore_ament_install']
[1.867s] Level 1:colcon.colcon_core.package_identification:_identify(build) by extension 'ignore'
[1.867s] Level 1:colcon.colcon_core.package_identification:_identify(build) ignored
[1.867s] Level 1:colcon.colcon_core.package_identification:_identify(install) by extensions ['ignore', 'ignore_ament_install']
[1.867s] Level 1:colcon.colcon_core.package_identification:_identify(install) by extension 'ignore'
[1.867s] Level 1:colcon.colcon_core.package_identification:_identify(install) ignored
[1.867s] Level 1:colcon.colcon_core.package_identification:_identify(log) by extensions ['ignore', 'ignore_ament_install']
[1.867s] Level 1:colcon.colcon_core.package_identification:_identify(log) by extension 'ignore'
[1.868s] Level 1:colcon.colcon_core.package_identification:_identify(log) ignored
[1.868s] Level 1:colcon.colcon_core.package_identification:_identify(my_robot_controller) by extensions ['ignore', 'ignore_ament_install']
[1.868s] Level 1:colcon.colcon_core.package_identification:_identify(my_robot_controller) by extension 'ignore'
[1.868s] Level 1:colcon.colcon_core.package_identification:_identify(my_robot_controller) by extension 'ignore_ament_install'
[1.868s] Level 1:colcon.colcon_core.package_identification:_identify(my_robot_controller) by extensions ['colcon_pkg']
[1.868s] Level 1:colcon.colcon_core.package_identification:_identify(my_robot_controller) by extension 'colcon_pkg'
[1.868s] Level 1:colcon.colcon_core.package_identification:_identify(my_robot_controller) by extensions ['colcon_meta']
[1.868s] Level 1:colcon.colcon_core.package_identification:_identify(my_robot_controller) by extension 'colcon_meta'
[1.868s] Level 1:colcon.colcon_core.package_identification:_identify(my_robot_controller) by extensions ['ros']
[1.868s] Level 1:colcon.colcon_core.package_identification:_identify(my_robot_controller) by extension 'ros'
[1.873s] DEBUG:colcon.colcon_core.package_identification:Package 'my_robot_controller' with type 'ros.ament_python' and name 'my_robot_controller'
[1.873s] Level 1:colcon.colcon_core.package_discovery:discover_packages(recursive) using defaults
[1.873s] Level 1:colcon.colcon_core.package_discovery:discover_packages(ignore) discover
[1.873s] Level 1:colcon.colcon_core.package_discovery:discover_packages(ignore) using defaults
[1.873s] Level 1:colcon.colcon_core.package_discovery:discover_packages(path) discover
[1.873s] Level 1:colcon.colcon_core.package_discovery:discover_packages(path) using defaults
[2.037s] Level 1:colcon.colcon_core.package_discovery:discover_packages(prefix_path) check parameters
[2.038s] Level 1:colcon.colcon_core.package_discovery:discover_packages(prefix_path) discover
[2.093s] DEBUG:colcon.colcon_installed_package_information.package_discovery:Found 1 installed packages in /home/bhanu/ros2_ws/install
[2.120s] DEBUG:colcon.colcon_installed_package_information.package_discovery:Found 270 installed packages in /opt/ros/humble
[2.123s] Level 1:colcon.colcon_core.package_discovery:discover_packages(prefix_path) using defaults
[2.290s] Level 5:colcon.colcon_core.verb:set package 'my_robot_controller' build argument 'cmake_args' from command line to 'None'
[2.290s] Level 5:colcon.colcon_core.verb:set package 'my_robot_controller' build argument 'cmake_target' from command line to 'None'
[2.290s] Level 5:colcon.colcon_core.verb:set package 'my_robot_controller' build argument 'cmake_target_skip_unavailable' from command line to 'False'
[2.290s] Level 5:colcon.colcon_core.verb:set package 'my_robot_controller' build argument 'cmake_clean_cache' from command line to 'False'
[2.290s] Level 5:colcon.colcon_core.verb:set package 'my_robot_controller' build argument 'cmake_clean_first' from command line to 'False'
[2.290s] Level 5:colcon.colcon_core.verb:set package 'my_robot_controller' build argument 'cmake_force_configure' from command line to 'False'
[2.290s] Level 5:colcon.colcon_core.verb:set package 'my_robot_controller' build argument 'ament_cmake_args' from command line to 'None'
[2.291s] Level 5:colcon.colcon_core.verb:set package 'my_robot_controller' build argument 'catkin_cmake_args' from command line to 'None'
[2.291s] Level 5:colcon.colcon_core.verb:set package 'my_robot_controller' build argument 'catkin_skip_building_tests' from command line to 'False'
[2.291s] DEBUG:colcon.colcon_core.verb:Building package 'my_robot_controller' with the following arguments: {'ament_cmake_args': None, 'build_base': '/home/bhanu/ros2_ws/src/build/my_robot_controller', 'catkin_cmake_args': None, 'catkin_skip_building_tests': False, 'cmake_args': None, 'cmake_clean_cache': False, 'cmake_clean_first': False, 'cmake_force_configure': False, 'cmake_target': None, 'cmake_target_skip_unavailable': False, 'install_base': '/home/bhanu/ros2_ws/src/install/my_robot_controller', 'merge_install': False, 'path': '/home/bhanu/ros2_ws/src/my_robot_controller', 'symlink_install': True, 'test_result_base': None}
[2.313s] INFO:colcon.colcon_core.executor:Executing jobs using 'parallel' executor
[2.341s] DEBUG:colcon.colcon_parallel_executor.executor.parallel:run_until_complete
[2.341s] INFO:colcon.colcon_ros.task.ament_python.build:Building ROS package in '/home/bhanu/ros2_ws/src/my_robot_controller' with build type 'ament_python'
[2.342s] Level 1:colcon.colcon_core.shell:create_environment_hook('my_robot_controller', 'ament_prefix_path')
[2.372s] INFO:colcon.colcon_core.plugin_system:Skipping extension 'colcon_core.shell.bat': Not used on non-Windows systems
[2.373s] INFO:colcon.colcon_core.shell:Creating environment hook '/home/bhanu/ros2_ws/src/install/my_robot_controller/share/my_robot_controller/hook/ament_prefix_path.ps1'
[2.374s] INFO:colcon.colcon_core.shell:Creating environment descriptor '/home/bhanu/ros2_ws/src/install/my_robot_controller/share/my_robot_controller/hook/ament_prefix_path.dsv'
[2.375s] INFO:colcon.colcon_core.shell:Creating environment hook '/home/bhanu/ros2_ws/src/install/my_robot_controller/share/my_robot_controller/hook/ament_prefix_path.sh'
[2.403s] INFO:colcon.colcon_core.shell:Skip shell extension 'powershell' for command environment: Not usable outside of PowerShell
[2.404s] DEBUG:colcon.colcon_core.shell:Skip shell extension 'dsv' for command environment
[2.942s] INFO:colcon.colcon_core.task.python.build:Building Python package in '/home/bhanu/ros2_ws/src/my_robot_controller'
[2.972s] INFO:colcon.colcon_core.shell:Skip shell extension 'powershell' for command environment: Not usable outside of PowerShell
[2.972s] DEBUG:colcon.colcon_core.shell:Skip shell extension 'dsv' for command environment
[3.552s] DEBUG:colcon.colcon_core.task.python.build:While undoing a previous installation files outside the Python library path are being ignored: /home/bhanu/ros2_ws/src/install/my_robot_controller/share/ament_index/resource_index/packages/my_robot_controller
[3.552s] DEBUG:colcon.colcon_core.task.python.build:While undoing a previous installation files outside the Python library path are being ignored: /home/bhanu/ros2_ws/src/install/my_robot_controller/share/my_robot_controller/package.xml
[3.556s] DEBUG:colcon.colcon_core.event_handler.log_command:Invoking command in '/home/bhanu/ros2_ws/src/build/my_robot_controller': PYTHONPATH=/home/bhanu/ros2_ws/src/build/my_robot_controller/prefix_override:/home/bhanu/ros2_ws/src/install/my_robot_controller/lib/python3.10/site-packages:${PYTHONPATH} /usr/bin/python3 setup.py develop --editable --build-directory /home/bhanu/ros2_ws/src/build/my_robot_controller/build --no-deps install_data
[4.160s] Level 1:colcon.colcon_core.shell:create_environment_hook('my_robot_controller', 'pythonpath_develop')
[4.161s] DEBUG:colcon.colcon_core.event_handler.log_command:Invoked command in '/home/bhanu/ros2_ws/src/build/my_robot_controller' returned '0': PYTHONPATH=/home/bhanu/ros2_ws/src/build/my_robot_controller/prefix_override:/home/bhanu/ros2_ws/src/install/my_robot_controller/lib/python3.10/site-packages:${PYTHONPATH} /usr/bin/python3 setup.py develop --editable --build-directory /home/bhanu/ros2_ws/src/build/my_robot_controller/build --no-deps install_data
[4.178s] INFO:colcon.colcon_core.shell:Creating environment hook '/home/bhanu/ros2_ws/src/build/my_robot_controller/share/my_robot_controller/hook/pythonpath_develop.ps1'
[4.179s] INFO:colcon.colcon_core.shell:Creating environment descriptor '/home/bhanu/ros2_ws/src/build/my_robot_controller/share/my_robot_controller/hook/pythonpath_develop.dsv'
[4.179s] INFO:colcon.colcon_core.shell:Creating environment hook '/home/bhanu/ros2_ws/src/build/my_robot_controller/share/my_robot_controller/hook/pythonpath_develop.sh'
[4.199s] Level 1:colcon.colcon_core.environment:checking '/home/bhanu/ros2_ws/src/install/my_robot_controller' for CMake module files
[4.199s] Level 1:colcon.colcon_core.environment:checking '/home/bhanu/ros2_ws/src/install/my_robot_controller' for CMake config files
[4.200s] Level 1:colcon.colcon_core.environment:checking '/home/bhanu/ros2_ws/src/install/my_robot_controller/lib'
[4.200s] Level 1:colcon.colcon_core.environment:checking '/home/bhanu/ros2_ws/src/install/my_robot_controller/bin'
[4.201s] Level 1:colcon.colcon_core.environment:checking '/home/bhanu/ros2_ws/src/install/my_robot_controller/lib/pkgconfig/my_robot_controller.pc'
[4.201s] Level 1:colcon.colcon_core.environment:checking '/home/bhanu/ros2_ws/src/install/my_robot_controller/lib/python3.10/site-packages'
[4.201s] Level 1:colcon.colcon_core.shell:create_environment_hook('my_robot_controller', 'pythonpath')
[4.217s] INFO:colcon.colcon_core.shell:Creating environment hook '/home/bhanu/ros2_ws/src/install/my_robot_controller/share/my_robot_controller/hook/pythonpath.ps1'
[4.218s] INFO:colcon.colcon_core.shell:Creating environment descriptor '/home/bhanu/ros2_ws/src/install/my_robot_controller/share/my_robot_controller/hook/pythonpath.dsv'
[4.218s] INFO:colcon.colcon_core.shell:Creating environment hook '/home/bhanu/ros2_ws/src/install/my_robot_controller/share/my_robot_controller/hook/pythonpath.sh'
[4.219s] Level 1:colcon.colcon_core.environment:checking '/home/bhanu/ros2_ws/src/install/my_robot_controller/bin'
[4.219s] Level 1:colcon.colcon_core.environment:create_environment_scripts_only(my_robot_controller)
[4.235s] INFO:colcon.colcon_core.shell:Creating package script '/home/bhanu/ros2_ws/src/install/my_robot_controller/share/my_robot_controller/package.ps1'
[4.236s] INFO:colcon.colcon_core.shell:Creating package descriptor '/home/bhanu/ros2_ws/src/install/my_robot_controller/share/my_robot_controller/package.dsv'
[4.237s] INFO:colcon.colcon_core.shell:Creating package script '/home/bhanu/ros2_ws/src/install/my_robot_controller/share/my_robot_controller/package.sh'
[4.238s] INFO:colcon.colcon_core.shell:Creating package script '/home/bhanu/ros2_ws/src/install/my_robot_controller/share/my_robot_controller/package.bash'
[4.239s] INFO:colcon.colcon_core.shell:Creating package script '/home/bhanu/ros2_ws/src/install/my_robot_controller/share/my_robot_controller/package.zsh'
[4.239s] Level 1:colcon.colcon_core.environment:create_file_with_runtime_dependencies(/home/bhanu/ros2_ws/src/install/my_robot_controller/share/colcon-core/packages/my_robot_controller)
[4.240s] DEBUG:colcon.colcon_parallel_executor.executor.parallel:closing loop
[4.240s] DEBUG:colcon.colcon_parallel_executor.executor.parallel:loop closed
[4.240s] DEBUG:colcon.colcon_parallel_executor.executor.parallel:run_until_complete finished with '0'
[4.240s] DEBUG:colcon.colcon_core.event_reactor:joining thread
[4.262s] INFO:colcon.colcon_core.plugin_system:Skipping extension 'colcon_notification.desktop_notification.terminal_notifier': Not used on non-Darwin systems
[4.263s] INFO:colcon.colcon_core.plugin_system:Skipping extension 'colcon_notification.desktop_notification.win32': Not used on non-Windows systems
[4.263s] INFO:colcon.colcon_notification.desktop_notification:Sending desktop notification using 'notify2'
[4.276s] DEBUG:colcon.colcon_core.event_reactor:joined thread
[4.295s] INFO:colcon.colcon_core.shell:Creating prefix script '/home/bhanu/ros2_ws/src/install/local_setup.ps1'
[4.297s] INFO:colcon.colcon_core.shell:Creating prefix util module '/home/bhanu/ros2_ws/src/install/_local_setup_util_ps1.py'
[4.299s] INFO:colcon.colcon_core.shell:Creating prefix chain script '/home/bhanu/ros2_ws/src/install/setup.ps1'
[4.321s] INFO:colcon.colcon_core.shell:Creating prefix script '/home/bhanu/ros2_ws/src/install/local_setup.sh'
[4.323s] INFO:colcon.colcon_core.shell:Creating prefix util module '/home/bhanu/ros2_ws/src/install/_local_setup_util_sh.py'
[4.324s] INFO:colcon.colcon_core.shell:Creating prefix chain script '/home/bhanu/ros2_ws/src/install/setup.sh'
[4.346s] INFO:colcon.colcon_core.shell:Creating prefix script '/home/bhanu/ros2_ws/src/install/local_setup.bash'
[4.347s] INFO:colcon.colcon_core.shell:Creating prefix chain script '/home/bhanu/ros2_ws/src/install/setup.bash'
[4.367s] INFO:colcon.colcon_core.shell:Creating prefix script '/home/bhanu/ros2_ws/src/install/local_setup.zsh'
[4.367s] INFO:colcon.colcon_core.shell:Creating prefix chain script '/home/bhanu/ros2_ws/src/install/setup.zsh'
