[1.056s] Invoking command in '/home/parallels/ros2_ws/src/py_trees_ros': PYTHONPATH=/home/parallels/ros2_ws/build/py_trees_ros/prefix_override:/home/parallels/ros2_ws/install/py_trees_ros/lib/python3.10/site-packages:${PYTHONPATH} /usr/bin/python3 setup.py egg_info --egg-base ../../build/py_trees_ros build --build-base /home/parallels/ros2_ws/build/py_trees_ros/build install --record /home/parallels/ros2_ws/build/py_trees_ros/install.log --single-version-externally-managed
[1.317s] running egg_info
[1.317s] writing ../../build/py_trees_ros/py_trees_ros.egg-info/PKG-INFO
[1.318s] writing dependency_links to ../../build/py_trees_ros/py_trees_ros.egg-info/dependency_links.txt
[1.318s] writing entry points to ../../build/py_trees_ros/py_trees_ros.egg-info/entry_points.txt
[1.318s] writing top-level names to ../../build/py_trees_ros/py_trees_ros.egg-info/top_level.txt
[1.320s] reading manifest file '../../build/py_trees_ros/py_trees_ros.egg-info/SOURCES.txt'
[1.321s] adding license file 'LICENSE'
[1.321s] writing manifest file '../../build/py_trees_ros/py_trees_ros.egg-info/SOURCES.txt'
[1.322s] running build
[1.322s] running build_py
[1.323s] running install
[1.323s] running install_lib
[1.325s] running install_data
[1.326s] running install_egg_info
[1.328s] removing '/home/parallels/ros2_ws/install/py_trees_ros/lib/python3.10/site-packages/py_trees_ros-2.2.2-py3.10.egg-info' (and everything under it)
[1.332s] Copying ../../build/py_trees_ros/py_trees_ros.egg-info to /home/parallels/ros2_ws/install/py_trees_ros/lib/python3.10/site-packages/py_trees_ros-2.2.2-py3.10.egg-info
[1.335s] running install_scripts
[1.360s] Installing py-trees-blackboard-watcher script to /home/parallels/ros2_ws/install/py_trees_ros/bin
[1.360s] Installing py-trees-tree-watcher script to /home/parallels/ros2_ws/install/py_trees_ros/bin
[1.362s] writing list of installed files to '/home/parallels/ros2_ws/build/py_trees_ros/install.log'
[1.408s] Invoked command in '/home/parallels/ros2_ws/src/py_trees_ros' returned '0': PYTHONPATH=/home/parallels/ros2_ws/build/py_trees_ros/prefix_override:/home/parallels/ros2_ws/install/py_trees_ros/lib/python3.10/site-packages:${PYTHONPATH} /usr/bin/python3 setup.py egg_info --egg-base ../../build/py_trees_ros build --build-base /home/parallels/ros2_ws/build/py_trees_ros/build install --record /home/parallels/ros2_ws/build/py_trees_ros/install.log --single-version-externally-managed
