[1.018s] Invoking command in '/home/parallels/ros2_ws/src/py_trees_ros': PYTHONPATH=/home/parallels/ros2_ws/build/py_trees_ros/prefix_override:/home/parallels/ros2_ws/install/py_trees_ros/lib/python3.10/site-packages:${PYTHONPATH} /usr/bin/python3 setup.py egg_info --egg-base ../../build/py_trees_ros build --build-base /home/parallels/ros2_ws/build/py_trees_ros/build install --record /home/parallels/ros2_ws/build/py_trees_ros/install.log --single-version-externally-managed
[1.308s] running egg_info
[1.309s] writing ../../build/py_trees_ros/py_trees_ros.egg-info/PKG-INFO
[1.309s] writing dependency_links to ../../build/py_trees_ros/py_trees_ros.egg-info/dependency_links.txt
[1.310s] writing entry points to ../../build/py_trees_ros/py_trees_ros.egg-info/entry_points.txt
[1.310s] writing top-level names to ../../build/py_trees_ros/py_trees_ros.egg-info/top_level.txt
[1.312s] reading manifest file '../../build/py_trees_ros/py_trees_ros.egg-info/SOURCES.txt'
[1.312s] adding license file 'LICENSE'
[1.313s] writing manifest file '../../build/py_trees_ros/py_trees_ros.egg-info/SOURCES.txt'
[1.314s] running build
[1.314s] running build_py
[1.315s] running install
[1.315s] running install_lib
[1.318s] running install_data
[1.318s] running install_egg_info
[1.320s] removing '/home/parallels/ros2_ws/install/py_trees_ros/lib/python3.10/site-packages/py_trees_ros-2.2.2-py3.10.egg-info' (and everything under it)
[1.320s] Copying ../../build/py_trees_ros/py_trees_ros.egg-info to /home/parallels/ros2_ws/install/py_trees_ros/lib/python3.10/site-packages/py_trees_ros-2.2.2-py3.10.egg-info
[1.321s] running install_scripts
[1.346s] Installing py-trees-blackboard-watcher script to /home/parallels/ros2_ws/install/py_trees_ros/bin
[1.349s] Installing py-trees-tree-watcher script to /home/parallels/ros2_ws/install/py_trees_ros/bin
[1.349s] writing list of installed files to '/home/parallels/ros2_ws/build/py_trees_ros/install.log'
[1.382s] Invoked command in '/home/parallels/ros2_ws/src/py_trees_ros' returned '0': PYTHONPATH=/home/parallels/ros2_ws/build/py_trees_ros/prefix_override:/home/parallels/ros2_ws/install/py_trees_ros/lib/python3.10/site-packages:${PYTHONPATH} /usr/bin/python3 setup.py egg_info --egg-base ../../build/py_trees_ros build --build-base /home/parallels/ros2_ws/build/py_trees_ros/build install --record /home/parallels/ros2_ws/build/py_trees_ros/install.log --single-version-externally-managed
