[0.116s] Invoking command in '/home/bhanu/ros2_cpp/build/ros2_cpp_pkg': CMAKE_PREFIX_PATH=${CMAKE_PREFIX_PATH}:/home/bhanu/ros2_ws/install/my_robot_controller:/opt/ros/humble /usr/bin/cmake --build /home/bhanu/ros2_cpp/build/ros2_cpp_pkg -- -j4 -l4
[0.185s] [35m[1mConsolidate compiler generated dependencies of target ros2_cpp_code[0m
[0.204s] [ 50%] Built target draw_circle
[0.240s] [ 75%] [32mBuilding CXX object CMakeFiles/ros2_cpp_code.dir/src/ros2_cpp_code.cpp.o[0m
[3.665s] [01m[K/home/bhanu/ros2_cpp/src/ros2_cpp_pkg/src/ros2_cpp_code.cpp:[m[K In constructor ‘[01m[KMoveForward::MoveForward(const string&)[m[K’:
[3.665s] [01m[K/home/bhanu/ros2_cpp/src/ros2_cpp_pkg/src/ros2_cpp_code.cpp:14:67:[m[K [01;31m[Kerror: [m[Kno matching function for call to ‘[01m[KBT::SyncActionNode::SyncActionNode(const string&)[m[K’
[3.665s]    14 |     MoveForward(const std::string& name) : BT::SyncActionNode(name[01;31m[K)[m[K {}
[3.665s]       |                                                                   [01;31m[K^[m[K
[3.666s] In file included from [01m[K/usr/local/include/behaviortree_cpp/behavior_tree.h:27[m[K,
[3.666s]                  from [01m[K/usr/local/include/behaviortree_cpp/bt_factory.h:27[m[K,
[3.666s]                  from [01m[K/home/bhanu/ros2_cpp/src/ros2_cpp_pkg/src/ros2_cpp_code.cpp:1[m[K:
[3.666s] [01m[K/usr/local/include/behaviortree_cpp/action_node.h:55:3:[m[K [01;36m[Knote: [m[Kcandidate: ‘[01m[KBT::SyncActionNode::SyncActionNode(const string&, const BT::NodeConfig&)[m[K’
[3.666s]    55 |   [01;36m[KSyncActionNode[m[K(const std::string& name, const NodeConfig& config);
[3.666s]       |   [01;36m[K^~~~~~~~~~~~~~[m[K
[3.666s] [01m[K/usr/local/include/behaviortree_cpp/action_node.h:55:3:[m[K [01;36m[Knote: [m[K  candidate expects 2 arguments, 1 provided
[3.666s] [01m[K/home/bhanu/ros2_cpp/src/ros2_cpp_pkg/src/ros2_cpp_code.cpp:[m[K In lambda function:
[3.667s] [01m[K/home/bhanu/ros2_cpp/src/ros2_cpp_pkg/src/ros2_cpp_code.cpp:65:41:[m[K [01;35m[Kwarning: [m[Kunused parameter ‘[01m[Kconfig[m[K’ [[01;35m[K]8;;https://gcc.gnu.org/onlinedocs/gcc/Warning-Options.html#index-Wunused-parameter-Wunused-parameter]8;;[m[K]
[3.667s]    65 |         []([01;35m[Kconst BT::NodeConfiguration& config[m[K) {
[3.667s]       |            [01;35m[K~~~~~~~~~~~~~~~~~~~~~~~~~~~~~^~~~~~[m[K
[4.674s] In file included from [01m[K/usr/local/include/behaviortree_cpp/control_node.h:17[m[K,
[4.674s]                  from [01m[K/usr/local/include/behaviortree_cpp/controls/parallel_node.h:17[m[K,
[4.674s]                  from [01m[K/usr/local/include/behaviortree_cpp/behavior_tree.h:16[m[K,
[4.674s]                  from [01m[K/usr/local/include/behaviortree_cpp/bt_factory.h:27[m[K,
[4.674s]                  from [01m[K/home/bhanu/ros2_cpp/src/ros2_cpp_pkg/src/ros2_cpp_code.cpp:1[m[K:
[4.674s] /usr/local/include/behaviortree_cpp/tree_node.h: In instantiation of ‘[01m[Kstatic std::unique_ptr<BT::TreeNode> BT::TreeNode::Instantiate(const string&, const BT::NodeConfig&, ExtraArgs ...) [with DerivedT = MoveForward; ExtraArgs = {main()::<lambda(const NodeConfiguration&)>}; std::string = std::__cxx11::basic_string<char>][m[K’:
[4.674s] [01m[K/usr/local/include/behaviortree_cpp/bt_factory.h:39:45:[m[K   required from ‘[01m[KBT::NodeBuilder BT::CreateBuilder(Args ...) [with T = MoveForward; Args = {main()::<lambda(const NodeConfiguration&)>}; BT::NodeBuilder = std::function<std::unique_ptr<BT::TreeNode>(const std::__cxx11::basic_string<char>&, const BT::NodeConfig&)>][m[K’
[4.674s] [01m[K/usr/local/include/behaviortree_cpp/bt_factory.h:351:67:[m[K   required from ‘[01m[Kvoid BT::BehaviorTreeFactory::registerNodeType(const string&, const PortsList&, ExtraArgs ...) [with T = MoveForward; ExtraArgs = {main()::<lambda(const NodeConfiguration&)>}; std::string = std::__cxx11::basic_string<char>; BT::PortsList = std::unordered_map<std::__cxx11::basic_string<char>, BT::PortInfo>][m[K’
[4.675s] [01m[K/usr/local/include/behaviortree_cpp/bt_factory.h:379:24:[m[K   required from ‘[01m[Kvoid BT::BehaviorTreeFactory::registerNodeType(const string&, ExtraArgs ...) [with T = MoveForward; ExtraArgs = {main()::<lambda(const NodeConfiguration&)>}; std::string = std::__cxx11::basic_string<char>][m[K’
[4.675s] [01m[K/home/bhanu/ros2_cpp/src/ros2_cpp_pkg/src/ros2_cpp_code.cpp:64:42:[m[K   required from here
[4.675s] [01m[K/usr/local/include/behaviortree_cpp/tree_node.h:321:23:[m[K [01;31m[Kerror: [m[Kno matching function for call to ‘[01m[KMoveForward::MoveForward(const string&, main()::<lambda(const NodeConfiguration&)>&)[m[K’
[4.675s]   321 |       auto node_ptr = [01;31m[Knew DerivedT(name, args...)[m[K;
[4.675s]       |                       [01;31m[K^~~~~~~~~~~~~~~~~~~~~~~~~~~[m[K
[4.675s] [01m[K/home/bhanu/ros2_cpp/src/ros2_cpp_pkg/src/ros2_cpp_code.cpp:14:5:[m[K [01;36m[Knote: [m[Kcandidate: ‘[01m[KMoveForward::MoveForward(const string&)[m[K’
[4.675s]    14 |     [01;36m[KMoveForward[m[K(const std::string& name) : BT::SyncActionNode(name) {}
[4.675s]       |     [01;36m[K^~~~~~~~~~~[m[K
[4.675s] [01m[K/home/bhanu/ros2_cpp/src/ros2_cpp_pkg/src/ros2_cpp_code.cpp:14:5:[m[K [01;36m[Knote: [m[K  candidate expects 1 argument, 2 provided
[5.051s] gmake[2]: *** [CMakeFiles/ros2_cpp_code.dir/build.make:76: CMakeFiles/ros2_cpp_code.dir/src/ros2_cpp_code.cpp.o] Error 1
[5.051s] gmake[1]: *** [CMakeFiles/Makefile2:139: CMakeFiles/ros2_cpp_code.dir/all] Error 2
[5.051s] gmake: *** [Makefile:146: all] Error 2
[5.055s] Invoked command in '/home/bhanu/ros2_cpp/build/ros2_cpp_pkg' returned '2': CMAKE_PREFIX_PATH=${CMAKE_PREFIX_PATH}:/home/bhanu/ros2_ws/install/my_robot_controller:/opt/ros/humble /usr/bin/cmake --build /home/bhanu/ros2_cpp/build/ros2_cpp_pkg -- -j4 -l4
