[0.126s] Invoking command in '/home/bhanu/ros2_cpp/build/ros2_cpp_pkg': CMAKE_PREFIX_PATH=${CMAKE_PREFIX_PATH}:/home/bhanu/ros2_ws/install/my_robot_controller:/opt/ros/humble /usr/bin/cmake --build /home/bhanu/ros2_cpp/build/ros2_cpp_pkg -- -j4 -l4
[0.198s] [35m[1mConsolidate compiler generated dependencies of target ros2_cpp_code[0m
[0.231s] [ 25%] [32mBuilding CXX object CMakeFiles/ros2_cpp_code.dir/src/ros2_cpp_code.cpp.o[0m
[0.233s] [ 75%] Built target draw_circle
[3.011s] [100%] [32m[1mLinking CXX executable ros2_cpp_code[0m
[3.284s] [100%] Built target ros2_cpp_code
[3.303s] Invoked command in '/home/bhanu/ros2_cpp/build/ros2_cpp_pkg' returned '0': CMAKE_PREFIX_PATH=${CMAKE_PREFIX_PATH}:/home/bhanu/ros2_ws/install/my_robot_controller:/opt/ros/humble /usr/bin/cmake --build /home/bhanu/ros2_cpp/build/ros2_cpp_pkg -- -j4 -l4
[3.359s] Invoking command in '/home/bhanu/ros2_cpp/build/ros2_cpp_pkg': CMAKE_PREFIX_PATH=${CMAKE_PREFIX_PATH}:/home/bhanu/ros2_ws/install/my_robot_controller:/opt/ros/humble /usr/bin/cmake --install /home/bhanu/ros2_cpp/build/ros2_cpp_pkg
[3.367s] -- Install configuration: ""
[3.368s] -- Execute custom install script
[3.368s] -- Up-to-date symlink: /home/bhanu/ros2_cpp/install/ros2_cpp_pkg/lib/ros2_cpp_pkg/ros2_cpp_code
[3.369s] -- Up-to-date symlink: /home/bhanu/ros2_cpp/install/ros2_cpp_pkg/lib/ros2_cpp_pkg/draw_circle
[3.369s] -- Up-to-date symlink: /home/bhanu/ros2_cpp/install/ros2_cpp_pkg/share/ament_index/resource_index/package_run_dependencies/ros2_cpp_pkg
[3.369s] -- Up-to-date symlink: /home/bhanu/ros2_cpp/install/ros2_cpp_pkg/share/ament_index/resource_index/parent_prefix_path/ros2_cpp_pkg
[3.370s] -- Up-to-date symlink: /home/bhanu/ros2_cpp/install/ros2_cpp_pkg/share/ros2_cpp_pkg/environment/ament_prefix_path.sh
[3.370s] -- Up-to-date symlink: /home/bhanu/ros2_cpp/install/ros2_cpp_pkg/share/ros2_cpp_pkg/environment/ament_prefix_path.dsv
[3.370s] -- Up-to-date symlink: /home/bhanu/ros2_cpp/install/ros2_cpp_pkg/share/ros2_cpp_pkg/environment/path.sh
[3.370s] -- Up-to-date symlink: /home/bhanu/ros2_cpp/install/ros2_cpp_pkg/share/ros2_cpp_pkg/environment/path.dsv
[3.370s] -- Up-to-date symlink: /home/bhanu/ros2_cpp/install/ros2_cpp_pkg/share/ros2_cpp_pkg/local_setup.bash
[3.371s] -- Up-to-date symlink: /home/bhanu/ros2_cpp/install/ros2_cpp_pkg/share/ros2_cpp_pkg/local_setup.sh
[3.371s] -- Up-to-date symlink: /home/bhanu/ros2_cpp/install/ros2_cpp_pkg/share/ros2_cpp_pkg/local_setup.zsh
[3.371s] -- Up-to-date symlink: /home/bhanu/ros2_cpp/install/ros2_cpp_pkg/share/ros2_cpp_pkg/local_setup.dsv
[3.371s] -- Symlinking: /home/bhanu/ros2_cpp/install/ros2_cpp_pkg/share/ros2_cpp_pkg/package.dsv
[3.383s] -- Up-to-date symlink: /home/bhanu/ros2_cpp/install/ros2_cpp_pkg/share/ament_index/resource_index/packages/ros2_cpp_pkg
[3.384s] -- Up-to-date symlink: /home/bhanu/ros2_cpp/install/ros2_cpp_pkg/share/ros2_cpp_pkg/cmake/ros2_cpp_pkgConfig.cmake
[3.384s] -- Up-to-date symlink: /home/bhanu/ros2_cpp/install/ros2_cpp_pkg/share/ros2_cpp_pkg/cmake/ros2_cpp_pkgConfig-version.cmake
[3.384s] -- Up-to-date symlink: /home/bhanu/ros2_cpp/install/ros2_cpp_pkg/share/ros2_cpp_pkg/package.xml
[3.390s] Invoked command in '/home/bhanu/ros2_cpp/build/ros2_cpp_pkg' returned '0': CMAKE_PREFIX_PATH=${CMAKE_PREFIX_PATH}:/home/bhanu/ros2_ws/install/my_robot_controller:/opt/ros/humble /usr/bin/cmake --install /home/bhanu/ros2_cpp/build/ros2_cpp_pkg
