[0.110s] Invoking command in '/home/bhanu/ros2_cpp/build/ros2_cpp_pkg': CMAKE_PREFIX_PATH=/home/bhanu/ros2_ws/install/my_robot_controller:/opt/ros/humble /usr/bin/cmake --build /home/bhanu/ros2_cpp/build/ros2_cpp_pkg -- -j4 -l4
[0.279s] [35m[1mConsolidate compiler generated dependencies of target ros2_cpp_code[0m
[0.365s] [100%] Built target ros2_cpp_code
[0.384s] Invoked command in '/home/bhanu/ros2_cpp/build/ros2_cpp_pkg' returned '0': CMAKE_PREFIX_PATH=/home/bhanu/ros2_ws/install/my_robot_controller:/opt/ros/humble /usr/bin/cmake --build /home/bhanu/ros2_cpp/build/ros2_cpp_pkg -- -j4 -l4
[0.442s] Invoking command in '/home/bhanu/ros2_cpp/build/ros2_cpp_pkg': CMAKE_PREFIX_PATH=/home/bhanu/ros2_ws/install/my_robot_controller:/opt/ros/humble /usr/bin/cmake --install /home/bhanu/ros2_cpp/build/ros2_cpp_pkg
[0.451s] -- Install configuration: ""
[0.453s] -- Execute custom install script
[0.454s] -- Up-to-date symlink: /home/bhanu/ros2_cpp/install/ros2_cpp_pkg/lib/ros2_cpp_pkg/ros2_cpp_code
[0.457s] -- Up-to-date symlink: /home/bhanu/ros2_cpp/install/ros2_cpp_pkg/share/ament_index/resource_index/package_run_dependencies/ros2_cpp_pkg
[0.457s] -- Up-to-date symlink: /home/bhanu/ros2_cpp/install/ros2_cpp_pkg/share/ament_index/resource_index/parent_prefix_path/ros2_cpp_pkg
[0.458s] -- Up-to-date symlink: /home/bhanu/ros2_cpp/install/ros2_cpp_pkg/share/ros2_cpp_pkg/environment/ament_prefix_path.sh
[0.459s] -- Up-to-date symlink: /home/bhanu/ros2_cpp/install/ros2_cpp_pkg/share/ros2_cpp_pkg/environment/ament_prefix_path.dsv
[0.459s] -- Up-to-date symlink: /home/bhanu/ros2_cpp/install/ros2_cpp_pkg/share/ros2_cpp_pkg/environment/path.sh
[0.459s] -- Up-to-date symlink: /home/bhanu/ros2_cpp/install/ros2_cpp_pkg/share/ros2_cpp_pkg/environment/path.dsv
[0.460s] -- Up-to-date symlink: /home/bhanu/ros2_cpp/install/ros2_cpp_pkg/share/ros2_cpp_pkg/local_setup.bash
[0.460s] -- Up-to-date symlink: /home/bhanu/ros2_cpp/install/ros2_cpp_pkg/share/ros2_cpp_pkg/local_setup.sh
[0.461s] -- Up-to-date symlink: /home/bhanu/ros2_cpp/install/ros2_cpp_pkg/share/ros2_cpp_pkg/local_setup.zsh
[0.461s] -- Up-to-date symlink: /home/bhanu/ros2_cpp/install/ros2_cpp_pkg/share/ros2_cpp_pkg/local_setup.dsv
[0.461s] -- Symlinking: /home/bhanu/ros2_cpp/install/ros2_cpp_pkg/share/ros2_cpp_pkg/package.dsv
[0.476s] -- Up-to-date symlink: /home/bhanu/ros2_cpp/install/ros2_cpp_pkg/share/ament_index/resource_index/packages/ros2_cpp_pkg
[0.477s] -- Up-to-date symlink: /home/bhanu/ros2_cpp/install/ros2_cpp_pkg/share/ros2_cpp_pkg/cmake/ros2_cpp_pkgConfig.cmake
[0.477s] -- Up-to-date symlink: /home/bhanu/ros2_cpp/install/ros2_cpp_pkg/share/ros2_cpp_pkg/cmake/ros2_cpp_pkgConfig-version.cmake
[0.477s] -- Up-to-date symlink: /home/bhanu/ros2_cpp/install/ros2_cpp_pkg/share/ros2_cpp_pkg/package.xml
[0.481s] Invoked command in '/home/bhanu/ros2_cpp/build/ros2_cpp_pkg' returned '0': CMAKE_PREFIX_PATH=/home/bhanu/ros2_ws/install/my_robot_controller:/opt/ros/humble /usr/bin/cmake --install /home/bhanu/ros2_cpp/build/ros2_cpp_pkg
