[2.138s] DEBUG:colcon:Command line arguments: ['/usr/bin/colcon', 'build', '--symlink-install']
[2.138s] DEBUG:colcon:Parsed command line arguments: Namespace(log_base=None, log_level=None, verb_name='build', build_base='build', install_base='install', merge_install=False, symlink_install=True, test_result_base=None, continue_on_error=False, executor='parallel', parallel_workers=4, event_handlers=None, ignore_user_meta=False, metas=['./colcon.meta'], base_paths=['.'], packages_ignore=None, packages_ignore_regex=None, paths=None, packages_up_to=None, packages_up_to_regex=None, packages_above=None, packages_above_and_dependencies=None, packages_above_depth=None, packages_select_by_dep=None, packages_skip_by_dep=None, packages_skip_up_to=None, packages_select_build_failed=False, packages_skip_build_finished=False, packages_select_test_failures=False, packages_skip_test_passed=False, packages_select=None, packages_skip=None, packages_select_regex=None, packages_skip_regex=None, packages_start=None, packages_end=None, allow_overriding=[], cmake_args=None, cmake_target=None, cmake_target_skip_unavailable=False, cmake_clean_cache=False, cmake_clean_first=False, cmake_force_configure=False, ament_cmake_args=None, catkin_cmake_args=None, catkin_skip_building_tests=False, verb_parser=<colcon_defaults.argument_parser.defaults.DefaultArgumentsDecorator object at 0x7f862cfa7010>, verb_extension=<colcon_core.verb.build.BuildVerb object at 0x7f862cfa49d0>, main=<bound method BuildVerb.main of <colcon_core.verb.build.BuildVerb object at 0x7f862cfa49d0>>)
[2.242s] Level 1:colcon.colcon_core.package_discovery:discover_packages(colcon_meta) check parameters
[2.242s] Level 1:colcon.colcon_core.package_discovery:discover_packages(recursive) check parameters
[2.242s] Level 1:colcon.colcon_core.package_discovery:discover_packages(ignore) check parameters
[2.242s] Level 1:colcon.colcon_core.package_discovery:discover_packages(path) check parameters
[2.242s] Level 1:colcon.colcon_core.package_discovery:discover_packages(colcon_meta) discover
[2.242s] Level 1:colcon.colcon_core.package_discovery:discover_packages(recursive) discover
[2.243s] INFO:colcon.colcon_core.package_discovery:Crawling recursively for packages in '/home/bhanu/ros2_cpp'
[2.243s] Level 1:colcon.colcon_core.package_identification:_identify(.) by extensions ['ignore', 'ignore_ament_install']
[2.243s] Level 1:colcon.colcon_core.package_identification:_identify(.) by extension 'ignore'
[2.243s] Level 1:colcon.colcon_core.package_identification:_identify(.) by extension 'ignore_ament_install'
[2.243s] Level 1:colcon.colcon_core.package_identification:_identify(.) by extensions ['colcon_pkg']
[2.243s] Level 1:colcon.colcon_core.package_identification:_identify(.) by extension 'colcon_pkg'
[2.244s] Level 1:colcon.colcon_core.package_identification:_identify(.) by extensions ['colcon_meta']
[2.244s] Level 1:colcon.colcon_core.package_identification:_identify(.) by extension 'colcon_meta'
[2.244s] Level 1:colcon.colcon_core.package_identification:_identify(.) by extensions ['ros']
[2.244s] Level 1:colcon.colcon_core.package_identification:_identify(.) by extension 'ros'
[2.272s] Level 1:colcon.colcon_core.package_identification:_identify(.) by extensions ['cmake', 'python']
[2.272s] Level 1:colcon.colcon_core.package_identification:_identify(.) by extension 'cmake'
[2.273s] Level 1:colcon.colcon_core.package_identification:_identify(.) by extension 'python'
[2.273s] Level 1:colcon.colcon_core.package_identification:_identify(.) by extensions ['python_setup_py']
[2.273s] Level 1:colcon.colcon_core.package_identification:_identify(.) by extension 'python_setup_py'
[2.273s] Level 1:colcon.colcon_core.package_identification:_identify(build) by extensions ['ignore', 'ignore_ament_install']
[2.273s] Level 1:colcon.colcon_core.package_identification:_identify(build) by extension 'ignore'
[2.273s] Level 1:colcon.colcon_core.package_identification:_identify(build) ignored
[2.273s] Level 1:colcon.colcon_core.package_identification:_identify(install) by extensions ['ignore', 'ignore_ament_install']
[2.274s] Level 1:colcon.colcon_core.package_identification:_identify(install) by extension 'ignore'
[2.274s] Level 1:colcon.colcon_core.package_identification:_identify(install) ignored
[2.274s] Level 1:colcon.colcon_core.package_identification:_identify(log) by extensions ['ignore', 'ignore_ament_install']
[2.274s] Level 1:colcon.colcon_core.package_identification:_identify(log) by extension 'ignore'
[2.274s] Level 1:colcon.colcon_core.package_identification:_identify(log) ignored
[2.274s] Level 1:colcon.colcon_core.package_identification:_identify(src) by extensions ['ignore', 'ignore_ament_install']
[2.274s] Level 1:colcon.colcon_core.package_identification:_identify(src) by extension 'ignore'
[2.275s] Level 1:colcon.colcon_core.package_identification:_identify(src) by extension 'ignore_ament_install'
[2.275s] Level 1:colcon.colcon_core.package_identification:_identify(src) by extensions ['colcon_pkg']
[2.275s] Level 1:colcon.colcon_core.package_identification:_identify(src) by extension 'colcon_pkg'
[2.275s] Level 1:colcon.colcon_core.package_identification:_identify(src) by extensions ['colcon_meta']
[2.275s] Level 1:colcon.colcon_core.package_identification:_identify(src) by extension 'colcon_meta'
[2.275s] Level 1:colcon.colcon_core.package_identification:_identify(src) by extensions ['ros']
[2.275s] Level 1:colcon.colcon_core.package_identification:_identify(src) by extension 'ros'
[2.275s] Level 1:colcon.colcon_core.package_identification:_identify(src) by extensions ['cmake', 'python']
[2.275s] Level 1:colcon.colcon_core.package_identification:_identify(src) by extension 'cmake'
[2.275s] Level 1:colcon.colcon_core.package_identification:_identify(src) by extension 'python'
[2.275s] Level 1:colcon.colcon_core.package_identification:_identify(src) by extensions ['python_setup_py']
[2.275s] Level 1:colcon.colcon_core.package_identification:_identify(src) by extension 'python_setup_py'
[2.276s] Level 1:colcon.colcon_core.package_identification:_identify(src/ros2_cpp_pkg) by extensions ['ignore', 'ignore_ament_install']
[2.276s] Level 1:colcon.colcon_core.package_identification:_identify(src/ros2_cpp_pkg) by extension 'ignore'
[2.276s] Level 1:colcon.colcon_core.package_identification:_identify(src/ros2_cpp_pkg) by extension 'ignore_ament_install'
[2.276s] Level 1:colcon.colcon_core.package_identification:_identify(src/ros2_cpp_pkg) by extensions ['colcon_pkg']
[2.276s] Level 1:colcon.colcon_core.package_identification:_identify(src/ros2_cpp_pkg) by extension 'colcon_pkg'
[2.276s] Level 1:colcon.colcon_core.package_identification:_identify(src/ros2_cpp_pkg) by extensions ['colcon_meta']
[2.276s] Level 1:colcon.colcon_core.package_identification:_identify(src/ros2_cpp_pkg) by extension 'colcon_meta'
[2.276s] Level 1:colcon.colcon_core.package_identification:_identify(src/ros2_cpp_pkg) by extensions ['ros']
[2.276s] Level 1:colcon.colcon_core.package_identification:_identify(src/ros2_cpp_pkg) by extension 'ros'
[2.281s] DEBUG:colcon.colcon_core.package_identification:Package 'src/ros2_cpp_pkg' with type 'ros.ament_cmake' and name 'ros2_cpp_pkg'
[2.281s] Level 1:colcon.colcon_core.package_discovery:discover_packages(recursive) using defaults
[2.282s] Level 1:colcon.colcon_core.package_discovery:discover_packages(ignore) discover
[2.282s] Level 1:colcon.colcon_core.package_discovery:discover_packages(ignore) using defaults
[2.282s] Level 1:colcon.colcon_core.package_discovery:discover_packages(path) discover
[2.282s] Level 1:colcon.colcon_core.package_discovery:discover_packages(path) using defaults
[2.464s] Level 1:colcon.colcon_core.package_discovery:discover_packages(prefix_path) check parameters
[2.464s] Level 1:colcon.colcon_core.package_discovery:discover_packages(prefix_path) discover
[2.520s] DEBUG:colcon.colcon_installed_package_information.package_discovery:Found 1 installed packages in /home/bhanu/ros2_cpp/install
[2.548s] DEBUG:colcon.colcon_installed_package_information.package_discovery:Found 1 installed packages in /home/bhanu/ros2_ws/install
[2.592s] DEBUG:colcon.colcon_installed_package_information.package_discovery:Found 270 installed packages in /opt/ros/humble
[2.596s] Level 1:colcon.colcon_core.package_discovery:discover_packages(prefix_path) using defaults
[2.856s] Level 5:colcon.colcon_core.verb:set package 'ros2_cpp_pkg' build argument 'cmake_args' from command line to 'None'
[2.856s] Level 5:colcon.colcon_core.verb:set package 'ros2_cpp_pkg' build argument 'cmake_target' from command line to 'None'
[2.856s] Level 5:colcon.colcon_core.verb:set package 'ros2_cpp_pkg' build argument 'cmake_target_skip_unavailable' from command line to 'False'
[2.856s] Level 5:colcon.colcon_core.verb:set package 'ros2_cpp_pkg' build argument 'cmake_clean_cache' from command line to 'False'
[2.856s] Level 5:colcon.colcon_core.verb:set package 'ros2_cpp_pkg' build argument 'cmake_clean_first' from command line to 'False'
[2.856s] Level 5:colcon.colcon_core.verb:set package 'ros2_cpp_pkg' build argument 'cmake_force_configure' from command line to 'False'
[2.856s] Level 5:colcon.colcon_core.verb:set package 'ros2_cpp_pkg' build argument 'ament_cmake_args' from command line to 'None'
[2.857s] Level 5:colcon.colcon_core.verb:set package 'ros2_cpp_pkg' build argument 'catkin_cmake_args' from command line to 'None'
[2.857s] Level 5:colcon.colcon_core.verb:set package 'ros2_cpp_pkg' build argument 'catkin_skip_building_tests' from command line to 'False'
[2.857s] DEBUG:colcon.colcon_core.verb:Building package 'ros2_cpp_pkg' with the following arguments: {'ament_cmake_args': None, 'build_base': '/home/bhanu/ros2_cpp/build/ros2_cpp_pkg', 'catkin_cmake_args': None, 'catkin_skip_building_tests': False, 'cmake_args': None, 'cmake_clean_cache': False, 'cmake_clean_first': False, 'cmake_force_configure': False, 'cmake_target': None, 'cmake_target_skip_unavailable': False, 'install_base': '/home/bhanu/ros2_cpp/install/ros2_cpp_pkg', 'merge_install': False, 'path': '/home/bhanu/ros2_cpp/src/ros2_cpp_pkg', 'symlink_install': True, 'test_result_base': None}
[2.897s] INFO:colcon.colcon_core.executor:Executing jobs using 'parallel' executor
[2.941s] DEBUG:colcon.colcon_parallel_executor.executor.parallel:run_until_complete
[2.941s] INFO:colcon.colcon_ros.task.ament_cmake.build:Building ROS package in '/home/bhanu/ros2_cpp/src/ros2_cpp_pkg' with build type 'ament_cmake'
[2.942s] INFO:colcon.colcon_cmake.task.cmake.build:Building CMake package in '/home/bhanu/ros2_cpp/src/ros2_cpp_pkg'
[2.993s] INFO:colcon.colcon_core.plugin_system:Skipping extension 'colcon_core.shell.bat': Not used on non-Windows systems
[2.994s] INFO:colcon.colcon_core.shell:Skip shell extension 'powershell' for command environment: Not usable outside of PowerShell
[2.994s] DEBUG:colcon.colcon_core.shell:Skip shell extension 'dsv' for command environment
[3.147s] DEBUG:colcon.colcon_core.event_handler.log_command:Invoking command in '/home/bhanu/ros2_cpp/build/ros2_cpp_pkg': CMAKE_PREFIX_PATH=${CMAKE_PREFIX_PATH}:/home/bhanu/ros2_ws/install/my_robot_controller:/opt/ros/humble /usr/bin/cmake --build /home/bhanu/ros2_cpp/build/ros2_cpp_pkg -- -j4 -l4
[10.899s] DEBUG:colcon.colcon_core.event_handler.log_command:Invoked command in '/home/bhanu/ros2_cpp/build/ros2_cpp_pkg' returned '2': CMAKE_PREFIX_PATH=${CMAKE_PREFIX_PATH}:/home/bhanu/ros2_ws/install/my_robot_controller:/opt/ros/humble /usr/bin/cmake --build /home/bhanu/ros2_cpp/build/ros2_cpp_pkg -- -j4 -l4
[11.007s] Level 1:colcon.colcon_core.environment:create_environment_scripts_only(ros2_cpp_pkg)
[11.038s] Level 1:colcon.colcon_core.environment:checking '/home/bhanu/ros2_cpp/install/ros2_cpp_pkg' for CMake module files
[11.039s] Level 1:colcon.colcon_core.environment:checking '/home/bhanu/ros2_cpp/install/ros2_cpp_pkg' for CMake config files
[11.040s] Level 1:colcon.colcon_core.shell:create_environment_hook('ros2_cpp_pkg', 'cmake_prefix_path')
[11.067s] INFO:colcon.colcon_core.shell:Creating environment hook '/home/bhanu/ros2_cpp/install/ros2_cpp_pkg/share/ros2_cpp_pkg/hook/cmake_prefix_path.ps1'
[11.070s] INFO:colcon.colcon_core.shell:Creating environment descriptor '/home/bhanu/ros2_cpp/install/ros2_cpp_pkg/share/ros2_cpp_pkg/hook/cmake_prefix_path.dsv'
[11.070s] INFO:colcon.colcon_core.shell:Creating environment hook '/home/bhanu/ros2_cpp/install/ros2_cpp_pkg/share/ros2_cpp_pkg/hook/cmake_prefix_path.sh'
[11.072s] Level 1:colcon.colcon_core.environment:checking '/home/bhanu/ros2_cpp/install/ros2_cpp_pkg/lib'
[11.072s] Level 1:colcon.colcon_core.environment:checking '/home/bhanu/ros2_cpp/install/ros2_cpp_pkg/bin'
[11.073s] Level 1:colcon.colcon_core.environment:checking '/home/bhanu/ros2_cpp/install/ros2_cpp_pkg/lib/pkgconfig/ros2_cpp_pkg.pc'
[11.073s] Level 1:colcon.colcon_core.environment:checking '/home/bhanu/ros2_cpp/install/ros2_cpp_pkg/lib/python3.10/site-packages'
[11.074s] Level 1:colcon.colcon_core.environment:checking '/home/bhanu/ros2_cpp/install/ros2_cpp_pkg/bin'
[11.100s] INFO:colcon.colcon_core.shell:Creating package script '/home/bhanu/ros2_cpp/install/ros2_cpp_pkg/share/ros2_cpp_pkg/package.ps1'
[11.102s] INFO:colcon.colcon_core.shell:Creating package descriptor '/home/bhanu/ros2_cpp/install/ros2_cpp_pkg/share/ros2_cpp_pkg/package.dsv'
[11.103s] INFO:colcon.colcon_core.shell:Creating package script '/home/bhanu/ros2_cpp/install/ros2_cpp_pkg/share/ros2_cpp_pkg/package.sh'
[11.105s] INFO:colcon.colcon_core.shell:Creating package script '/home/bhanu/ros2_cpp/install/ros2_cpp_pkg/share/ros2_cpp_pkg/package.bash'
[11.107s] INFO:colcon.colcon_core.shell:Creating package script '/home/bhanu/ros2_cpp/install/ros2_cpp_pkg/share/ros2_cpp_pkg/package.zsh'
[11.108s] Level 1:colcon.colcon_core.environment:create_file_with_runtime_dependencies(/home/bhanu/ros2_cpp/install/ros2_cpp_pkg/share/colcon-core/packages/ros2_cpp_pkg)
[11.119s] DEBUG:colcon.colcon_parallel_executor.executor.parallel:closing loop
[11.120s] DEBUG:colcon.colcon_parallel_executor.executor.parallel:loop closed
[11.120s] DEBUG:colcon.colcon_parallel_executor.executor.parallel:run_until_complete finished with '2'
[11.120s] DEBUG:colcon.colcon_core.event_reactor:joining thread
[11.168s] INFO:colcon.colcon_core.plugin_system:Skipping extension 'colcon_notification.desktop_notification.terminal_notifier': Not used on non-Darwin systems
[11.168s] INFO:colcon.colcon_core.plugin_system:Skipping extension 'colcon_notification.desktop_notification.win32': Not used on non-Windows systems
[11.168s] INFO:colcon.colcon_notification.desktop_notification:Sending desktop notification using 'notify2'
[11.203s] DEBUG:colcon.colcon_core.event_reactor:joined thread
[11.236s] INFO:colcon.colcon_core.shell:Creating prefix script '/home/bhanu/ros2_cpp/install/local_setup.ps1'
[11.239s] INFO:colcon.colcon_core.shell:Creating prefix util module '/home/bhanu/ros2_cpp/install/_local_setup_util_ps1.py'
[11.242s] INFO:colcon.colcon_core.shell:Creating prefix chain script '/home/bhanu/ros2_cpp/install/setup.ps1'
[11.300s] INFO:colcon.colcon_core.shell:Creating prefix script '/home/bhanu/ros2_cpp/install/local_setup.sh'
[11.301s] INFO:colcon.colcon_core.shell:Creating prefix util module '/home/bhanu/ros2_cpp/install/_local_setup_util_sh.py'
[11.302s] INFO:colcon.colcon_core.shell:Creating prefix chain script '/home/bhanu/ros2_cpp/install/setup.sh'
[11.332s] INFO:colcon.colcon_core.shell:Creating prefix script '/home/bhanu/ros2_cpp/install/local_setup.bash'
[11.333s] INFO:colcon.colcon_core.shell:Creating prefix chain script '/home/bhanu/ros2_cpp/install/setup.bash'
[11.370s] INFO:colcon.colcon_core.shell:Creating prefix script '/home/bhanu/ros2_cpp/install/local_setup.zsh'
[11.371s] INFO:colcon.colcon_core.shell:Creating prefix chain script '/home/bhanu/ros2_cpp/install/setup.zsh'
