[0.112s] Invoking command in '/home/bhanu/ros2_cpp/build/ros2_cpp_pkg': CMAKE_PREFIX_PATH=/home/bhanu/ros2_ws/install/my_robot_controller:/opt/ros/humble /usr/bin/cmake --build /home/bhanu/ros2_cpp/build/ros2_cpp_pkg -- -j4 -l4
[0.218s] -- Found ament_cmake: 1.3.6 (/opt/ros/humble/share/ament_cmake/cmake)
[0.443s] -- Override CMake install command with custom implementation using symlinks instead of copying resources
[0.477s] -- Found rclcpp: 16.0.7 (/opt/ros/humble/share/rclcpp/cmake)
[0.546s] -- Found rosidl_generator_c: 3.1.5 (/opt/ros/humble/share/rosidl_generator_c/cmake)
[0.552s] -- Found rosidl_adapter: 3.1.5 (/opt/ros/humble/share/rosidl_adapter/cmake)
[0.565s] -- Found rosidl_generator_cpp: 3.1.5 (/opt/ros/humble/share/rosidl_generator_cpp/cmake)
[0.591s] -- Using all available rosidl_typesupport_c: rosidl_typesupport_fastrtps_c;rosidl_typesupport_introspection_c
[0.625s] -- Using all available rosidl_typesupport_cpp: rosidl_typesupport_fastrtps_cpp;rosidl_typesupport_introspection_cpp
[0.733s] -- Found rmw_implementation_cmake: 6.1.1 (/opt/ros/humble/share/rmw_implementation_cmake/cmake)
[0.738s] -- Found rmw_fastrtps_cpp: 6.2.5 (/opt/ros/humble/share/rmw_fastrtps_cpp/cmake)
[0.941s] -- Using RMW implementation 'rmw_fastrtps_cpp' as default
[1.258s] -- Found geometry_msgs: 4.2.3 (/opt/ros/humble/share/geometry_msgs/cmake)
[1.337s] -- Found turtlesim: 1.4.2 (/opt/ros/humble/share/turtlesim/cmake)
[1.601s] -- Found behaviortree_cpp: 4.4.1 (/usr/local/share/behaviortree_cpp/cmake)
[1.616s] [31mCMake Error at CMakeLists.txt:22 (find_package):
[1.616s]   By not providing "Findbehaviortree_cpp_v3.cmake" in CMAKE_MODULE_PATH this
[1.616s]   project has asked CMake to find a package configuration file provided by
[1.617s]   "behaviortree_cpp_v3", but CMake did not find one.
[1.617s] 
[1.617s]   Could not find a package configuration file provided by
[1.617s]   "behaviortree_cpp_v3" with any of the following names:
[1.618s] 
[1.618s]     behaviortree_cpp_v3Config.cmake
[1.618s]     behaviortree_cpp_v3-config.cmake
[1.618s] 
[1.618s]   Add the installation prefix of "behaviortree_cpp_v3" to CMAKE_PREFIX_PATH
[1.618s]   or set "behaviortree_cpp_v3_DIR" to a directory containing one of the above
[1.618s]   files.  If "behaviortree_cpp_v3" provides a separate development package or
[1.618s]   SDK, be sure it has been installed.
[1.618s] 
[1.618s] [0m
[1.618s] -- Configuring incomplete, errors occurred!
[1.619s] See also "/home/bhanu/ros2_cpp/build/ros2_cpp_pkg/CMakeFiles/CMakeOutput.log".
[1.631s] gmake: *** [Makefile:308: cmake_check_build_system] Error 1
[1.635s] Invoked command in '/home/bhanu/ros2_cpp/build/ros2_cpp_pkg' returned '2': CMAKE_PREFIX_PATH=/home/bhanu/ros2_ws/install/my_robot_controller:/opt/ros/humble /usr/bin/cmake --build /home/bhanu/ros2_cpp/build/ros2_cpp_pkg -- -j4 -l4
