[0.720s] Invoking command in '/home/parallels/ros2_ws/src/my_robot_controller': PYTHONPATH=/home/parallels/ros2_ws/build/my_robot_controller/prefix_override:/home/parallels/ros2_ws/install/my_robot_controller/lib/python3.10/site-packages:${PYTHONPATH} /usr/bin/python3 setup.py egg_info --egg-base ../../build/my_robot_controller build --build-base /home/parallels/ros2_ws/build/my_robot_controller/build install --record /home/parallels/ros2_ws/build/my_robot_controller/install.log --single-version-externally-managed
[0.852s] running egg_info
[0.852s] writing ../../build/my_robot_controller/my_robot_controller.egg-info/PKG-INFO
[0.853s] writing dependency_links to ../../build/my_robot_controller/my_robot_controller.egg-info/dependency_links.txt
[0.854s] writing entry points to ../../build/my_robot_controller/my_robot_controller.egg-info/entry_points.txt
[0.854s] writing requirements to ../../build/my_robot_controller/my_robot_controller.egg-info/requires.txt
[0.854s] writing top-level names to ../../build/my_robot_controller/my_robot_controller.egg-info/top_level.txt
[0.855s] reading manifest file '../../build/my_robot_controller/my_robot_controller.egg-info/SOURCES.txt'
[0.856s] writing manifest file '../../build/my_robot_controller/my_robot_controller.egg-info/SOURCES.txt'
[0.856s] running build
[0.856s] running build_py
[0.856s] copying my_robot_controller/advanced_turtle4.py -> /home/parallels/ros2_ws/build/my_robot_controller/build/lib/my_robot_controller
[0.857s] copying my_robot_controller/advanced_turtle3.py -> /home/parallels/ros2_ws/build/my_robot_controller/build/lib/my_robot_controller
[0.857s] running install
[0.858s] running install_lib
[0.858s] copying /home/parallels/ros2_ws/build/my_robot_controller/build/lib/my_robot_controller/advanced_turtle4.py -> /home/parallels/ros2_ws/install/my_robot_controller/lib/python3.10/site-packages/my_robot_controller
[0.858s] copying /home/parallels/ros2_ws/build/my_robot_controller/build/lib/my_robot_controller/advanced_turtle3.py -> /home/parallels/ros2_ws/install/my_robot_controller/lib/python3.10/site-packages/my_robot_controller
[0.859s] byte-compiling /home/parallels/ros2_ws/install/my_robot_controller/lib/python3.10/site-packages/my_robot_controller/advanced_turtle4.py to advanced_turtle4.cpython-310.pyc
[0.861s] byte-compiling /home/parallels/ros2_ws/install/my_robot_controller/lib/python3.10/site-packages/my_robot_controller/advanced_turtle3.py to advanced_turtle3.cpython-310.pyc
[0.862s] running install_data
[0.864s] running install_egg_info
[0.865s] removing '/home/parallels/ros2_ws/install/my_robot_controller/lib/python3.10/site-packages/my_robot_controller-0.0.0-py3.10.egg-info' (and everything under it)
[0.866s] Copying ../../build/my_robot_controller/my_robot_controller.egg-info to /home/parallels/ros2_ws/install/my_robot_controller/lib/python3.10/site-packages/my_robot_controller-0.0.0-py3.10.egg-info
[0.867s] running install_scripts
[0.886s] Installing advanced_turtle script to /home/parallels/ros2_ws/install/my_robot_controller/lib/my_robot_controller
[0.886s] Installing advanced_turtle2 script to /home/parallels/ros2_ws/install/my_robot_controller/lib/my_robot_controller
[0.886s] Installing advanced_turtle3 script to /home/parallels/ros2_ws/install/my_robot_controller/lib/my_robot_controller
[0.886s] Installing automate_turtle script to /home/parallels/ros2_ws/install/my_robot_controller/lib/my_robot_controller
[0.886s] Installing complex_turtle script to /home/parallels/ros2_ws/install/my_robot_controller/lib/my_robot_controller
[0.887s] writing list of installed files to '/home/parallels/ros2_ws/build/my_robot_controller/install.log'
[0.910s] Invoked command in '/home/parallels/ros2_ws/src/my_robot_controller' returned '0': PYTHONPATH=/home/parallels/ros2_ws/build/my_robot_controller/prefix_override:/home/parallels/ros2_ws/install/my_robot_controller/lib/python3.10/site-packages:${PYTHONPATH} /usr/bin/python3 setup.py egg_info --egg-base ../../build/my_robot_controller build --build-base /home/parallels/ros2_ws/build/my_robot_controller/build install --record /home/parallels/ros2_ws/build/my_robot_controller/install.log --single-version-externally-managed
