/home/parallels/ros2_ws/install/py_trees_ros/lib/python3.10/site-packages/py_trees_ros/utilities.py
/home/parallels/ros2_ws/install/py_trees_ros/lib/python3.10/site-packages/py_trees_ros/action_clients.py
/home/parallels/ros2_ws/install/py_trees_ros/lib/python3.10/site-packages/py_trees_ros/actions.py
/home/parallels/ros2_ws/install/py_trees_ros/lib/python3.10/site-packages/py_trees_ros/battery.py
/home/parallels/ros2_ws/install/py_trees_ros/lib/python3.10/site-packages/py_trees_ros/transforms.py
/home/parallels/ros2_ws/install/py_trees_ros/lib/python3.10/site-packages/py_trees_ros/blackboard.py
/home/parallels/ros2_ws/install/py_trees_ros/lib/python3.10/site-packages/py_trees_ros/subscribers.py
/home/parallels/ros2_ws/install/py_trees_ros/lib/python3.10/site-packages/py_trees_ros/conversions.py
/home/parallels/ros2_ws/install/py_trees_ros/lib/python3.10/site-packages/py_trees_ros/__init__.py
/home/parallels/ros2_ws/install/py_trees_ros/lib/python3.10/site-packages/py_trees_ros/visitors.py
/home/parallels/ros2_ws/install/py_trees_ros/lib/python3.10/site-packages/py_trees_ros/version.py
/home/parallels/ros2_ws/install/py_trees_ros/lib/python3.10/site-packages/py_trees_ros/trees.py
/home/parallels/ros2_ws/install/py_trees_ros/lib/python3.10/site-packages/py_trees_ros/exceptions.py
/home/parallels/ros2_ws/install/py_trees_ros/lib/python3.10/site-packages/py_trees_ros/publishers.py
/home/parallels/ros2_ws/install/py_trees_ros/lib/python3.10/site-packages/py_trees_ros/programs/blackboard_watcher.py
/home/parallels/ros2_ws/install/py_trees_ros/lib/python3.10/site-packages/py_trees_ros/programs/echo.py
/home/parallels/ros2_ws/install/py_trees_ros/lib/python3.10/site-packages/py_trees_ros/programs/__init__.py
/home/parallels/ros2_ws/install/py_trees_ros/lib/python3.10/site-packages/py_trees_ros/programs/tree_watcher.py
/home/parallels/ros2_ws/install/py_trees_ros/lib/python3.10/site-packages/py_trees_ros/programs/multi_talker.py
/home/parallels/ros2_ws/install/py_trees_ros/lib/python3.10/site-packages/py_trees_ros/mock/actions.py
/home/parallels/ros2_ws/install/py_trees_ros/lib/python3.10/site-packages/py_trees_ros/mock/dock.py
/home/parallels/ros2_ws/install/py_trees_ros/lib/python3.10/site-packages/py_trees_ros/mock/__init__.py
/home/parallels/ros2_ws/install/py_trees_ros/lib/python3.10/site-packages/py_trees_ros/__pycache__/utilities.cpython-310.pyc
/home/parallels/ros2_ws/install/py_trees_ros/lib/python3.10/site-packages/py_trees_ros/__pycache__/action_clients.cpython-310.pyc
/home/parallels/ros2_ws/install/py_trees_ros/lib/python3.10/site-packages/py_trees_ros/__pycache__/actions.cpython-310.pyc
/home/parallels/ros2_ws/install/py_trees_ros/lib/python3.10/site-packages/py_trees_ros/__pycache__/battery.cpython-310.pyc
/home/parallels/ros2_ws/install/py_trees_ros/lib/python3.10/site-packages/py_trees_ros/__pycache__/transforms.cpython-310.pyc
/home/parallels/ros2_ws/install/py_trees_ros/lib/python3.10/site-packages/py_trees_ros/__pycache__/blackboard.cpython-310.pyc
/home/parallels/ros2_ws/install/py_trees_ros/lib/python3.10/site-packages/py_trees_ros/__pycache__/subscribers.cpython-310.pyc
/home/parallels/ros2_ws/install/py_trees_ros/lib/python3.10/site-packages/py_trees_ros/__pycache__/conversions.cpython-310.pyc
/home/parallels/ros2_ws/install/py_trees_ros/lib/python3.10/site-packages/py_trees_ros/__pycache__/__init__.cpython-310.pyc
/home/parallels/ros2_ws/install/py_trees_ros/lib/python3.10/site-packages/py_trees_ros/__pycache__/visitors.cpython-310.pyc
/home/parallels/ros2_ws/install/py_trees_ros/lib/python3.10/site-packages/py_trees_ros/__pycache__/version.cpython-310.pyc
/home/parallels/ros2_ws/install/py_trees_ros/lib/python3.10/site-packages/py_trees_ros/__pycache__/trees.cpython-310.pyc
/home/parallels/ros2_ws/install/py_trees_ros/lib/python3.10/site-packages/py_trees_ros/__pycache__/exceptions.cpython-310.pyc
/home/parallels/ros2_ws/install/py_trees_ros/lib/python3.10/site-packages/py_trees_ros/__pycache__/publishers.cpython-310.pyc
/home/parallels/ros2_ws/install/py_trees_ros/lib/python3.10/site-packages/py_trees_ros/programs/__pycache__/blackboard_watcher.cpython-310.pyc
/home/parallels/ros2_ws/install/py_trees_ros/lib/python3.10/site-packages/py_trees_ros/programs/__pycache__/echo.cpython-310.pyc
/home/parallels/ros2_ws/install/py_trees_ros/lib/python3.10/site-packages/py_trees_ros/programs/__pycache__/__init__.cpython-310.pyc
/home/parallels/ros2_ws/install/py_trees_ros/lib/python3.10/site-packages/py_trees_ros/programs/__pycache__/tree_watcher.cpython-310.pyc
/home/parallels/ros2_ws/install/py_trees_ros/lib/python3.10/site-packages/py_trees_ros/programs/__pycache__/multi_talker.cpython-310.pyc
/home/parallels/ros2_ws/install/py_trees_ros/lib/python3.10/site-packages/py_trees_ros/mock/__pycache__/actions.cpython-310.pyc
/home/parallels/ros2_ws/install/py_trees_ros/lib/python3.10/site-packages/py_trees_ros/mock/__pycache__/dock.cpython-310.pyc
/home/parallels/ros2_ws/install/py_trees_ros/lib/python3.10/site-packages/py_trees_ros/mock/__pycache__/__init__.cpython-310.pyc
/home/parallels/ros2_ws/install/py_trees_ros/share/py_trees_ros/package.xml
/home/parallels/ros2_ws/install/py_trees_ros/share/ament_index/resource_index/packages/py_trees_ros
/home/parallels/ros2_ws/install/py_trees_ros/lib/python3.10/site-packages/py_trees_ros-2.2.2-py3.10.egg-info/dependency_links.txt
/home/parallels/ros2_ws/install/py_trees_ros/lib/python3.10/site-packages/py_trees_ros-2.2.2-py3.10.egg-info/top_level.txt
/home/parallels/ros2_ws/install/py_trees_ros/lib/python3.10/site-packages/py_trees_ros-2.2.2-py3.10.egg-info/entry_points.txt
/home/parallels/ros2_ws/install/py_trees_ros/lib/python3.10/site-packages/py_trees_ros-2.2.2-py3.10.egg-info/zip-safe
/home/parallels/ros2_ws/install/py_trees_ros/lib/python3.10/site-packages/py_trees_ros-2.2.2-py3.10.egg-info/PKG-INFO
/home/parallels/ros2_ws/install/py_trees_ros/lib/python3.10/site-packages/py_trees_ros-2.2.2-py3.10.egg-info/SOURCES.txt
/home/parallels/ros2_ws/install/py_trees_ros/bin/py-trees-blackboard-watcher
/home/parallels/ros2_ws/install/py_trees_ros/bin/py-trees-tree-watcher
