[0.111s] Invoking command in '/home/bhanu/ros2_cpp/build/ros2_cpp_pkg': CMAKE_PREFIX_PATH=${CMAKE_PREFIX_PATH}:/home/bhanu/ros2_ws/install/my_robot_controller:/opt/ros/humble /usr/bin/cmake --build /home/bhanu/ros2_cpp/build/ros2_cpp_pkg -- -j4 -l4
[0.154s] -- Found ament_cmake: 1.3.6 (/opt/ros/humble/share/ament_cmake/cmake)
[0.375s] -- Override CMake install command with custom implementation using symlinks instead of copying resources
[0.386s] -- Found rclcpp: 16.0.7 (/opt/ros/humble/share/rclcpp/cmake)
[0.429s] -- Found rosidl_generator_c: 3.1.5 (/opt/ros/humble/share/rosidl_generator_c/cmake)
[0.433s] -- Found rosidl_adapter: 3.1.5 (/opt/ros/humble/share/rosidl_adapter/cmake)
[0.441s] -- Found rosidl_generator_cpp: 3.1.5 (/opt/ros/humble/share/rosidl_generator_cpp/cmake)
[0.459s] -- Using all available rosidl_typesupport_c: rosidl_typesupport_fastrtps_c;rosidl_typesupport_introspection_c
[0.482s] -- Using all available rosidl_typesupport_cpp: rosidl_typesupport_fastrtps_cpp;rosidl_typesupport_introspection_cpp
[0.569s] -- Found rmw_implementation_cmake: 6.1.1 (/opt/ros/humble/share/rmw_implementation_cmake/cmake)
[0.570s] -- Found rmw_fastrtps_cpp: 6.2.5 (/opt/ros/humble/share/rmw_fastrtps_cpp/cmake)
[0.750s] -- Using RMW implementation 'rmw_fastrtps_cpp' as default
[1.007s] -- Found geometry_msgs: 4.2.3 (/opt/ros/humble/share/geometry_msgs/cmake)
[1.085s] -- Found turtlesim: 1.4.2 (/opt/ros/humble/share/turtlesim/cmake)
[1.316s] -- Found behaviortree_cpp: 4.4.1 (/usr/local/share/behaviortree_cpp/cmake)
[1.330s] [31mCMake Error at CMakeLists.txt:24 (find_package):
[1.330s]   By not providing "Findcatkin.cmake" in CMAKE_MODULE_PATH this project has
[1.330s]   asked CMake to find a package configuration file provided by "catkin", but
[1.330s]   CMake did not find one.
[1.330s] 
[1.330s]   Could not find a package configuration file provided by "catkin" with any
[1.330s]   of the following names:
[1.330s] 
[1.330s]     catkinConfig.cmake
[1.331s]     catkin-config.cmake
[1.331s] 
[1.331s]   Add the installation prefix of "catkin" to CMAKE_PREFIX_PATH or set
[1.331s]   "catkin_DIR" to a directory containing one of the above files.  If "catkin"
[1.331s]   provides a separate development package or SDK, be sure it has been
[1.331s]   installed.
[1.331s] 
[1.331s] [0m
[1.331s] -- Configuring incomplete, errors occurred!
[1.331s] See also "/home/bhanu/ros2_cpp/build/ros2_cpp_pkg/CMakeFiles/CMakeOutput.log".
[1.342s] gmake: *** [Makefile:267: cmake_check_build_system] Error 1
[1.345s] Invoked command in '/home/bhanu/ros2_cpp/build/ros2_cpp_pkg' returned '2': CMAKE_PREFIX_PATH=${CMAKE_PREFIX_PATH}:/home/bhanu/ros2_ws/install/my_robot_controller:/opt/ros/humble /usr/bin/cmake --build /home/bhanu/ros2_cpp/build/ros2_cpp_pkg -- -j4 -l4
