[0.990s] Invoking command in '/home/parallels/ros2_ws/src/py_trees_ros': PYTHONPATH=/home/parallels/ros2_ws/build/py_trees_ros/prefix_override:/home/parallels/ros2_ws/install/py_trees_ros/lib/python3.10/site-packages:${PYTHONPATH} /usr/bin/python3 setup.py egg_info --egg-base ../../build/py_trees_ros build --build-base /home/parallels/ros2_ws/build/py_trees_ros/build install --record /home/parallels/ros2_ws/build/py_trees_ros/install.log --single-version-externally-managed
[1.229s] running egg_info
[1.229s] creating ../../build/py_trees_ros/py_trees_ros.egg-info
[1.230s] writing ../../build/py_trees_ros/py_trees_ros.egg-info/PKG-INFO
[1.230s] writing dependency_links to ../../build/py_trees_ros/py_trees_ros.egg-info/dependency_links.txt
[1.230s] writing entry points to ../../build/py_trees_ros/py_trees_ros.egg-info/entry_points.txt
[1.230s] writing top-level names to ../../build/py_trees_ros/py_trees_ros.egg-info/top_level.txt
[1.231s] writing manifest file '../../build/py_trees_ros/py_trees_ros.egg-info/SOURCES.txt'
[1.233s] reading manifest file '../../build/py_trees_ros/py_trees_ros.egg-info/SOURCES.txt'
[1.233s] adding license file 'LICENSE'
[1.234s] writing manifest file '../../build/py_trees_ros/py_trees_ros.egg-info/SOURCES.txt'
[1.234s] running build
[1.234s] running build_py
[1.235s] creating /home/parallels/ros2_ws/build/py_trees_ros/build
[1.235s] creating /home/parallels/ros2_ws/build/py_trees_ros/build/lib
[1.235s] creating /home/parallels/ros2_ws/build/py_trees_ros/build/lib/py_trees_ros
[1.236s] copying py_trees_ros/utilities.py -> /home/parallels/ros2_ws/build/py_trees_ros/build/lib/py_trees_ros
[1.236s] copying py_trees_ros/action_clients.py -> /home/parallels/ros2_ws/build/py_trees_ros/build/lib/py_trees_ros
[1.237s] copying py_trees_ros/actions.py -> /home/parallels/ros2_ws/build/py_trees_ros/build/lib/py_trees_ros
[1.237s] copying py_trees_ros/battery.py -> /home/parallels/ros2_ws/build/py_trees_ros/build/lib/py_trees_ros
[1.238s] copying py_trees_ros/transforms.py -> /home/parallels/ros2_ws/build/py_trees_ros/build/lib/py_trees_ros
[1.239s] copying py_trees_ros/blackboard.py -> /home/parallels/ros2_ws/build/py_trees_ros/build/lib/py_trees_ros
[1.240s] copying py_trees_ros/subscribers.py -> /home/parallels/ros2_ws/build/py_trees_ros/build/lib/py_trees_ros
[1.240s] copying py_trees_ros/conversions.py -> /home/parallels/ros2_ws/build/py_trees_ros/build/lib/py_trees_ros
[1.241s] copying py_trees_ros/__init__.py -> /home/parallels/ros2_ws/build/py_trees_ros/build/lib/py_trees_ros
[1.241s] copying py_trees_ros/visitors.py -> /home/parallels/ros2_ws/build/py_trees_ros/build/lib/py_trees_ros
[1.241s] copying py_trees_ros/version.py -> /home/parallels/ros2_ws/build/py_trees_ros/build/lib/py_trees_ros
[1.242s] copying py_trees_ros/trees.py -> /home/parallels/ros2_ws/build/py_trees_ros/build/lib/py_trees_ros
[1.243s] copying py_trees_ros/exceptions.py -> /home/parallels/ros2_ws/build/py_trees_ros/build/lib/py_trees_ros
[1.243s] copying py_trees_ros/publishers.py -> /home/parallels/ros2_ws/build/py_trees_ros/build/lib/py_trees_ros
[1.244s] creating /home/parallels/ros2_ws/build/py_trees_ros/build/lib/py_trees_ros/programs
[1.244s] copying py_trees_ros/programs/blackboard_watcher.py -> /home/parallels/ros2_ws/build/py_trees_ros/build/lib/py_trees_ros/programs
[1.244s] copying py_trees_ros/programs/echo.py -> /home/parallels/ros2_ws/build/py_trees_ros/build/lib/py_trees_ros/programs
[1.245s] copying py_trees_ros/programs/__init__.py -> /home/parallels/ros2_ws/build/py_trees_ros/build/lib/py_trees_ros/programs
[1.246s] copying py_trees_ros/programs/tree_watcher.py -> /home/parallels/ros2_ws/build/py_trees_ros/build/lib/py_trees_ros/programs
[1.246s] copying py_trees_ros/programs/multi_talker.py -> /home/parallels/ros2_ws/build/py_trees_ros/build/lib/py_trees_ros/programs
[1.248s] creating /home/parallels/ros2_ws/build/py_trees_ros/build/lib/py_trees_ros/mock
[1.248s] copying py_trees_ros/mock/actions.py -> /home/parallels/ros2_ws/build/py_trees_ros/build/lib/py_trees_ros/mock
[1.248s] copying py_trees_ros/mock/dock.py -> /home/parallels/ros2_ws/build/py_trees_ros/build/lib/py_trees_ros/mock
[1.248s] copying py_trees_ros/mock/__init__.py -> /home/parallels/ros2_ws/build/py_trees_ros/build/lib/py_trees_ros/mock
[1.249s] running install
[1.249s] running install_lib
[1.250s] creating /home/parallels/ros2_ws/install/py_trees_ros/lib/python3.10/site-packages/py_trees_ros
[1.250s] copying /home/parallels/ros2_ws/build/py_trees_ros/build/lib/py_trees_ros/utilities.py -> /home/parallels/ros2_ws/install/py_trees_ros/lib/python3.10/site-packages/py_trees_ros
[1.250s] copying /home/parallels/ros2_ws/build/py_trees_ros/build/lib/py_trees_ros/action_clients.py -> /home/parallels/ros2_ws/install/py_trees_ros/lib/python3.10/site-packages/py_trees_ros
[1.250s] copying /home/parallels/ros2_ws/build/py_trees_ros/build/lib/py_trees_ros/actions.py -> /home/parallels/ros2_ws/install/py_trees_ros/lib/python3.10/site-packages/py_trees_ros
[1.251s] copying /home/parallels/ros2_ws/build/py_trees_ros/build/lib/py_trees_ros/battery.py -> /home/parallels/ros2_ws/install/py_trees_ros/lib/python3.10/site-packages/py_trees_ros
[1.251s] copying /home/parallels/ros2_ws/build/py_trees_ros/build/lib/py_trees_ros/transforms.py -> /home/parallels/ros2_ws/install/py_trees_ros/lib/python3.10/site-packages/py_trees_ros
[1.251s] copying /home/parallels/ros2_ws/build/py_trees_ros/build/lib/py_trees_ros/blackboard.py -> /home/parallels/ros2_ws/install/py_trees_ros/lib/python3.10/site-packages/py_trees_ros
[1.251s] copying /home/parallels/ros2_ws/build/py_trees_ros/build/lib/py_trees_ros/subscribers.py -> /home/parallels/ros2_ws/install/py_trees_ros/lib/python3.10/site-packages/py_trees_ros
[1.252s] copying /home/parallels/ros2_ws/build/py_trees_ros/build/lib/py_trees_ros/conversions.py -> /home/parallels/ros2_ws/install/py_trees_ros/lib/python3.10/site-packages/py_trees_ros
[1.253s] creating /home/parallels/ros2_ws/install/py_trees_ros/lib/python3.10/site-packages/py_trees_ros/programs
[1.253s] copying /home/parallels/ros2_ws/build/py_trees_ros/build/lib/py_trees_ros/programs/blackboard_watcher.py -> /home/parallels/ros2_ws/install/py_trees_ros/lib/python3.10/site-packages/py_trees_ros/programs
[1.253s] copying /home/parallels/ros2_ws/build/py_trees_ros/build/lib/py_trees_ros/programs/echo.py -> /home/parallels/ros2_ws/install/py_trees_ros/lib/python3.10/site-packages/py_trees_ros/programs
[1.253s] copying /home/parallels/ros2_ws/build/py_trees_ros/build/lib/py_trees_ros/programs/__init__.py -> /home/parallels/ros2_ws/install/py_trees_ros/lib/python3.10/site-packages/py_trees_ros/programs
[1.253s] copying /home/parallels/ros2_ws/build/py_trees_ros/build/lib/py_trees_ros/programs/tree_watcher.py -> /home/parallels/ros2_ws/install/py_trees_ros/lib/python3.10/site-packages/py_trees_ros/programs
[1.254s] copying /home/parallels/ros2_ws/build/py_trees_ros/build/lib/py_trees_ros/programs/multi_talker.py -> /home/parallels/ros2_ws/install/py_trees_ros/lib/python3.10/site-packages/py_trees_ros/programs
[1.254s] creating /home/parallels/ros2_ws/install/py_trees_ros/lib/python3.10/site-packages/py_trees_ros/mock
[1.254s] copying /home/parallels/ros2_ws/build/py_trees_ros/build/lib/py_trees_ros/mock/actions.py -> /home/parallels/ros2_ws/install/py_trees_ros/lib/python3.10/site-packages/py_trees_ros/mock
[1.254s] copying /home/parallels/ros2_ws/build/py_trees_ros/build/lib/py_trees_ros/mock/dock.py -> /home/parallels/ros2_ws/install/py_trees_ros/lib/python3.10/site-packages/py_trees_ros/mock
[1.254s] copying /home/parallels/ros2_ws/build/py_trees_ros/build/lib/py_trees_ros/mock/__init__.py -> /home/parallels/ros2_ws/install/py_trees_ros/lib/python3.10/site-packages/py_trees_ros/mock
[1.254s] copying /home/parallels/ros2_ws/build/py_trees_ros/build/lib/py_trees_ros/__init__.py -> /home/parallels/ros2_ws/install/py_trees_ros/lib/python3.10/site-packages/py_trees_ros
[1.255s] copying /home/parallels/ros2_ws/build/py_trees_ros/build/lib/py_trees_ros/visitors.py -> /home/parallels/ros2_ws/install/py_trees_ros/lib/python3.10/site-packages/py_trees_ros
[1.255s] copying /home/parallels/ros2_ws/build/py_trees_ros/build/lib/py_trees_ros/version.py -> /home/parallels/ros2_ws/install/py_trees_ros/lib/python3.10/site-packages/py_trees_ros
[1.255s] copying /home/parallels/ros2_ws/build/py_trees_ros/build/lib/py_trees_ros/trees.py -> /home/parallels/ros2_ws/install/py_trees_ros/lib/python3.10/site-packages/py_trees_ros
[1.255s] copying /home/parallels/ros2_ws/build/py_trees_ros/build/lib/py_trees_ros/exceptions.py -> /home/parallels/ros2_ws/install/py_trees_ros/lib/python3.10/site-packages/py_trees_ros
[1.255s] copying /home/parallels/ros2_ws/build/py_trees_ros/build/lib/py_trees_ros/publishers.py -> /home/parallels/ros2_ws/install/py_trees_ros/lib/python3.10/site-packages/py_trees_ros
[1.256s] byte-compiling /home/parallels/ros2_ws/install/py_trees_ros/lib/python3.10/site-packages/py_trees_ros/utilities.py to utilities.cpython-310.pyc
[1.258s] byte-compiling /home/parallels/ros2_ws/install/py_trees_ros/lib/python3.10/site-packages/py_trees_ros/action_clients.py to action_clients.cpython-310.pyc
[1.260s] byte-compiling /home/parallels/ros2_ws/install/py_trees_ros/lib/python3.10/site-packages/py_trees_ros/actions.py to actions.cpython-310.pyc
[1.260s] byte-compiling /home/parallels/ros2_ws/install/py_trees_ros/lib/python3.10/site-packages/py_trees_ros/battery.py to battery.cpython-310.pyc
[1.261s] byte-compiling /home/parallels/ros2_ws/install/py_trees_ros/lib/python3.10/site-packages/py_trees_ros/transforms.py to transforms.cpython-310.pyc
[1.262s] byte-compiling /home/parallels/ros2_ws/install/py_trees_ros/lib/python3.10/site-packages/py_trees_ros/blackboard.py to blackboard.cpython-310.pyc
[1.264s] byte-compiling /home/parallels/ros2_ws/install/py_trees_ros/lib/python3.10/site-packages/py_trees_ros/subscribers.py to subscribers.cpython-310.pyc
[1.265s] byte-compiling /home/parallels/ros2_ws/install/py_trees_ros/lib/python3.10/site-packages/py_trees_ros/conversions.py to conversions.cpython-310.pyc
[1.267s] byte-compiling /home/parallels/ros2_ws/install/py_trees_ros/lib/python3.10/site-packages/py_trees_ros/programs/blackboard_watcher.py to blackboard_watcher.cpython-310.pyc
[1.268s] byte-compiling /home/parallels/ros2_ws/install/py_trees_ros/lib/python3.10/site-packages/py_trees_ros/programs/echo.py to echo.cpython-310.pyc
[1.270s] byte-compiling /home/parallels/ros2_ws/install/py_trees_ros/lib/python3.10/site-packages/py_trees_ros/programs/__init__.py to __init__.cpython-310.pyc
[1.270s] byte-compiling /home/parallels/ros2_ws/install/py_trees_ros/lib/python3.10/site-packages/py_trees_ros/programs/tree_watcher.py to tree_watcher.cpython-310.pyc
[1.271s] byte-compiling /home/parallels/ros2_ws/install/py_trees_ros/lib/python3.10/site-packages/py_trees_ros/programs/multi_talker.py to multi_talker.cpython-310.pyc
[1.272s] byte-compiling /home/parallels/ros2_ws/install/py_trees_ros/lib/python3.10/site-packages/py_trees_ros/mock/actions.py to actions.cpython-310.pyc
[1.273s] byte-compiling /home/parallels/ros2_ws/install/py_trees_ros/lib/python3.10/site-packages/py_trees_ros/mock/dock.py to dock.cpython-310.pyc
[1.273s] byte-compiling /home/parallels/ros2_ws/install/py_trees_ros/lib/python3.10/site-packages/py_trees_ros/mock/__init__.py to __init__.cpython-310.pyc
[1.273s] byte-compiling /home/parallels/ros2_ws/install/py_trees_ros/lib/python3.10/site-packages/py_trees_ros/__init__.py to __init__.cpython-310.pyc
[1.274s] byte-compiling /home/parallels/ros2_ws/install/py_trees_ros/lib/python3.10/site-packages/py_trees_ros/visitors.py to visitors.cpython-310.pyc
[1.274s] byte-compiling /home/parallels/ros2_ws/install/py_trees_ros/lib/python3.10/site-packages/py_trees_ros/version.py to version.cpython-310.pyc
[1.275s] byte-compiling /home/parallels/ros2_ws/install/py_trees_ros/lib/python3.10/site-packages/py_trees_ros/trees.py to trees.cpython-310.pyc
[1.281s] byte-compiling /home/parallels/ros2_ws/install/py_trees_ros/lib/python3.10/site-packages/py_trees_ros/exceptions.py to exceptions.cpython-310.pyc
[1.282s] byte-compiling /home/parallels/ros2_ws/install/py_trees_ros/lib/python3.10/site-packages/py_trees_ros/publishers.py to publishers.cpython-310.pyc
[1.282s] running install_data
[1.283s] copying package.xml -> /home/parallels/ros2_ws/install/py_trees_ros/share/py_trees_ros
[1.283s] creating /home/parallels/ros2_ws/install/py_trees_ros/share/ament_index
[1.284s] creating /home/parallels/ros2_ws/install/py_trees_ros/share/ament_index/resource_index
[1.284s] creating /home/parallels/ros2_ws/install/py_trees_ros/share/ament_index/resource_index/packages
[1.284s] copying resources/py_trees_ros -> /home/parallels/ros2_ws/install/py_trees_ros/share/ament_index/resource_index/packages
[1.284s] running install_egg_info
[1.286s] Copying ../../build/py_trees_ros/py_trees_ros.egg-info to /home/parallels/ros2_ws/install/py_trees_ros/lib/python3.10/site-packages/py_trees_ros-2.2.2-py3.10.egg-info
[1.287s] running install_scripts
[1.307s] Installing py-trees-blackboard-watcher script to /home/parallels/ros2_ws/install/py_trees_ros/bin
[1.307s] Installing py-trees-tree-watcher script to /home/parallels/ros2_ws/install/py_trees_ros/bin
[1.307s] writing list of installed files to '/home/parallels/ros2_ws/build/py_trees_ros/install.log'
[1.351s] Invoked command in '/home/parallels/ros2_ws/src/py_trees_ros' returned '0': PYTHONPATH=/home/parallels/ros2_ws/build/py_trees_ros/prefix_override:/home/parallels/ros2_ws/install/py_trees_ros/lib/python3.10/site-packages:${PYTHONPATH} /usr/bin/python3 setup.py egg_info --egg-base ../../build/py_trees_ros build --build-base /home/parallels/ros2_ws/build/py_trees_ros/build install --record /home/parallels/ros2_ws/build/py_trees_ros/install.log --single-version-externally-managed
