[0.185s] Invoking command in '/home/bhanu/ros2_cpp/build/ros2_cpp_pkg': CMAKE_PREFIX_PATH=${CMAKE_PREFIX_PATH}:/home/bhanu/ros2_ws/install/my_robot_controller:/opt/ros/humble /usr/bin/cmake --build /home/bhanu/ros2_cpp/build/ros2_cpp_pkg -- -j4 -l4
[0.283s] [35m[1mConsolidate compiler generated dependencies of target ros2_cpp_code[0m
[0.320s] [ 25%] [32mBuilding CXX object CMakeFiles/ros2_cpp_code.dir/src/ros2_cpp_code.cpp.o[0m
[0.333s] [ 75%] Built target draw_circle
[4.263s] [100%] [32m[1mLinking CXX executable ros2_cpp_code[0m
[4.699s] [100%] Built target ros2_cpp_code
[4.726s] Invoked command in '/home/bhanu/ros2_cpp/build/ros2_cpp_pkg' returned '0': CMAKE_PREFIX_PATH=${CMAKE_PREFIX_PATH}:/home/bhanu/ros2_ws/install/my_robot_controller:/opt/ros/humble /usr/bin/cmake --build /home/bhanu/ros2_cpp/build/ros2_cpp_pkg -- -j4 -l4
[4.820s] Invoking command in '/home/bhanu/ros2_cpp/build/ros2_cpp_pkg': CMAKE_PREFIX_PATH=${CMAKE_PREFIX_PATH}:/home/bhanu/ros2_ws/install/my_robot_controller:/opt/ros/humble /usr/bin/cmake --install /home/bhanu/ros2_cpp/build/ros2_cpp_pkg
[4.832s] -- Install configuration: ""
[4.834s] -- Execute custom install script
[4.837s] -- Up-to-date symlink: /home/bhanu/ros2_cpp/install/ros2_cpp_pkg/lib/ros2_cpp_pkg/ros2_cpp_code
[4.837s] -- Up-to-date symlink: /home/bhanu/ros2_cpp/install/ros2_cpp_pkg/lib/ros2_cpp_pkg/draw_circle
[4.838s] -- Up-to-date symlink: /home/bhanu/ros2_cpp/install/ros2_cpp_pkg/share/ament_index/resource_index/package_run_dependencies/ros2_cpp_pkg
[4.839s] -- Up-to-date symlink: /home/bhanu/ros2_cpp/install/ros2_cpp_pkg/share/ament_index/resource_index/parent_prefix_path/ros2_cpp_pkg
[4.839s] -- Up-to-date symlink: /home/bhanu/ros2_cpp/install/ros2_cpp_pkg/share/ros2_cpp_pkg/environment/ament_prefix_path.sh
[4.839s] -- Up-to-date symlink: /home/bhanu/ros2_cpp/install/ros2_cpp_pkg/share/ros2_cpp_pkg/environment/ament_prefix_path.dsv
[4.840s] -- Up-to-date symlink: /home/bhanu/ros2_cpp/install/ros2_cpp_pkg/share/ros2_cpp_pkg/environment/path.sh
[4.840s] -- Up-to-date symlink: /home/bhanu/ros2_cpp/install/ros2_cpp_pkg/share/ros2_cpp_pkg/environment/path.dsv
[4.840s] -- Up-to-date symlink: /home/bhanu/ros2_cpp/install/ros2_cpp_pkg/share/ros2_cpp_pkg/local_setup.bash
[4.840s] -- Up-to-date symlink: /home/bhanu/ros2_cpp/install/ros2_cpp_pkg/share/ros2_cpp_pkg/local_setup.sh
[4.841s] -- Up-to-date symlink: /home/bhanu/ros2_cpp/install/ros2_cpp_pkg/share/ros2_cpp_pkg/local_setup.zsh
[4.841s] -- Up-to-date symlink: /home/bhanu/ros2_cpp/install/ros2_cpp_pkg/share/ros2_cpp_pkg/local_setup.dsv
[4.841s] -- Symlinking: /home/bhanu/ros2_cpp/install/ros2_cpp_pkg/share/ros2_cpp_pkg/package.dsv
[4.863s] -- Up-to-date symlink: /home/bhanu/ros2_cpp/install/ros2_cpp_pkg/share/ament_index/resource_index/packages/ros2_cpp_pkg
[4.863s] -- Up-to-date symlink: /home/bhanu/ros2_cpp/install/ros2_cpp_pkg/share/ros2_cpp_pkg/cmake/ros2_cpp_pkgConfig.cmake
[4.863s] -- Up-to-date symlink: /home/bhanu/ros2_cpp/install/ros2_cpp_pkg/share/ros2_cpp_pkg/cmake/ros2_cpp_pkgConfig-version.cmake
[4.863s] -- Up-to-date symlink: /home/bhanu/ros2_cpp/install/ros2_cpp_pkg/share/ros2_cpp_pkg/package.xml
[4.882s] Invoked command in '/home/bhanu/ros2_cpp/build/ros2_cpp_pkg' returned '0': CMAKE_PREFIX_PATH=${CMAKE_PREFIX_PATH}:/home/bhanu/ros2_ws/install/my_robot_controller:/opt/ros/humble /usr/bin/cmake --install /home/bhanu/ros2_cpp/build/ros2_cpp_pkg
