[1.049s] Invoking command in '/home/parallels/ros2_ws/src/my_robot_controller': PYTHONPATH=/home/parallels/ros2_ws/build/my_robot_controller/prefix_override:/home/parallels/ros2_ws/install/my_robot_controller/lib/python3.10/site-packages:${PYTHONPATH} /usr/bin/python3 setup.py egg_info --egg-base ../../build/my_robot_controller build --build-base /home/parallels/ros2_ws/build/my_robot_controller/build install --record /home/parallels/ros2_ws/build/my_robot_controller/install.log --single-version-externally-managed
[1.300s] running egg_info
[1.301s] writing ../../build/my_robot_controller/my_robot_controller.egg-info/PKG-INFO
[1.302s] writing dependency_links to ../../build/my_robot_controller/my_robot_controller.egg-info/dependency_links.txt
[1.302s] writing entry points to ../../build/my_robot_controller/my_robot_controller.egg-info/entry_points.txt
[1.303s] writing requirements to ../../build/my_robot_controller/my_robot_controller.egg-info/requires.txt
[1.303s] writing top-level names to ../../build/my_robot_controller/my_robot_controller.egg-info/top_level.txt
[1.305s] reading manifest file '../../build/my_robot_controller/my_robot_controller.egg-info/SOURCES.txt'
[1.306s] writing manifest file '../../build/my_robot_controller/my_robot_controller.egg-info/SOURCES.txt'
[1.306s] running build
[1.306s] running build_py
[1.307s] copying my_robot_controller/automate_turtle.py -> /home/parallels/ros2_ws/build/my_robot_controller/build/lib/my_robot_controller
[1.307s] running install
[1.308s] running install_lib
[1.309s] copying /home/parallels/ros2_ws/build/my_robot_controller/build/lib/my_robot_controller/automate_turtle.py -> /home/parallels/ros2_ws/install/my_robot_controller/lib/python3.10/site-packages/my_robot_controller
[1.310s] byte-compiling /home/parallels/ros2_ws/install/my_robot_controller/lib/python3.10/site-packages/my_robot_controller/automate_turtle.py to automate_turtle.cpython-310.pyc
[1.310s] running install_data
[1.311s] running install_egg_info
[1.313s] removing '/home/parallels/ros2_ws/install/my_robot_controller/lib/python3.10/site-packages/my_robot_controller-0.0.0-py3.10.egg-info' (and everything under it)
[1.315s] Copying ../../build/my_robot_controller/my_robot_controller.egg-info to /home/parallels/ros2_ws/install/my_robot_controller/lib/python3.10/site-packages/my_robot_controller-0.0.0-py3.10.egg-info
[1.319s] running install_scripts
[1.340s] writing list of installed files to '/home/parallels/ros2_ws/build/my_robot_controller/install.log'
[1.372s] Invoked command in '/home/parallels/ros2_ws/src/my_robot_controller' returned '0': PYTHONPATH=/home/parallels/ros2_ws/build/my_robot_controller/prefix_override:/home/parallels/ros2_ws/install/my_robot_controller/lib/python3.10/site-packages:${PYTHONPATH} /usr/bin/python3 setup.py egg_info --egg-base ../../build/my_robot_controller build --build-base /home/parallels/ros2_ws/build/my_robot_controller/build install --record /home/parallels/ros2_ws/build/my_robot_controller/install.log --single-version-externally-managed
