[0.813s] Invoking command in '/home/bhanu/ros2_ws/build/my_robot_controller': PYTHONPATH=/home/bhanu/ros2_ws/build/my_robot_controller/prefix_override:/home/bhanu/ros2_ws/install/my_robot_controller/lib/python3.10/site-packages:${PYTHONPATH} /usr/bin/python3 setup.py develop --editable --build-directory /home/bhanu/ros2_ws/build/my_robot_controller/build --no-deps install_data
[1.076s] running develop
[1.237s] running egg_info
[1.237s] writing my_robot_controller.egg-info/PKG-INFO
[1.237s] writing dependency_links to my_robot_controller.egg-info/dependency_links.txt
[1.237s] writing entry points to my_robot_controller.egg-info/entry_points.txt
[1.237s] writing requirements to my_robot_controller.egg-info/requires.txt
[1.238s] writing top-level names to my_robot_controller.egg-info/top_level.txt
[1.239s] reading manifest file 'my_robot_controller.egg-info/SOURCES.txt'
[1.240s] writing manifest file 'my_robot_controller.egg-info/SOURCES.txt'
[1.242s] running build_ext
[1.242s] Creating /home/bhanu/ros2_ws/install/my_robot_controller/lib/python3.10/site-packages/my-robot-controller.egg-link (link to .)
[1.243s] Installing controller script to /home/bhanu/ros2_ws/install/my_robot_controller/lib/my_robot_controller
[1.243s] Installing draw_circle script to /home/bhanu/ros2_ws/install/my_robot_controller/lib/my_robot_controller
[1.243s] Installing pose_subscriber = my_robot_controller.pose_subscriber:mainturtle_controller script to /home/bhanu/ros2_ws/install/my_robot_controller/lib/my_robot_controller
[1.243s] Installing test_node script to /home/bhanu/ros2_ws/install/my_robot_controller/lib/my_robot_controller
[1.243s] 
[1.243s] Installed /home/bhanu/ros2_ws/build/my_robot_controller
[1.243s] running install_data
[1.278s] Invoked command in '/home/bhanu/ros2_ws/build/my_robot_controller' returned '0': PYTHONPATH=/home/bhanu/ros2_ws/build/my_robot_controller/prefix_override:/home/bhanu/ros2_ws/install/my_robot_controller/lib/python3.10/site-packages:${PYTHONPATH} /usr/bin/python3 setup.py develop --editable --build-directory /home/bhanu/ros2_ws/build/my_robot_controller/build --no-deps install_data
