In file included from [01m[K/usr/include/c++/11/bits/locale_conv.h:41[m[K,
                 from [01m[K/usr/include/c++/11/locale:43[m[K,
                 from [01m[K/usr/include/c++/11/bits/fs_path.h:37[m[K,
                 from [01m[K/usr/include/c++/11/filesystem:45[m[K,
                 from [01m[K/usr/local/include/behaviortree_cpp/bt_factory.h:19[m[K,
                 from [01m[K/home/bhanu/ros2_cpp/src/ros2_cpp_pkg/src/ros2_cpp_code.cpp:1[m[K:
/usr/include/c++/11/bits/unique_ptr.h: In instantiation of ‘[01m[Ktypename std::_MakeUniq<_Tp>::__single_object std::make_unique(_Args&& ...) [with _Tp = MoveForward; _Args = {const BT::NodeConfig&}; typename std::_MakeUniq<_Tp>::__single_object = std::unique_ptr<MoveForward, std::default_delete<MoveForward> >][m[K’:
[01m[K/home/bhanu/ros2_cpp/src/ros2_cpp_pkg/src/ros2_cpp_code.cpp:53:49:[m[K   required from here
[01m[K/usr/include/c++/11/bits/unique_ptr.h:962:30:[m[K [01;31m[Kerror: [m[Kno matching function for call to ‘[01m[KMoveForward::MoveForward(const BT::NodeConfig&)[m[K’
  962 |     { return unique_ptr<_Tp>([01;31m[Knew _Tp(std::forward<_Args>(__args)...)[m[K); }
      |                              [01;31m[K^~~~~~~~~~~~~~~~~~~~~~~~~~~~~~~~~~~~~~~[m[K
[01m[K/home/bhanu/ros2_cpp/src/ros2_cpp_pkg/src/ros2_cpp_code.cpp:10:5:[m[K [01;36m[Knote: [m[Kcandidate: ‘[01m[KMoveForward::MoveForward(const string&, const NodeConfiguration&)[m[K’
   10 |     [01;36m[KMoveForward[m[K(const std::string& name, const BT::NodeConfiguration& config)
      |     [01;36m[K^~~~~~~~~~~[m[K
[01m[K/home/bhanu/ros2_cpp/src/ros2_cpp_pkg/src/ros2_cpp_code.cpp:10:5:[m[K [01;36m[Knote: [m[K  candidate expects 2 arguments, 1 provided
In file included from [01m[K/home/bhanu/ros2_cpp/src/ros2_cpp_pkg/src/ros2_cpp_code.cpp:1[m[K:
/usr/local/include/behaviortree_cpp/bt_factory.h: In instantiation of ‘[01m[Kvoid BT::BehaviorTreeFactory::registerNodeType(const string&, const PortsList&, ExtraArgs ...) [with T = MoveForward; ExtraArgs = {main()::<lambda(const NodeConfiguration&)>}; std::string = std::__cxx11::basic_string<char>; BT::PortsList = std::unordered_map<std::__cxx11::basic_string<char>, BT::PortInfo>][m[K’:
[01m[K/usr/local/include/behaviortree_cpp/bt_factory.h:379:24:[m[K   required from ‘[01m[Kvoid BT::BehaviorTreeFactory::registerNodeType(const string&, ExtraArgs ...) [with T = MoveForward; ExtraArgs = {main()::<lambda(const NodeConfiguration&)>}; std::string = std::__cxx11::basic_string<char>][m[K’
[01m[K/home/bhanu/ros2_cpp/src/ros2_cpp_pkg/src/ros2_cpp_code.cpp:51:42:[m[K   required from here
[01m[K/usr/local/include/behaviortree_cpp/bt_factory.h:345:41:[m[K [01;31m[Kerror: [m[Kstatic assertion failed: [registerNode]: the registered class must have at least one of these two constructors:
  (const std::string&, const NodeConfig&) or (const std::string&)
Check also if the constructor is public!)
  345 |     static_assert([01;31m[Kdefault_constructable || param_constructable[m[K,
      |                   [01;31m[K~~~~~~~~~~~~~~~~~~~~~~^~~~~~~~~~~~~~~~~~~~~~[m[K
[01m[K/usr/local/include/behaviortree_cpp/bt_factory.h:345:41:[m[K [01;36m[Knote: [m[K‘[01m[K(((bool)default_constructable) || ((bool)param_constructable))[m[K’ evaluates to false
gmake[2]: *** [CMakeFiles/ros2_cpp_code.dir/build.make:76: CMakeFiles/ros2_cpp_code.dir/src/ros2_cpp_code.cpp.o] Error 1
gmake[1]: *** [CMakeFiles/Makefile2:139: CMakeFiles/ros2_cpp_code.dir/all] Error 2
gmake: *** [Makefile:146: all] Error 2
