-- Found ament_cmake: 1.3.6 (/opt/ros/humble/share/ament_cmake/cmake)
-- Override CMake install command with custom implementation using symlinks instead of copying resources
-- Found rclcpp: 16.0.7 (/opt/ros/humble/share/rclcpp/cmake)
-- Found rosidl_generator_c: 3.1.5 (/opt/ros/humble/share/rosidl_generator_c/cmake)
-- Found rosidl_adapter: 3.1.5 (/opt/ros/humble/share/rosidl_adapter/cmake)
-- Found rosidl_generator_cpp: 3.1.5 (/opt/ros/humble/share/rosidl_generator_cpp/cmake)
-- Using all available rosidl_typesupport_c: rosidl_typesupport_fastrtps_c;rosidl_typesupport_introspection_c
-- Using all available rosidl_typesupport_cpp: rosidl_typesupport_fastrtps_cpp;rosidl_typesupport_introspection_cpp
-- Found rmw_implementation_cmake: 6.1.1 (/opt/ros/humble/share/rmw_implementation_cmake/cmake)
-- Found rmw_fastrtps_cpp: 6.2.5 (/opt/ros/humble/share/rmw_fastrtps_cpp/cmake)
-- Using RMW implementation 'rmw_fastrtps_cpp' as default
-- Found geometry_msgs: 4.2.3 (/opt/ros/humble/share/geometry_msgs/cmake)
-- Found turtlesim: 1.4.2 (/opt/ros/humble/share/turtlesim/cmake)
-- Found behaviortree_cpp: 4.4.1 (/usr/local/share/behaviortree_cpp/cmake)
-- Configuring done
-- Generating done
-- Build files have been written to: /home/bhanu/ros2_cpp/build/ros2_cpp_pkg
[35m[1mConsolidate compiler generated dependencies of target draw_circle[0m
[35m[1mConsolidate compiler generated dependencies of target ros2_cpp_code[0m
[ 25%] [32mBuilding CXX object CMakeFiles/ros2_cpp_code.dir/src/ros2_cpp_code.cpp.o[0m
[ 75%] Built target draw_circle
In file included from [01m[K/usr/include/c++/11/bits/locale_conv.h:41[m[K,
                 from [01m[K/usr/include/c++/11/locale:43[m[K,
                 from [01m[K/usr/include/c++/11/bits/fs_path.h:37[m[K,
                 from [01m[K/usr/include/c++/11/filesystem:45[m[K,
                 from [01m[K/usr/local/include/behaviortree_cpp/bt_factory.h:19[m[K,
                 from [01m[K/home/bhanu/ros2_cpp/src/ros2_cpp_pkg/src/ros2_cpp_code.cpp:1[m[K:
/usr/include/c++/11/bits/unique_ptr.h: In instantiation of ‘[01m[Ktypename std::_MakeUniq<_Tp>::__single_object std::make_unique(_Args&& ...) [with _Tp = MoveForward; _Args = {const BT::NodeConfig&}; typename std::_MakeUniq<_Tp>::__single_object = std::unique_ptr<MoveForward, std::default_delete<MoveForward> >][m[K’:
[01m[K/home/bhanu/ros2_cpp/src/ros2_cpp_pkg/src/ros2_cpp_code.cpp:53:49:[m[K   required from here
[01m[K/usr/include/c++/11/bits/unique_ptr.h:962:30:[m[K [01;31m[Kerror: [m[Kno matching function for call to ‘[01m[KMoveForward::MoveForward(const BT::NodeConfig&)[m[K’
  962 |     { return unique_ptr<_Tp>([01;31m[Knew _Tp(std::forward<_Args>(__args)...)[m[K); }
      |                              [01;31m[K^~~~~~~~~~~~~~~~~~~~~~~~~~~~~~~~~~~~~~~[m[K
[01m[K/home/bhanu/ros2_cpp/src/ros2_cpp_pkg/src/ros2_cpp_code.cpp:10:5:[m[K [01;36m[Knote: [m[Kcandidate: ‘[01m[KMoveForward::MoveForward(const string&, const NodeConfiguration&)[m[K’
   10 |     [01;36m[KMoveForward[m[K(const std::string& name, const BT::NodeConfiguration& config)
      |     [01;36m[K^~~~~~~~~~~[m[K
[01m[K/home/bhanu/ros2_cpp/src/ros2_cpp_pkg/src/ros2_cpp_code.cpp:10:5:[m[K [01;36m[Knote: [m[K  candidate expects 2 arguments, 1 provided
In file included from [01m[K/home/bhanu/ros2_cpp/src/ros2_cpp_pkg/src/ros2_cpp_code.cpp:1[m[K:
/usr/local/include/behaviortree_cpp/bt_factory.h: In instantiation of ‘[01m[Kvoid BT::BehaviorTreeFactory::registerNodeType(const string&, const PortsList&, ExtraArgs ...) [with T = MoveForward; ExtraArgs = {main()::<lambda(const NodeConfiguration&)>}; std::string = std::__cxx11::basic_string<char>; BT::PortsList = std::unordered_map<std::__cxx11::basic_string<char>, BT::PortInfo>][m[K’:
[01m[K/usr/local/include/behaviortree_cpp/bt_factory.h:379:24:[m[K   required from ‘[01m[Kvoid BT::BehaviorTreeFactory::registerNodeType(const string&, ExtraArgs ...) [with T = MoveForward; ExtraArgs = {main()::<lambda(const NodeConfiguration&)>}; std::string = std::__cxx11::basic_string<char>][m[K’
[01m[K/home/bhanu/ros2_cpp/src/ros2_cpp_pkg/src/ros2_cpp_code.cpp:51:42:[m[K   required from here
[01m[K/usr/local/include/behaviortree_cpp/bt_factory.h:345:41:[m[K [01;31m[Kerror: [m[Kstatic assertion failed: [registerNode]: the registered class must have at least one of these two constructors:
  (const std::string&, const NodeConfig&) or (const std::string&)
Check also if the constructor is public!)
  345 |     static_assert([01;31m[Kdefault_constructable || param_constructable[m[K,
      |                   [01;31m[K~~~~~~~~~~~~~~~~~~~~~~^~~~~~~~~~~~~~~~~~~~~~[m[K
[01m[K/usr/local/include/behaviortree_cpp/bt_factory.h:345:41:[m[K [01;36m[Knote: [m[K‘[01m[K(((bool)default_constructable) || ((bool)param_constructable))[m[K’ evaluates to false
gmake[2]: *** [CMakeFiles/ros2_cpp_code.dir/build.make:76: CMakeFiles/ros2_cpp_code.dir/src/ros2_cpp_code.cpp.o] Error 1
gmake[1]: *** [CMakeFiles/Makefile2:139: CMakeFiles/ros2_cpp_code.dir/all] Error 2
gmake: *** [Makefile:146: all] Error 2
