-- Found ament_cmake: 1.3.6 (/opt/ros/humble/share/ament_cmake/cmake)
-- Override CMake install command with custom implementation using symlinks instead of copying resources
-- Found rclcpp: 16.0.7 (/opt/ros/humble/share/rclcpp/cmake)
-- Found rosidl_generator_c: 3.1.5 (/opt/ros/humble/share/rosidl_generator_c/cmake)
-- Found rosidl_adapter: 3.1.5 (/opt/ros/humble/share/rosidl_adapter/cmake)
-- Found rosidl_generator_cpp: 3.1.5 (/opt/ros/humble/share/rosidl_generator_cpp/cmake)
-- Using all available rosidl_typesupport_c: rosidl_typesupport_fastrtps_c;rosidl_typesupport_introspection_c
-- Using all available rosidl_typesupport_cpp: rosidl_typesupport_fastrtps_cpp;rosidl_typesupport_introspection_cpp
-- Found rmw_implementation_cmake: 6.1.1 (/opt/ros/humble/share/rmw_implementation_cmake/cmake)
-- Found rmw_fastrtps_cpp: 6.2.5 (/opt/ros/humble/share/rmw_fastrtps_cpp/cmake)
-- Using RMW implementation 'rmw_fastrtps_cpp' as default
-- Found geometry_msgs: 4.2.3 (/opt/ros/humble/share/geometry_msgs/cmake)
-- Found turtlesim: 1.4.2 (/opt/ros/humble/share/turtlesim/cmake)
[31mCMake Error at CMakeLists.txt:21 (find_package):
  By not providing "Findbehaviortree_cpp_v3.cmake" in CMAKE_MODULE_PATH this
  project has asked CMake to find a package configuration file provided by
  "behaviortree_cpp_v3", but CMake did not find one.

  Could not find a package configuration file provided by
  "behaviortree_cpp_v3" with any of the following names:

    behaviortree_cpp_v3Config.cmake
    behaviortree_cpp_v3-config.cmake

  Add the installation prefix of "behaviortree_cpp_v3" to CMAKE_PREFIX_PATH
  or set "behaviortree_cpp_v3_DIR" to a directory containing one of the above
  files.  If "behaviortree_cpp_v3" provides a separate development package or
  SDK, be sure it has been installed.

[0m
-- Configuring incomplete, errors occurred!
See also "/home/bhanu/ros2_cpp/build/ros2_cpp_pkg/CMakeFiles/CMakeOutput.log".
gmake: *** [Makefile:308: cmake_check_build_system] Error 1
