[1.131s] Invoking command in '/home/parallels/ros2_ws/src/my_robot_controller': PYTHONPATH=/home/parallels/ros2_ws/build/my_robot_controller/prefix_override:/home/parallels/ros2_ws/install/my_robot_controller/lib/python3.10/site-packages:${PYTHONPATH} /usr/bin/python3 setup.py egg_info --egg-base ../../build/my_robot_controller build --build-base /home/parallels/ros2_ws/build/my_robot_controller/build install --record /home/parallels/ros2_ws/build/my_robot_controller/install.log --single-version-externally-managed
[1.433s] running egg_info
[1.434s] writing ../../build/my_robot_controller/my_robot_controller.egg-info/PKG-INFO
[1.435s] writing dependency_links to ../../build/my_robot_controller/my_robot_controller.egg-info/dependency_links.txt
[1.435s] writing entry points to ../../build/my_robot_controller/my_robot_controller.egg-info/entry_points.txt
[1.436s] writing requirements to ../../build/my_robot_controller/my_robot_controller.egg-info/requires.txt
[1.436s] writing top-level names to ../../build/my_robot_controller/my_robot_controller.egg-info/top_level.txt
[1.443s] reading manifest file '../../build/my_robot_controller/my_robot_controller.egg-info/SOURCES.txt'
[1.444s] writing manifest file '../../build/my_robot_controller/my_robot_controller.egg-info/SOURCES.txt'
[1.445s] running build
[1.445s] running build_py
[1.446s] copying my_robot_controller/complex_turtle.py -> /home/parallels/ros2_ws/build/my_robot_controller/build/lib/my_robot_controller
[1.447s] running install
[1.447s] running install_lib
[1.449s] copying /home/parallels/ros2_ws/build/my_robot_controller/build/lib/my_robot_controller/complex_turtle.py -> /home/parallels/ros2_ws/install/my_robot_controller/lib/python3.10/site-packages/my_robot_controller
[1.450s] byte-compiling /home/parallels/ros2_ws/install/my_robot_controller/lib/python3.10/site-packages/my_robot_controller/complex_turtle.py to complex_turtle.cpython-310.pyc
[1.451s] running install_data
[1.452s] running install_egg_info
[1.458s] removing '/home/parallels/ros2_ws/install/my_robot_controller/lib/python3.10/site-packages/my_robot_controller-0.0.0-py3.10.egg-info' (and everything under it)
[1.471s] Copying ../../build/my_robot_controller/my_robot_controller.egg-info to /home/parallels/ros2_ws/install/my_robot_controller/lib/python3.10/site-packages/my_robot_controller-0.0.0-py3.10.egg-info
[1.471s] running install_scripts
[1.517s] Installing automate_turtle script to /home/parallels/ros2_ws/install/my_robot_controller/lib/my_robot_controller
[1.518s] Installing complex_turtle script to /home/parallels/ros2_ws/install/my_robot_controller/lib/my_robot_controller
[1.518s] writing list of installed files to '/home/parallels/ros2_ws/build/my_robot_controller/install.log'
[1.582s] Invoked command in '/home/parallels/ros2_ws/src/my_robot_controller' returned '0': PYTHONPATH=/home/parallels/ros2_ws/build/my_robot_controller/prefix_override:/home/parallels/ros2_ws/install/my_robot_controller/lib/python3.10/site-packages:${PYTHONPATH} /usr/bin/python3 setup.py egg_info --egg-base ../../build/my_robot_controller build --build-base /home/parallels/ros2_ws/build/my_robot_controller/build install --record /home/parallels/ros2_ws/build/my_robot_controller/install.log --single-version-externally-managed
